2025-10-29T17:32:31.027249Z DEBUG arx: arx/src/main.rs:53: Checking Solana is up and running
2025-10-29T17:32:31.150575Z  INFO arx: arx/src/main.rs:58: Running ARX
2025-10-29T17:32:31.150812Z DEBUG arx: arx/src/main.rs:60: Reading node keypair, callback authority keypair, and identity files from env
2025-10-29T17:32:31.151105Z DEBUG arx: arx/src/main.rs:68: Reading node keypair, callback authority keypair, and identity files
2025-10-29T17:32:31.161708Z DEBUG arx: arx/src/main.rs:78: Installing AWS LC crypto provider
2025-10-29T17:32:31.161834Z  INFO arx: arx/src/main.rs:83: Creating ARX coordinator
2025-10-29T17:32:31.296260Z  INFO arx::units::cache_unit: arx/src/units/cache_unit.rs:88: Cache unit started
2025-10-29T17:32:31.297132Z  INFO arx::units::circuit_unit: arx/src/units/circuit_unit.rs:107: Circuit unit started
2025-10-29T17:32:31.298753Z  INFO arx::units::cluster_unit: arx/src/units/cluster_unit.rs:66: Cluster unit started
2025-10-29T17:32:31.299021Z DEBUG arx::units::cluster_unit: arx/src/units/cluster_unit.rs:68: Running pub/sub for arx node account
2025-10-29T17:32:31.300081Z  INFO arx::units::computation_transaction_unit: arx/src/units/computation_transaction_unit.rs:89: Computation transaction unit started
2025-10-29T17:32:31.301444Z  INFO arx::units::execpool_unit: arx/src/units/execpool_unit.rs:80: Execpool unit started
2025-10-29T17:32:31.301501Z DEBUG arx::units::execpool_unit: arx/src/units/execpool_unit.rs:82: Running pub/sub for mempools accounts
2025-10-29T17:32:31.302389Z DEBUG arx::units::cluster_unit: arx/src/units/cluster_unit.rs:78: Subscribing to arx node account
2025-10-29T17:32:31.302600Z  INFO arx::units::computation_unit: arx/src/units/computation_unit.rs:74: Inputs unit started
2025-10-29T17:32:31.303806Z  INFO arx::units::mempool_unit: arx/src/units/mempool_unit.rs:77: Mempool unit started
2025-10-29T17:32:31.303838Z DEBUG arx::units::mempool_unit: arx/src/units/mempool_unit.rs:79: Running pub/sub for mempools accounts
2025-10-29T17:32:31.305872Z  INFO arx::units::mxe_unit: arx/src/units/mxe_unit.rs:75: MXE unit started
2025-10-29T17:32:31.306595Z  INFO arx::units::node_transaction_unit: arx/src/units/node_transaction_unit.rs:65: Node transaction unit started
2025-10-29T17:32:31.306674Z  INFO arx::units::node_transaction_unit: arx/src/units/node_transaction_unit.rs:67: Activating node
2025-10-29T17:32:31.306816Z DEBUG arx::units::mxe_unit: arx/src/units/mxe_unit.rs:77: Running pub/sub for clusters accounts
2025-10-29T17:32:31.308565Z  INFO arx::units::online_phase_unit: arx/src/units/online_phase_unit.rs:152: Online phase unit started
2025-10-29T17:32:31.309653Z  INFO arx: arx/src/main.rs:93: Coordinator created successfully
2025-10-29T17:32:31.309402Z  INFO arx::units::peers_unit: arx/src/units/peers_unit.rs:76: Peers unit started
2025-10-29T17:32:31.309732Z  INFO arx::units::state_unit: arx/src/units/state_unit.rs:109: State unit started
2025-10-29T17:32:31.310550Z  INFO arx: arx/src/main.rs:102: Starting ARX coordinator
2025-10-29T17:32:31.310841Z  INFO arx::program: arx/src/program.rs:242: Pub/sub client started
2025-10-29T17:32:31.311262Z  INFO arx::program: arx/src/program.rs:244: Connecting initial pub/sub
2025-10-29T17:32:31.313230Z  INFO arx: arx/src/main.rs:105: Waiting for Ctrl+C
2025-10-29T17:32:31.313412Z  INFO arx::program: arx/src/program.rs:242: Pub/sub client started
2025-10-29T17:32:31.313446Z  INFO arx::program: arx/src/program.rs:244: Connecting initial pub/sub
2025-10-29T17:32:31.314397Z  INFO arx::coordinator: arx/src/coordinator.rs:198: Coordinator started
2025-10-29T17:32:31.315149Z  INFO arx::program: arx/src/program.rs:242: Pub/sub client started
2025-10-29T17:32:31.315179Z  INFO arx::program: arx/src/program.rs:244: Connecting initial pub/sub
2025-10-29T17:32:31.317181Z  INFO arx::program: arx/src/program.rs:242: Pub/sub client started
2025-10-29T17:32:31.317217Z  INFO arx::program: arx/src/program.rs:244: Connecting initial pub/sub
2025-10-29T17:32:31.332922Z  WARN arx::program: arx/src/program.rs:144: Attempt 1/5: Failed to fetch account ELoRR19zrps1G3UYKcAxr7LKbw3kbqkVUXVY9dETMWN7: Account not found
2025-10-29T17:32:31.341223Z  INFO arx::program: arx/src/program.rs:267: Fetching initial state for account: ELoRR19zrps1G3UYKcAxr7LKbw3kbqkVUXVY9dETMWN7
2025-10-29T17:32:31.343754Z  WARN arx::program: arx/src/program.rs:144: Attempt 1/5: Failed to fetch account ELoRR19zrps1G3UYKcAxr7LKbw3kbqkVUXVY9dETMWN7: Account not found
2025-10-29T17:32:32.345801Z  WARN arx::program: arx/src/program.rs:144: Attempt 2/5: Failed to fetch account ELoRR19zrps1G3UYKcAxr7LKbw3kbqkVUXVY9dETMWN7: Account not found
2025-10-29T17:32:32.346389Z  WARN arx::program: arx/src/program.rs:144: Attempt 2/5: Failed to fetch account ELoRR19zrps1G3UYKcAxr7LKbw3kbqkVUXVY9dETMWN7: Account not found
2025-10-29T17:32:34.354184Z  WARN arx::program: arx/src/program.rs:144: Attempt 3/5: Failed to fetch account ELoRR19zrps1G3UYKcAxr7LKbw3kbqkVUXVY9dETMWN7: Account not found
2025-10-29T17:32:34.354568Z  WARN arx::program: arx/src/program.rs:144: Attempt 3/5: Failed to fetch account ELoRR19zrps1G3UYKcAxr7LKbw3kbqkVUXVY9dETMWN7: Account not found
2025-10-29T17:32:38.372549Z  WARN arx::program: arx/src/program.rs:144: Attempt 4/5: Failed to fetch account ELoRR19zrps1G3UYKcAxr7LKbw3kbqkVUXVY9dETMWN7: AccountNotFound: pubkey=ELoRR19zrps1G3UYKcAxr7LKbw3kbqkVUXVY9dETMWN7: error sending request for url (http://host.docker.internal:8899/): error trying to connect: tcp connect error: Connection refused (os error 111)
2025-10-29T17:32:38.372640Z  WARN arx::program: arx/src/program.rs:144: Attempt 4/5: Failed to fetch account ELoRR19zrps1G3UYKcAxr7LKbw3kbqkVUXVY9dETMWN7: AccountNotFound: pubkey=ELoRR19zrps1G3UYKcAxr7LKbw3kbqkVUXVY9dETMWN7: error sending request for url (http://host.docker.internal:8899/): error trying to connect: tcp connect error: Connection refused (os error 111)
2025-10-29T17:32:46.399536Z  WARN arx::program: arx/src/program.rs:144: Attempt 5/5: Failed to fetch account ELoRR19zrps1G3UYKcAxr7LKbw3kbqkVUXVY9dETMWN7: Account not found
2025-10-29T17:32:46.399536Z  WARN arx::program: arx/src/program.rs:144: Attempt 5/5: Failed to fetch account ELoRR19zrps1G3UYKcAxr7LKbw3kbqkVUXVY9dETMWN7: Account not found
2025-10-29T17:32:46.401639Z ERROR arx::program: arx/src/program.rs:276: Failed to fetch initial state for account ELoRR19zrps1G3UYKcAxr7LKbw3kbqkVUXVY9dETMWN7: RPC error: Attempt 5/5: Failed to fetch account ELoRR19zrps1G3UYKcAxr7LKbw3kbqkVUXVY9dETMWN7: Account not found
2025-10-29T17:32:46.402350Z  INFO arx::program: arx/src/program.rs:279: Subscribing to account: ELoRR19zrps1G3UYKcAxr7LKbw3kbqkVUXVY9dETMWN7
2025-10-29T17:32:46.402383Z  WARN arx::units::node_transaction_unit: arx/src/units/node_transaction_unit.rs:68: Attempt 1/5: RPC error while calling self.activate_node(): RPC error: Attempt 5/5: Failed to fetch account ELoRR19zrps1G3UYKcAxr7LKbw3kbqkVUXVY9dETMWN7: Account not found
2025-10-29T17:32:46.404132Z  WARN arx::program: arx/src/program.rs:412: Attempt 1/5: Failed to subscribe to account ELoRR19zrps1G3UYKcAxr7LKbw3kbqkVUXVY9dETMWN7: connection closed ((channel closed)
2025-10-29T17:32:47.405672Z  WARN arx::program: arx/src/program.rs:412: Attempt 2/5: Failed to subscribe to account ELoRR19zrps1G3UYKcAxr7LKbw3kbqkVUXVY9dETMWN7: connection closed ((channel closed)
2025-10-29T17:32:47.406884Z  WARN arx::program: arx/src/program.rs:144: Attempt 1/5: Failed to fetch account ELoRR19zrps1G3UYKcAxr7LKbw3kbqkVUXVY9dETMWN7: Account not found
2025-10-29T17:32:48.411690Z  WARN arx::program: arx/src/program.rs:144: Attempt 2/5: Failed to fetch account ELoRR19zrps1G3UYKcAxr7LKbw3kbqkVUXVY9dETMWN7: Account not found
2025-10-29T17:32:49.407341Z  WARN arx::program: arx/src/program.rs:412: Attempt 3/5: Failed to subscribe to account ELoRR19zrps1G3UYKcAxr7LKbw3kbqkVUXVY9dETMWN7: connection closed ((channel closed)
2025-10-29T17:32:50.417478Z  WARN arx::program: arx/src/program.rs:144: Attempt 3/5: Failed to fetch account ELoRR19zrps1G3UYKcAxr7LKbw3kbqkVUXVY9dETMWN7: Account not found
2025-10-29T17:32:53.414662Z  WARN arx::program: arx/src/program.rs:412: Attempt 4/5: Failed to subscribe to account ELoRR19zrps1G3UYKcAxr7LKbw3kbqkVUXVY9dETMWN7: connection closed ((channel closed)
2025-10-29T17:32:54.423308Z  WARN arx::program: arx/src/program.rs:144: Attempt 4/5: Failed to fetch account ELoRR19zrps1G3UYKcAxr7LKbw3kbqkVUXVY9dETMWN7: Account not found
2025-10-29T17:33:01.425636Z  WARN arx::program: arx/src/program.rs:412: Attempt 5/5: Failed to subscribe to account ELoRR19zrps1G3UYKcAxr7LKbw3kbqkVUXVY9dETMWN7: connection closed ((channel closed)
2025-10-29T17:33:01.426689Z ERROR arx::program: arx/src/program.rs:286: Failed to subscribe to account ELoRR19zrps1G3UYKcAxr7LKbw3kbqkVUXVY9dETMWN7: RPC error: Failed to subscribe to account ELoRR19zrps1G3UYKcAxr7LKbw3kbqkVUXVY9dETMWN7: connection closed ((channel closed)
2025-10-29T17:33:02.430052Z  WARN arx::program: arx/src/program.rs:144: Attempt 5/5: Failed to fetch account ELoRR19zrps1G3UYKcAxr7LKbw3kbqkVUXVY9dETMWN7: Account not found
2025-10-29T17:33:02.430320Z  WARN arx::units::node_transaction_unit: arx/src/units/node_transaction_unit.rs:68: Attempt 2/5: RPC error while calling self.activate_node(): RPC error: Attempt 5/5: Failed to fetch account ELoRR19zrps1G3UYKcAxr7LKbw3kbqkVUXVY9dETMWN7: Account not found
2025-10-29T17:33:04.439436Z  WARN arx::program: arx/src/program.rs:144: Attempt 1/5: Failed to fetch account ELoRR19zrps1G3UYKcAxr7LKbw3kbqkVUXVY9dETMWN7: Account not found
2025-10-29T17:33:05.447671Z  WARN arx::program: arx/src/program.rs:144: Attempt 2/5: Failed to fetch account ELoRR19zrps1G3UYKcAxr7LKbw3kbqkVUXVY9dETMWN7: Account not found
2025-10-29T17:33:07.452952Z  WARN arx::program: arx/src/program.rs:144: Attempt 3/5: Failed to fetch account ELoRR19zrps1G3UYKcAxr7LKbw3kbqkVUXVY9dETMWN7: Account not found
2025-10-29T17:33:11.469180Z  WARN arx::program: arx/src/program.rs:144: Attempt 4/5: Failed to fetch account ELoRR19zrps1G3UYKcAxr7LKbw3kbqkVUXVY9dETMWN7: Account not found
2025-10-29T17:33:19.486575Z  WARN arx::program: arx/src/program.rs:144: Attempt 5/5: Failed to fetch account ELoRR19zrps1G3UYKcAxr7LKbw3kbqkVUXVY9dETMWN7: Account not found
2025-10-29T17:33:19.487633Z  WARN arx::units::node_transaction_unit: arx/src/units/node_transaction_unit.rs:68: Attempt 3/5: RPC error while calling self.activate_node(): RPC error: Attempt 5/5: Failed to fetch account ELoRR19zrps1G3UYKcAxr7LKbw3kbqkVUXVY9dETMWN7: Account not found
2025-10-29T17:33:23.496144Z  WARN arx::program: arx/src/program.rs:144: Attempt 1/5: Failed to fetch account ELoRR19zrps1G3UYKcAxr7LKbw3kbqkVUXVY9dETMWN7: Account not found
2025-10-29T17:33:24.502327Z  WARN arx::program: arx/src/program.rs:144: Attempt 2/5: Failed to fetch account ELoRR19zrps1G3UYKcAxr7LKbw3kbqkVUXVY9dETMWN7: Account not found
2025-10-29T17:33:26.509241Z  WARN arx::program: arx/src/program.rs:144: Attempt 3/5: Failed to fetch account ELoRR19zrps1G3UYKcAxr7LKbw3kbqkVUXVY9dETMWN7: Account not found
2025-10-29T17:33:30.515245Z  WARN arx::program: arx/src/program.rs:144: Attempt 4/5: Failed to fetch account ELoRR19zrps1G3UYKcAxr7LKbw3kbqkVUXVY9dETMWN7: Account not found
2025-10-29T17:33:38.524337Z  WARN arx::program: arx/src/program.rs:144: Attempt 5/5: Failed to fetch account ELoRR19zrps1G3UYKcAxr7LKbw3kbqkVUXVY9dETMWN7: Account not found
2025-10-29T17:33:38.526697Z  WARN arx::units::node_transaction_unit: arx/src/units/node_transaction_unit.rs:68: Attempt 4/5: RPC error while calling self.activate_node(): RPC error: Attempt 5/5: Failed to fetch account ELoRR19zrps1G3UYKcAxr7LKbw3kbqkVUXVY9dETMWN7: Account not found
2025-10-29T17:33:46.649931Z  WARN arx::program: arx/src/program.rs:144: Attempt 1/5: Failed to fetch account ELoRR19zrps1G3UYKcAxr7LKbw3kbqkVUXVY9dETMWN7: Account not found
2025-10-29T17:33:47.653728Z  WARN arx::program: arx/src/program.rs:144: Attempt 2/5: Failed to fetch account ELoRR19zrps1G3UYKcAxr7LKbw3kbqkVUXVY9dETMWN7: Account not found
2025-10-29T17:33:49.659154Z  WARN arx::program: arx/src/program.rs:144: Attempt 3/5: Failed to fetch account ELoRR19zrps1G3UYKcAxr7LKbw3kbqkVUXVY9dETMWN7: Account not found
2025-10-29T17:33:53.664361Z  WARN arx::program: arx/src/program.rs:144: Attempt 4/5: Failed to fetch account ELoRR19zrps1G3UYKcAxr7LKbw3kbqkVUXVY9dETMWN7: Account not found
2025-10-29T17:34:01.670706Z  WARN arx::program: arx/src/program.rs:144: Attempt 5/5: Failed to fetch account ELoRR19zrps1G3UYKcAxr7LKbw3kbqkVUXVY9dETMWN7: Account not found
2025-10-29T17:34:01.671194Z  WARN arx::units::node_transaction_unit: arx/src/units/node_transaction_unit.rs:68: Attempt 5/5: RPC error while calling self.activate_node(): RPC error: Attempt 5/5: Failed to fetch account ELoRR19zrps1G3UYKcAxr7LKbw3kbqkVUXVY9dETMWN7: Account not found
2025-10-29T17:34:01.672072Z ERROR arx::units::node_transaction_unit: arx/src/units/node_transaction_unit.rs:73: Failed to activate node: RPC error: Attempt 5/5: RPC error: Attempt 5/5: Failed to fetch account ELoRR19zrps1G3UYKcAxr7LKbw3kbqkVUXVY9dETMWN7: Account not found, shutting down
2025-10-29T17:34:01.673372Z ERROR arx::coordinator: arx/src/coordinator.rs:208: Activation unit channel dropped without activation
2025-10-29T17:34:01.673663Z  INFO arx::coordinator: arx/src/coordinator.rs:437: Coordinator stopped
2025-10-29T17:34:01.677442Z  INFO arx::units::cache_unit: arx/src/units/cache_unit.rs:94: Coordinator channel closed, shutting down
2025-10-29T17:34:01.677650Z  INFO arx::units::cache_unit: arx/src/units/cache_unit.rs:138: Cache unit stopped
2025-10-29T17:34:01.678726Z  INFO arx::units::circuit_unit: arx/src/units/circuit_unit.rs:113: Coordinator channel closed, shutting down
2025-10-29T17:34:01.679207Z  INFO arx::units::circuit_unit: arx/src/units/circuit_unit.rs:139: Circuit unit stopped
2025-10-29T17:34:01.680382Z  INFO arx: arx/src/main.rs:112: Shutdown channel closed, initiating shutdown
2025-10-29T17:34:01.680731Z  INFO arx::units::cluster_unit: arx/src/units/cluster_unit.rs:91: Coordinator channel closed, shutting down
2025-10-29T17:34:01.681938Z  INFO arx::units::cluster_unit: arx/src/units/cluster_unit.rs:121: Cluster unit stopped
2025-10-29T17:34:01.682663Z  INFO arx::units::computation_transaction_unit: arx/src/units/computation_transaction_unit.rs:95: Coordinator channel closed, shutting down
2025-10-29T17:34:01.682777Z  INFO arx::units::computation_transaction_unit: arx/src/units/computation_transaction_unit.rs:132: Computations transaction unit stopped
2025-10-29T17:34:01.683192Z  INFO arx::units::execpool_unit: arx/src/units/execpool_unit.rs:96: Coordinator channel closed, shutting down
2025-10-29T17:34:01.683338Z  INFO arx::units::execpool_unit: arx/src/units/execpool_unit.rs:164: Execpool unit stopped
2025-10-29T17:34:01.683953Z  INFO arx::units::computation_unit: arx/src/units/computation_unit.rs:80: Coordinator channel closed, shutting down
2025-10-29T17:34:01.684417Z  INFO arx::units::computation_unit: arx/src/units/computation_unit.rs:153: Computation unit stopped
2025-10-29T17:34:01.684815Z  INFO arx::units::mempool_unit: arx/src/units/mempool_unit.rs:93: Coordinator channel closed, shutting down
2025-10-29T17:34:01.684972Z  INFO arx::units::mempool_unit: arx/src/units/mempool_unit.rs:155: Mempool unit stopped
2025-10-29T17:34:01.685822Z  INFO arx::units::mxe_unit: arx/src/units/mxe_unit.rs:91: Coordinator channel closed, shutting down
2025-10-29T17:34:01.686850Z  INFO arx::units::mxe_unit: arx/src/units/mxe_unit.rs:149: MXE unit stopped
2025-10-29T17:34:01.688452Z  INFO arx::units::state_unit: arx/src/units/state_unit.rs:115: Coordinator channel closed, shutting down
2025-10-29T17:34:01.688663Z  INFO arx::units::state_unit: arx/src/units/state_unit.rs:149: State unit stopped
2025-10-29T17:34:01.688594Z  INFO arx::program: arx/src/program.rs:260: T channel closed, shutting down pub/sub
2025-10-29T17:34:01.689207Z  INFO arx: arx/src/main.rs:117: Coordinator completed successfully
2025-10-29T17:34:01.689424Z  INFO arx::program: arx/src/program.rs:260: T channel closed, shutting down pub/sub
2025-10-29T17:34:01.689459Z  INFO arx::program: arx/src/program.rs:365: Pub/sub client stopped
2025-10-29T17:34:01.690828Z  INFO arx::program: arx/src/program.rs:365: Pub/sub client stopped
2025-10-29T17:34:01.692598Z  INFO arx::units::online_phase_unit: arx/src/units/online_phase_unit.rs:158: Coordinator channel closed, shutting down
2025-10-29T17:34:01.692636Z  INFO arx::units::peers_unit: arx/src/units/peers_unit.rs:82: Coordinator channel closed, shutting down
2025-10-29T17:34:01.693380Z  INFO arx::units::online_phase_unit: arx/src/units/online_phase_unit.rs:300: Waiting for computations to finish...
2025-10-29T17:34:01.693443Z  INFO arx::units::online_phase_unit: arx/src/units/online_phase_unit.rs:307: Online phase unit stopped
2025-10-29T17:34:01.693471Z  INFO arx::units::peers_unit: arx/src/units/peers_unit.rs:105: Peers unit stopped
2025-10-29T17:34:01.694764Z  INFO arx::program: arx/src/program.rs:260: T channel closed, shutting down pub/sub
2025-10-29T17:34:01.695486Z  INFO arx::program: arx/src/program.rs:365: Pub/sub client stopped
2025-10-29T17:34:01.695836Z  INFO arx::program: arx/src/program.rs:305: Account subscription channel closed, shutting down pub/sub
2025-10-29T17:34:01.695899Z  INFO arx::program: arx/src/program.rs:365: Pub/sub client stopped
2025-10-29T17:34:01.702226Z  INFO network::router::network_router: /home/runner/.cargo/git/checkouts/async-mpc-1dbbf554a14e7a32/b307074/network/src/router/network_router.rs:323: Router dropped.    
2025-10-29T17:34:01.705699Z  WARN network::router::network_router: /home/runner/.cargo/git/checkouts/async-mpc-1dbbf554a14e7a32/b307074/network/src/router/network_router.rs:114: Router dropped.    
2025-10-29T17:34:01.707381Z  INFO arx: arx/src/main.rs:123: Unit completed successfully
2025-10-29T17:34:01.707476Z  INFO arx: arx/src/main.rs:123: Unit completed successfully
2025-10-29T17:34:01.707500Z  INFO arx: arx/src/main.rs:123: Unit completed successfully
2025-10-29T17:34:01.707540Z  INFO arx: arx/src/main.rs:123: Unit completed successfully
2025-10-29T17:34:01.707578Z  INFO arx: arx/src/main.rs:123: Unit completed successfully
2025-10-29T17:34:01.707615Z  INFO arx: arx/src/main.rs:123: Unit completed successfully
2025-10-29T17:34:01.707651Z  INFO arx: arx/src/main.rs:123: Unit completed successfully
2025-10-29T17:34:01.707688Z  INFO arx: arx/src/main.rs:123: Unit completed successfully
2025-10-29T17:34:01.707724Z  INFO arx: arx/src/main.rs:123: Unit completed successfully
2025-10-29T17:34:01.707751Z  INFO arx: arx/src/main.rs:123: Unit completed successfully
2025-10-29T17:34:01.707791Z  INFO arx: arx/src/main.rs:123: Unit completed successfully
2025-10-29T17:34:01.708181Z  INFO arx: arx/src/main.rs:123: Unit completed successfully
