2025-10-29T17:17:17.250063Z DEBUG arx: arx/src/main.rs:53: Checking Solana is up and running
2025-10-29T17:17:17.380980Z  INFO arx: arx/src/main.rs:58: Running ARX
2025-10-29T17:17:17.381149Z DEBUG arx: arx/src/main.rs:60: Reading node keypair, callback authority keypair, and identity files from env
2025-10-29T17:17:17.381406Z DEBUG arx: arx/src/main.rs:68: Reading node keypair, callback authority keypair, and identity files
2025-10-29T17:17:17.388581Z DEBUG arx: arx/src/main.rs:78: Installing AWS LC crypto provider
2025-10-29T17:17:17.388741Z  INFO arx: arx/src/main.rs:83: Creating ARX coordinator
2025-10-29T17:17:17.518641Z  INFO arx::units::cache_unit: arx/src/units/cache_unit.rs:88: Cache unit started
2025-10-29T17:17:17.519642Z  INFO arx::units::circuit_unit: arx/src/units/circuit_unit.rs:107: Circuit unit started
2025-10-29T17:17:17.521286Z  INFO arx::units::cluster_unit: arx/src/units/cluster_unit.rs:66: Cluster unit started
2025-10-29T17:17:17.521605Z DEBUG arx::units::cluster_unit: arx/src/units/cluster_unit.rs:68: Running pub/sub for arx node account
2025-10-29T17:17:17.522656Z  INFO arx::units::computation_transaction_unit: arx/src/units/computation_transaction_unit.rs:89: Computation transaction unit started
2025-10-29T17:17:17.524101Z  INFO arx::units::execpool_unit: arx/src/units/execpool_unit.rs:80: Execpool unit started
2025-10-29T17:17:17.524150Z DEBUG arx::units::execpool_unit: arx/src/units/execpool_unit.rs:82: Running pub/sub for mempools accounts
2025-10-29T17:17:17.525114Z DEBUG arx::units::cluster_unit: arx/src/units/cluster_unit.rs:78: Subscribing to arx node account
2025-10-29T17:17:17.525322Z  INFO arx::units::computation_unit: arx/src/units/computation_unit.rs:74: Inputs unit started
2025-10-29T17:17:17.526622Z  INFO arx::units::mempool_unit: arx/src/units/mempool_unit.rs:77: Mempool unit started
2025-10-29T17:17:17.526675Z DEBUG arx::units::mempool_unit: arx/src/units/mempool_unit.rs:79: Running pub/sub for mempools accounts
2025-10-29T17:17:17.528965Z  INFO arx::units::mxe_unit: arx/src/units/mxe_unit.rs:75: MXE unit started
2025-10-29T17:17:17.529430Z  INFO arx::units::node_transaction_unit: arx/src/units/node_transaction_unit.rs:65: Node transaction unit started
2025-10-29T17:17:17.529481Z  INFO arx::units::node_transaction_unit: arx/src/units/node_transaction_unit.rs:67: Activating node
2025-10-29T17:17:17.529641Z DEBUG arx::units::mxe_unit: arx/src/units/mxe_unit.rs:77: Running pub/sub for clusters accounts
2025-10-29T17:17:17.530428Z  INFO arx::units::online_phase_unit: arx/src/units/online_phase_unit.rs:152: Online phase unit started
2025-10-29T17:17:17.531817Z  INFO arx::units::peers_unit: arx/src/units/peers_unit.rs:76: Peers unit started
2025-10-29T17:17:17.532119Z  INFO arx: arx/src/main.rs:93: Coordinator created successfully
2025-10-29T17:17:17.532189Z  INFO arx::units::state_unit: arx/src/units/state_unit.rs:109: State unit started
2025-10-29T17:17:17.533628Z  INFO arx::program: arx/src/program.rs:242: Pub/sub client started
2025-10-29T17:17:17.533916Z  INFO arx: arx/src/main.rs:102: Starting ARX coordinator
2025-10-29T17:17:17.533942Z  INFO arx::program: arx/src/program.rs:244: Connecting initial pub/sub
2025-10-29T17:17:17.536136Z  INFO arx::program: arx/src/program.rs:242: Pub/sub client started
2025-10-29T17:17:17.536184Z  INFO arx::program: arx/src/program.rs:244: Connecting initial pub/sub
2025-10-29T17:17:17.537098Z  INFO arx: arx/src/main.rs:105: Waiting for Ctrl+C
2025-10-29T17:17:17.537897Z  INFO arx::program: arx/src/program.rs:242: Pub/sub client started
2025-10-29T17:17:17.537962Z  INFO arx::program: arx/src/program.rs:244: Connecting initial pub/sub
2025-10-29T17:17:17.538325Z  INFO arx::coordinator: arx/src/coordinator.rs:198: Coordinator started
2025-10-29T17:17:17.541049Z  INFO arx::program: arx/src/program.rs:242: Pub/sub client started
2025-10-29T17:17:17.541090Z  INFO arx::program: arx/src/program.rs:244: Connecting initial pub/sub
2025-10-29T17:17:17.554754Z  WARN arx::program: arx/src/program.rs:144: Attempt 1/5: Failed to fetch account XdfSwb8ZajhN7CerfBSJVhyfx5fyLtv34QVKSRgMFA9: Account not found
2025-10-29T17:17:17.580440Z  INFO arx::program: arx/src/program.rs:267: Fetching initial state for account: XdfSwb8ZajhN7CerfBSJVhyfx5fyLtv34QVKSRgMFA9
2025-10-29T17:17:17.582440Z  WARN arx::program: arx/src/program.rs:144: Attempt 1/5: Failed to fetch account XdfSwb8ZajhN7CerfBSJVhyfx5fyLtv34QVKSRgMFA9: Account not found
2025-10-29T17:17:18.560757Z  WARN arx::program: arx/src/program.rs:144: Attempt 2/5: Failed to fetch account XdfSwb8ZajhN7CerfBSJVhyfx5fyLtv34QVKSRgMFA9: Account not found
2025-10-29T17:17:18.586873Z  WARN arx::program: arx/src/program.rs:144: Attempt 2/5: Failed to fetch account XdfSwb8ZajhN7CerfBSJVhyfx5fyLtv34QVKSRgMFA9: Account not found
2025-10-29T17:17:20.565834Z  WARN arx::program: arx/src/program.rs:144: Attempt 3/5: Failed to fetch account XdfSwb8ZajhN7CerfBSJVhyfx5fyLtv34QVKSRgMFA9: Account not found
2025-10-29T17:17:20.590673Z  WARN arx::program: arx/src/program.rs:144: Attempt 3/5: Failed to fetch account XdfSwb8ZajhN7CerfBSJVhyfx5fyLtv34QVKSRgMFA9: Account not found
2025-10-29T17:17:24.573432Z  WARN arx::program: arx/src/program.rs:144: Attempt 4/5: Failed to fetch account XdfSwb8ZajhN7CerfBSJVhyfx5fyLtv34QVKSRgMFA9: Account not found
2025-10-29T17:17:24.595266Z  WARN arx::program: arx/src/program.rs:144: Attempt 4/5: Failed to fetch account XdfSwb8ZajhN7CerfBSJVhyfx5fyLtv34QVKSRgMFA9: Account not found
2025-10-29T17:17:32.583276Z  WARN arx::program: arx/src/program.rs:144: Attempt 5/5: Failed to fetch account XdfSwb8ZajhN7CerfBSJVhyfx5fyLtv34QVKSRgMFA9: Account not found
2025-10-29T17:17:32.584619Z  WARN arx::units::node_transaction_unit: arx/src/units/node_transaction_unit.rs:68: Attempt 1/5: RPC error while calling self.activate_node(): RPC error: Attempt 5/5: Failed to fetch account XdfSwb8ZajhN7CerfBSJVhyfx5fyLtv34QVKSRgMFA9: Account not found
2025-10-29T17:17:32.601017Z  WARN arx::program: arx/src/program.rs:144: Attempt 5/5: Failed to fetch account XdfSwb8ZajhN7CerfBSJVhyfx5fyLtv34QVKSRgMFA9: Account not found
2025-10-29T17:17:32.602076Z ERROR arx::program: arx/src/program.rs:276: Failed to fetch initial state for account XdfSwb8ZajhN7CerfBSJVhyfx5fyLtv34QVKSRgMFA9: RPC error: Attempt 5/5: Failed to fetch account XdfSwb8ZajhN7CerfBSJVhyfx5fyLtv34QVKSRgMFA9: Account not found
2025-10-29T17:17:32.603059Z  INFO arx::program: arx/src/program.rs:279: Subscribing to account: XdfSwb8ZajhN7CerfBSJVhyfx5fyLtv34QVKSRgMFA9
2025-10-29T17:17:33.590890Z  WARN arx::program: arx/src/program.rs:144: Attempt 1/5: Failed to fetch account XdfSwb8ZajhN7CerfBSJVhyfx5fyLtv34QVKSRgMFA9: Account not found
2025-10-29T17:17:34.599299Z  WARN arx::program: arx/src/program.rs:144: Attempt 2/5: Failed to fetch account XdfSwb8ZajhN7CerfBSJVhyfx5fyLtv34QVKSRgMFA9: Account not found
2025-10-29T17:17:36.606094Z  WARN arx::program: arx/src/program.rs:144: Attempt 3/5: Failed to fetch account XdfSwb8ZajhN7CerfBSJVhyfx5fyLtv34QVKSRgMFA9: Account not found
2025-10-29T17:17:40.610267Z  WARN arx::program: arx/src/program.rs:144: Attempt 4/5: Failed to fetch account XdfSwb8ZajhN7CerfBSJVhyfx5fyLtv34QVKSRgMFA9: Account not found
2025-10-29T17:17:48.617893Z  WARN arx::program: arx/src/program.rs:144: Attempt 5/5: Failed to fetch account XdfSwb8ZajhN7CerfBSJVhyfx5fyLtv34QVKSRgMFA9: Account not found
2025-10-29T17:17:48.619095Z  WARN arx::units::node_transaction_unit: arx/src/units/node_transaction_unit.rs:68: Attempt 2/5: RPC error while calling self.activate_node(): RPC error: Attempt 5/5: Failed to fetch account XdfSwb8ZajhN7CerfBSJVhyfx5fyLtv34QVKSRgMFA9: Account not found
2025-10-29T17:17:50.625854Z  WARN arx::program: arx/src/program.rs:144: Attempt 1/5: Failed to fetch account XdfSwb8ZajhN7CerfBSJVhyfx5fyLtv34QVKSRgMFA9: Account not found
2025-10-29T17:17:51.631709Z  WARN arx::program: arx/src/program.rs:144: Attempt 2/5: Failed to fetch account XdfSwb8ZajhN7CerfBSJVhyfx5fyLtv34QVKSRgMFA9: Account not found
2025-10-29T17:17:53.636872Z  WARN arx::program: arx/src/program.rs:144: Attempt 3/5: Failed to fetch account XdfSwb8ZajhN7CerfBSJVhyfx5fyLtv34QVKSRgMFA9: Account not found
2025-10-29T17:17:57.647243Z  WARN arx::program: arx/src/program.rs:144: Attempt 4/5: Failed to fetch account XdfSwb8ZajhN7CerfBSJVhyfx5fyLtv34QVKSRgMFA9: Account not found
2025-10-29T17:18:05.657934Z  WARN arx::program: arx/src/program.rs:144: Attempt 5/5: Failed to fetch account XdfSwb8ZajhN7CerfBSJVhyfx5fyLtv34QVKSRgMFA9: Account not found
2025-10-29T17:18:05.659484Z  WARN arx::units::node_transaction_unit: arx/src/units/node_transaction_unit.rs:68: Attempt 3/5: RPC error while calling self.activate_node(): RPC error: Attempt 5/5: Failed to fetch account XdfSwb8ZajhN7CerfBSJVhyfx5fyLtv34QVKSRgMFA9: Account not found
2025-10-29T17:18:09.666326Z  WARN arx::program: arx/src/program.rs:144: Attempt 1/5: Failed to fetch account XdfSwb8ZajhN7CerfBSJVhyfx5fyLtv34QVKSRgMFA9: Account not found
2025-10-29T17:18:10.675292Z  WARN arx::program: arx/src/program.rs:144: Attempt 2/5: Failed to fetch account XdfSwb8ZajhN7CerfBSJVhyfx5fyLtv34QVKSRgMFA9: Account not found
2025-10-29T17:18:12.679237Z  WARN arx::program: arx/src/program.rs:144: Attempt 3/5: Failed to fetch account XdfSwb8ZajhN7CerfBSJVhyfx5fyLtv34QVKSRgMFA9: Account not found
2025-10-29T17:18:16.694086Z  WARN arx::program: arx/src/program.rs:144: Attempt 4/5: Failed to fetch account XdfSwb8ZajhN7CerfBSJVhyfx5fyLtv34QVKSRgMFA9: Account not found
2025-10-29T17:18:24.702220Z  WARN arx::program: arx/src/program.rs:144: Attempt 5/5: Failed to fetch account XdfSwb8ZajhN7CerfBSJVhyfx5fyLtv34QVKSRgMFA9: Account not found
2025-10-29T17:18:24.704772Z  WARN arx::units::node_transaction_unit: arx/src/units/node_transaction_unit.rs:68: Attempt 4/5: RPC error while calling self.activate_node(): RPC error: Attempt 5/5: Failed to fetch account XdfSwb8ZajhN7CerfBSJVhyfx5fyLtv34QVKSRgMFA9: Account not found
2025-10-29T17:18:32.714535Z  WARN arx::program: arx/src/program.rs:144: Attempt 1/5: Failed to fetch account XdfSwb8ZajhN7CerfBSJVhyfx5fyLtv34QVKSRgMFA9: Account not found
2025-10-29T17:18:33.724087Z  WARN arx::program: arx/src/program.rs:144: Attempt 2/5: Failed to fetch account XdfSwb8ZajhN7CerfBSJVhyfx5fyLtv34QVKSRgMFA9: Account not found
2025-10-29T17:18:35.730298Z  WARN arx::program: arx/src/program.rs:144: Attempt 3/5: Failed to fetch account XdfSwb8ZajhN7CerfBSJVhyfx5fyLtv34QVKSRgMFA9: Account not found
2025-10-29T17:18:39.736186Z  WARN arx::program: arx/src/program.rs:144: Attempt 4/5: Failed to fetch account XdfSwb8ZajhN7CerfBSJVhyfx5fyLtv34QVKSRgMFA9: Account not found
2025-10-29T17:18:47.757083Z  WARN arx::program: arx/src/program.rs:144: Attempt 5/5: Failed to fetch account XdfSwb8ZajhN7CerfBSJVhyfx5fyLtv34QVKSRgMFA9: Account not found
2025-10-29T17:18:47.757713Z  WARN arx::units::node_transaction_unit: arx/src/units/node_transaction_unit.rs:68: Attempt 5/5: RPC error while calling self.activate_node(): RPC error: Attempt 5/5: Failed to fetch account XdfSwb8ZajhN7CerfBSJVhyfx5fyLtv34QVKSRgMFA9: Account not found
2025-10-29T17:18:47.758534Z ERROR arx::units::node_transaction_unit: arx/src/units/node_transaction_unit.rs:73: Failed to activate node: RPC error: Attempt 5/5: RPC error: Attempt 5/5: Failed to fetch account XdfSwb8ZajhN7CerfBSJVhyfx5fyLtv34QVKSRgMFA9: Account not found, shutting down
2025-10-29T17:18:47.760243Z ERROR arx::coordinator: arx/src/coordinator.rs:208: Activation unit channel dropped without activation
2025-10-29T17:18:47.760483Z  INFO arx::coordinator: arx/src/coordinator.rs:437: Coordinator stopped
2025-10-29T17:18:47.766324Z  INFO arx::units::cache_unit: arx/src/units/cache_unit.rs:94: Coordinator channel closed, shutting down
2025-10-29T17:18:47.766501Z  INFO arx::units::cache_unit: arx/src/units/cache_unit.rs:138: Cache unit stopped
2025-10-29T17:18:47.768027Z  INFO arx::units::circuit_unit: arx/src/units/circuit_unit.rs:113: Coordinator channel closed, shutting down
2025-10-29T17:18:47.768405Z  INFO arx::units::circuit_unit: arx/src/units/circuit_unit.rs:139: Circuit unit stopped
2025-10-29T17:18:47.771512Z  INFO arx: arx/src/main.rs:112: Shutdown channel closed, initiating shutdown
2025-10-29T17:18:47.773123Z  INFO arx::units::cluster_unit: arx/src/units/cluster_unit.rs:91: Coordinator channel closed, shutting down
2025-10-29T17:18:47.797027Z  INFO arx::units::computation_transaction_unit: arx/src/units/computation_transaction_unit.rs:95: Coordinator channel closed, shutting down
2025-10-29T17:18:47.797120Z  INFO arx::units::computation_transaction_unit: arx/src/units/computation_transaction_unit.rs:132: Computations transaction unit stopped
2025-10-29T17:18:47.797086Z  INFO arx::units::cluster_unit: arx/src/units/cluster_unit.rs:121: Cluster unit stopped
2025-10-29T17:18:47.797550Z  INFO arx::units::execpool_unit: arx/src/units/execpool_unit.rs:96: Coordinator channel closed, shutting down
2025-10-29T17:18:47.799069Z  INFO arx::units::execpool_unit: arx/src/units/execpool_unit.rs:164: Execpool unit stopped
2025-10-29T17:18:47.798456Z  INFO arx::units::computation_unit: arx/src/units/computation_unit.rs:80: Coordinator channel closed, shutting down
2025-10-29T17:18:47.798936Z  INFO arx::units::mempool_unit: arx/src/units/mempool_unit.rs:93: Coordinator channel closed, shutting down
2025-10-29T17:18:47.799597Z  INFO arx::units::mempool_unit: arx/src/units/mempool_unit.rs:155: Mempool unit stopped
2025-10-29T17:18:47.799490Z  INFO arx::units::mxe_unit: arx/src/units/mxe_unit.rs:91: Coordinator channel closed, shutting down
2025-10-29T17:18:47.799882Z  INFO arx::units::computation_unit: arx/src/units/computation_unit.rs:153: Computation unit stopped
2025-10-29T17:18:47.801013Z  INFO arx::units::mxe_unit: arx/src/units/mxe_unit.rs:149: MXE unit stopped
2025-10-29T17:18:47.802885Z  INFO arx::units::state_unit: arx/src/units/state_unit.rs:115: Coordinator channel closed, shutting down
2025-10-29T17:18:47.802943Z  INFO arx::units::state_unit: arx/src/units/state_unit.rs:149: State unit stopped
2025-10-29T17:18:47.803301Z  INFO arx: arx/src/main.rs:117: Coordinator completed successfully
2025-10-29T17:18:47.803477Z  INFO arx::program: arx/src/program.rs:260: T channel closed, shutting down pub/sub
2025-10-29T17:18:47.804193Z  INFO arx::program: arx/src/program.rs:365: Pub/sub client stopped
2025-10-29T17:18:47.805036Z  INFO arx::program: arx/src/program.rs:260: T channel closed, shutting down pub/sub
2025-10-29T17:18:47.805983Z  INFO arx::program: arx/src/program.rs:365: Pub/sub client stopped
2025-10-29T17:18:47.806178Z  INFO arx::units::peers_unit: arx/src/units/peers_unit.rs:82: Coordinator channel closed, shutting down
2025-10-29T17:18:47.806196Z  INFO arx::units::online_phase_unit: arx/src/units/online_phase_unit.rs:158: Coordinator channel closed, shutting down
2025-10-29T17:18:47.806638Z  INFO arx::units::peers_unit: arx/src/units/peers_unit.rs:105: Peers unit stopped
2025-10-29T17:18:47.806788Z  INFO arx::units::online_phase_unit: arx/src/units/online_phase_unit.rs:300: Waiting for computations to finish...
2025-10-29T17:18:47.806903Z  INFO arx::units::online_phase_unit: arx/src/units/online_phase_unit.rs:307: Online phase unit stopped
2025-10-29T17:18:47.807868Z  INFO arx::program: arx/src/program.rs:260: T channel closed, shutting down pub/sub
2025-10-29T17:18:47.808478Z  INFO arx::program: arx/src/program.rs:365: Pub/sub client stopped
2025-10-29T17:18:47.808501Z  INFO arx::program: arx/src/program.rs:305: Account subscription channel closed, shutting down pub/sub
2025-10-29T17:18:47.808610Z  INFO arx::program: arx/src/program.rs:365: Pub/sub client stopped
2025-10-29T17:18:47.814721Z  INFO network::router::network_router: /home/runner/.cargo/git/checkouts/async-mpc-1dbbf554a14e7a32/b307074/network/src/router/network_router.rs:323: Router dropped.    
2025-10-29T17:18:47.820058Z  WARN network::router::network_router: /home/runner/.cargo/git/checkouts/async-mpc-1dbbf554a14e7a32/b307074/network/src/router/network_router.rs:114: Router dropped.    
2025-10-29T17:18:47.822406Z  INFO arx: arx/src/main.rs:123: Unit completed successfully
2025-10-29T17:18:47.822457Z  INFO arx: arx/src/main.rs:123: Unit completed successfully
2025-10-29T17:18:47.822478Z  INFO arx: arx/src/main.rs:123: Unit completed successfully
2025-10-29T17:18:47.822516Z  INFO arx: arx/src/main.rs:123: Unit completed successfully
2025-10-29T17:18:47.822572Z  INFO arx: arx/src/main.rs:123: Unit completed successfully
2025-10-29T17:18:47.822894Z  INFO arx: arx/src/main.rs:123: Unit completed successfully
2025-10-29T17:18:47.822937Z  INFO arx: arx/src/main.rs:123: Unit completed successfully
2025-10-29T17:18:47.822982Z  INFO arx: arx/src/main.rs:123: Unit completed successfully
2025-10-29T17:18:47.823000Z  INFO arx: arx/src/main.rs:123: Unit completed successfully
2025-10-29T17:18:47.823017Z  INFO arx: arx/src/main.rs:123: Unit completed successfully
2025-10-29T17:18:47.823036Z  INFO arx: arx/src/main.rs:123: Unit completed successfully
2025-10-29T17:18:47.823052Z  INFO arx: arx/src/main.rs:123: Unit completed successfully
