2025-10-29T18:48:25.753349Z DEBUG arx: arx/src/main.rs:53: Checking Solana is up and running
2025-10-29T18:48:25.932633Z  INFO arx: arx/src/main.rs:58: Running ARX
2025-10-29T18:48:25.933655Z DEBUG arx: arx/src/main.rs:60: Reading node keypair, callback authority keypair, and identity files from env
2025-10-29T18:48:25.933712Z DEBUG arx: arx/src/main.rs:68: Reading node keypair, callback authority keypair, and identity files
2025-10-29T18:48:25.942003Z DEBUG arx: arx/src/main.rs:78: Installing AWS LC crypto provider
2025-10-29T18:48:25.942218Z  INFO arx: arx/src/main.rs:83: Creating ARX coordinator
2025-10-29T18:48:26.096983Z  INFO arx::units::cache_unit: arx/src/units/cache_unit.rs:88: Cache unit started
2025-10-29T18:48:26.097869Z  INFO arx::units::circuit_unit: arx/src/units/circuit_unit.rs:107: Circuit unit started
2025-10-29T18:48:26.099853Z  INFO arx::units::cluster_unit: arx/src/units/cluster_unit.rs:66: Cluster unit started
2025-10-29T18:48:26.100404Z DEBUG arx::units::cluster_unit: arx/src/units/cluster_unit.rs:68: Running pub/sub for arx node account
2025-10-29T18:48:26.102152Z  INFO arx::units::computation_transaction_unit: arx/src/units/computation_transaction_unit.rs:89: Computation transaction unit started
2025-10-29T18:48:26.103667Z  INFO arx::units::execpool_unit: arx/src/units/execpool_unit.rs:80: Execpool unit started
2025-10-29T18:48:26.103755Z DEBUG arx::units::execpool_unit: arx/src/units/execpool_unit.rs:82: Running pub/sub for mempools accounts
2025-10-29T18:48:26.105292Z DEBUG arx::units::cluster_unit: arx/src/units/cluster_unit.rs:78: Subscribing to arx node account
2025-10-29T18:48:26.105430Z  INFO arx::units::computation_unit: arx/src/units/computation_unit.rs:74: Inputs unit started
2025-10-29T18:48:26.107477Z  INFO arx::units::mempool_unit: arx/src/units/mempool_unit.rs:77: Mempool unit started
2025-10-29T18:48:26.107669Z DEBUG arx::units::mempool_unit: arx/src/units/mempool_unit.rs:79: Running pub/sub for mempools accounts
2025-10-29T18:48:26.110480Z  INFO arx::units::mxe_unit: arx/src/units/mxe_unit.rs:75: MXE unit started
2025-10-29T18:48:26.111094Z  INFO arx::units::node_transaction_unit: arx/src/units/node_transaction_unit.rs:65: Node transaction unit started
2025-10-29T18:48:26.111223Z  INFO arx::units::node_transaction_unit: arx/src/units/node_transaction_unit.rs:67: Activating node
2025-10-29T18:48:26.111110Z DEBUG arx::units::mxe_unit: arx/src/units/mxe_unit.rs:77: Running pub/sub for clusters accounts
2025-10-29T18:48:26.112322Z  INFO arx::units::online_phase_unit: arx/src/units/online_phase_unit.rs:152: Online phase unit started
2025-10-29T18:48:26.113744Z  INFO arx::units::peers_unit: arx/src/units/peers_unit.rs:76: Peers unit started
2025-10-29T18:48:26.114078Z  INFO arx: arx/src/main.rs:93: Coordinator created successfully
2025-10-29T18:48:26.114179Z  INFO arx::units::state_unit: arx/src/units/state_unit.rs:109: State unit started
2025-10-29T18:48:26.115195Z  INFO arx: arx/src/main.rs:102: Starting ARX coordinator
2025-10-29T18:48:26.115979Z  INFO arx::program: arx/src/program.rs:242: Pub/sub client started
2025-10-29T18:48:26.116478Z  INFO arx::program: arx/src/program.rs:244: Connecting initial pub/sub
2025-10-29T18:48:26.118424Z  INFO arx: arx/src/main.rs:105: Waiting for Ctrl+C
2025-10-29T18:48:26.118622Z  INFO arx::program: arx/src/program.rs:242: Pub/sub client started
2025-10-29T18:48:26.118659Z  INFO arx::program: arx/src/program.rs:244: Connecting initial pub/sub
2025-10-29T18:48:26.120190Z  INFO arx::coordinator: arx/src/coordinator.rs:198: Coordinator started
2025-10-29T18:48:26.120624Z  INFO arx::program: arx/src/program.rs:242: Pub/sub client started
2025-10-29T18:48:26.120751Z  INFO arx::program: arx/src/program.rs:244: Connecting initial pub/sub
2025-10-29T18:48:26.123342Z  INFO arx::program: arx/src/program.rs:242: Pub/sub client started
2025-10-29T18:48:26.123404Z  INFO arx::program: arx/src/program.rs:244: Connecting initial pub/sub
2025-10-29T18:48:26.138929Z  WARN arx::program: arx/src/program.rs:144: Attempt 1/5: Failed to fetch account XdfSwb8ZajhN7CerfBSJVhyfx5fyLtv34QVKSRgMFA9: Account not found
2025-10-29T18:48:26.165668Z  INFO arx::program: arx/src/program.rs:267: Fetching initial state for account: XdfSwb8ZajhN7CerfBSJVhyfx5fyLtv34QVKSRgMFA9
2025-10-29T18:48:26.170298Z  WARN arx::program: arx/src/program.rs:144: Attempt 1/5: Failed to fetch account XdfSwb8ZajhN7CerfBSJVhyfx5fyLtv34QVKSRgMFA9: Account not found
2025-10-29T18:48:27.151338Z  WARN arx::program: arx/src/program.rs:144: Attempt 2/5: Failed to fetch account XdfSwb8ZajhN7CerfBSJVhyfx5fyLtv34QVKSRgMFA9: Account not found
2025-10-29T18:48:27.175129Z  WARN arx::program: arx/src/program.rs:144: Attempt 2/5: Failed to fetch account XdfSwb8ZajhN7CerfBSJVhyfx5fyLtv34QVKSRgMFA9: Account not found
2025-10-29T18:48:29.164697Z  WARN arx::program: arx/src/program.rs:144: Attempt 3/5: Failed to fetch account XdfSwb8ZajhN7CerfBSJVhyfx5fyLtv34QVKSRgMFA9: Account not found
2025-10-29T18:48:29.179333Z  WARN arx::program: arx/src/program.rs:144: Attempt 3/5: Failed to fetch account XdfSwb8ZajhN7CerfBSJVhyfx5fyLtv34QVKSRgMFA9: Account not found
2025-10-29T18:48:33.180715Z  WARN arx::program: arx/src/program.rs:144: Attempt 4/5: Failed to fetch account XdfSwb8ZajhN7CerfBSJVhyfx5fyLtv34QVKSRgMFA9: Account not found
2025-10-29T18:48:33.182683Z  WARN arx::program: arx/src/program.rs:144: Attempt 4/5: Failed to fetch account XdfSwb8ZajhN7CerfBSJVhyfx5fyLtv34QVKSRgMFA9: Account not found
2025-10-29T18:48:41.188843Z  WARN arx::program: arx/src/program.rs:144: Attempt 5/5: Failed to fetch account XdfSwb8ZajhN7CerfBSJVhyfx5fyLtv34QVKSRgMFA9: Account not found
2025-10-29T18:48:41.189305Z  WARN arx::program: arx/src/program.rs:144: Attempt 5/5: Failed to fetch account XdfSwb8ZajhN7CerfBSJVhyfx5fyLtv34QVKSRgMFA9: Account not found
2025-10-29T18:48:41.191141Z  WARN arx::units::node_transaction_unit: arx/src/units/node_transaction_unit.rs:68: Attempt 1/5: RPC error while calling self.activate_node(): RPC error: Attempt 5/5: Failed to fetch account XdfSwb8ZajhN7CerfBSJVhyfx5fyLtv34QVKSRgMFA9: Account not found
2025-10-29T18:48:41.191162Z ERROR arx::program: arx/src/program.rs:276: Failed to fetch initial state for account XdfSwb8ZajhN7CerfBSJVhyfx5fyLtv34QVKSRgMFA9: RPC error: Attempt 5/5: Failed to fetch account XdfSwb8ZajhN7CerfBSJVhyfx5fyLtv34QVKSRgMFA9: Account not found
2025-10-29T18:48:41.194007Z  INFO arx::program: arx/src/program.rs:279: Subscribing to account: XdfSwb8ZajhN7CerfBSJVhyfx5fyLtv34QVKSRgMFA9
2025-10-29T18:48:42.206687Z  WARN arx::program: arx/src/program.rs:144: Attempt 1/5: Failed to fetch account XdfSwb8ZajhN7CerfBSJVhyfx5fyLtv34QVKSRgMFA9: Account not found
2025-10-29T18:48:43.217182Z  WARN arx::program: arx/src/program.rs:144: Attempt 2/5: Failed to fetch account XdfSwb8ZajhN7CerfBSJVhyfx5fyLtv34QVKSRgMFA9: Account not found
2025-10-29T18:48:45.222460Z  WARN arx::program: arx/src/program.rs:144: Attempt 3/5: Failed to fetch account XdfSwb8ZajhN7CerfBSJVhyfx5fyLtv34QVKSRgMFA9: Account not found
2025-10-29T18:48:49.234581Z  WARN arx::program: arx/src/program.rs:144: Attempt 4/5: Failed to fetch account XdfSwb8ZajhN7CerfBSJVhyfx5fyLtv34QVKSRgMFA9: Account not found
2025-10-29T18:48:57.300096Z  WARN arx::program: arx/src/program.rs:144: Attempt 5/5: Failed to fetch account XdfSwb8ZajhN7CerfBSJVhyfx5fyLtv34QVKSRgMFA9: Account not found
2025-10-29T18:48:57.301501Z  WARN arx::units::node_transaction_unit: arx/src/units/node_transaction_unit.rs:68: Attempt 2/5: RPC error while calling self.activate_node(): RPC error: Attempt 5/5: Failed to fetch account XdfSwb8ZajhN7CerfBSJVhyfx5fyLtv34QVKSRgMFA9: Account not found
2025-10-29T18:48:59.307312Z  WARN arx::program: arx/src/program.rs:144: Attempt 1/5: Failed to fetch account XdfSwb8ZajhN7CerfBSJVhyfx5fyLtv34QVKSRgMFA9: Account not found
2025-10-29T18:49:00.312604Z  WARN arx::program: arx/src/program.rs:144: Attempt 2/5: Failed to fetch account XdfSwb8ZajhN7CerfBSJVhyfx5fyLtv34QVKSRgMFA9: Account not found
2025-10-29T18:49:02.323542Z  WARN arx::program: arx/src/program.rs:144: Attempt 3/5: Failed to fetch account XdfSwb8ZajhN7CerfBSJVhyfx5fyLtv34QVKSRgMFA9: Account not found
2025-10-29T18:49:06.334506Z  WARN arx::program: arx/src/program.rs:144: Attempt 4/5: Failed to fetch account XdfSwb8ZajhN7CerfBSJVhyfx5fyLtv34QVKSRgMFA9: Account not found
2025-10-29T18:49:14.343671Z  WARN arx::program: arx/src/program.rs:144: Attempt 5/5: Failed to fetch account XdfSwb8ZajhN7CerfBSJVhyfx5fyLtv34QVKSRgMFA9: Account not found
2025-10-29T18:49:14.345357Z  WARN arx::units::node_transaction_unit: arx/src/units/node_transaction_unit.rs:68: Attempt 3/5: RPC error while calling self.activate_node(): RPC error: Attempt 5/5: Failed to fetch account XdfSwb8ZajhN7CerfBSJVhyfx5fyLtv34QVKSRgMFA9: Account not found
2025-10-29T18:49:18.385839Z  WARN arx::program: arx/src/program.rs:144: Attempt 1/5: Failed to fetch account XdfSwb8ZajhN7CerfBSJVhyfx5fyLtv34QVKSRgMFA9: Account not found
2025-10-29T18:49:19.401217Z  WARN arx::program: arx/src/program.rs:144: Attempt 2/5: Failed to fetch account XdfSwb8ZajhN7CerfBSJVhyfx5fyLtv34QVKSRgMFA9: Account not found
2025-10-29T18:49:21.411571Z  WARN arx::program: arx/src/program.rs:144: Attempt 3/5: Failed to fetch account XdfSwb8ZajhN7CerfBSJVhyfx5fyLtv34QVKSRgMFA9: Account not found
2025-10-29T18:49:25.424864Z  WARN arx::program: arx/src/program.rs:144: Attempt 4/5: Failed to fetch account XdfSwb8ZajhN7CerfBSJVhyfx5fyLtv34QVKSRgMFA9: Account not found
2025-10-29T18:49:33.433928Z  WARN arx::program: arx/src/program.rs:144: Attempt 5/5: Failed to fetch account XdfSwb8ZajhN7CerfBSJVhyfx5fyLtv34QVKSRgMFA9: Account not found
2025-10-29T18:49:33.438548Z  WARN arx::units::node_transaction_unit: arx/src/units/node_transaction_unit.rs:68: Attempt 4/5: RPC error while calling self.activate_node(): RPC error: Attempt 5/5: Failed to fetch account XdfSwb8ZajhN7CerfBSJVhyfx5fyLtv34QVKSRgMFA9: Account not found
2025-10-29T18:49:41.445024Z  WARN arx::program: arx/src/program.rs:144: Attempt 1/5: Failed to fetch account XdfSwb8ZajhN7CerfBSJVhyfx5fyLtv34QVKSRgMFA9: Account not found
2025-10-29T18:49:42.453050Z  WARN arx::program: arx/src/program.rs:144: Attempt 2/5: Failed to fetch account XdfSwb8ZajhN7CerfBSJVhyfx5fyLtv34QVKSRgMFA9: Account not found
2025-10-29T18:49:44.460083Z  WARN arx::program: arx/src/program.rs:144: Attempt 3/5: Failed to fetch account XdfSwb8ZajhN7CerfBSJVhyfx5fyLtv34QVKSRgMFA9: Account not found
2025-10-29T18:49:48.466566Z  WARN arx::program: arx/src/program.rs:144: Attempt 4/5: Failed to fetch account XdfSwb8ZajhN7CerfBSJVhyfx5fyLtv34QVKSRgMFA9: Account not found
2025-10-29T18:49:56.474560Z  WARN arx::program: arx/src/program.rs:144: Attempt 5/5: Failed to fetch account XdfSwb8ZajhN7CerfBSJVhyfx5fyLtv34QVKSRgMFA9: Account not found
2025-10-29T18:49:56.476113Z  WARN arx::units::node_transaction_unit: arx/src/units/node_transaction_unit.rs:68: Attempt 5/5: RPC error while calling self.activate_node(): RPC error: Attempt 5/5: Failed to fetch account XdfSwb8ZajhN7CerfBSJVhyfx5fyLtv34QVKSRgMFA9: Account not found
2025-10-29T18:49:56.478871Z ERROR arx::units::node_transaction_unit: arx/src/units/node_transaction_unit.rs:73: Failed to activate node: RPC error: Attempt 5/5: RPC error: Attempt 5/5: Failed to fetch account XdfSwb8ZajhN7CerfBSJVhyfx5fyLtv34QVKSRgMFA9: Account not found, shutting down
2025-10-29T18:49:56.480822Z ERROR arx::coordinator: arx/src/coordinator.rs:208: Activation unit channel dropped without activation
2025-10-29T18:49:56.480981Z  INFO arx::coordinator: arx/src/coordinator.rs:437: Coordinator stopped
2025-10-29T18:49:56.484956Z  INFO arx: arx/src/main.rs:112: Shutdown channel closed, initiating shutdown
2025-10-29T18:49:56.488659Z  INFO arx::units::cluster_unit: arx/src/units/cluster_unit.rs:91: Coordinator channel closed, shutting down
2025-10-29T18:49:56.489082Z  INFO arx::units::execpool_unit: arx/src/units/execpool_unit.rs:96: Coordinator channel closed, shutting down
2025-10-29T18:49:56.489192Z  INFO arx::units::execpool_unit: arx/src/units/execpool_unit.rs:164: Execpool unit stopped
2025-10-29T18:49:56.489371Z  INFO arx::units::cache_unit: arx/src/units/cache_unit.rs:94: Coordinator channel closed, shutting down
2025-10-29T18:49:56.489542Z  INFO arx::units::cache_unit: arx/src/units/cache_unit.rs:138: Cache unit stopped
2025-10-29T18:49:56.489397Z  INFO arx::units::circuit_unit: arx/src/units/circuit_unit.rs:113: Coordinator channel closed, shutting down
2025-10-29T18:49:56.490284Z  INFO arx::units::computation_transaction_unit: arx/src/units/computation_transaction_unit.rs:95: Coordinator channel closed, shutting down
2025-10-29T18:49:56.490396Z  INFO arx::units::computation_transaction_unit: arx/src/units/computation_transaction_unit.rs:132: Computations transaction unit stopped
2025-10-29T18:49:56.490338Z  INFO arx::units::computation_unit: arx/src/units/computation_unit.rs:80: Coordinator channel closed, shutting down
2025-10-29T18:49:56.490455Z  INFO arx::units::cluster_unit: arx/src/units/cluster_unit.rs:121: Cluster unit stopped
2025-10-29T18:49:56.490568Z  INFO arx::units::circuit_unit: arx/src/units/circuit_unit.rs:139: Circuit unit stopped
2025-10-29T18:49:56.490610Z  INFO arx::units::mempool_unit: arx/src/units/mempool_unit.rs:93: Coordinator channel closed, shutting down
2025-10-29T18:49:56.491039Z  INFO arx::units::mempool_unit: arx/src/units/mempool_unit.rs:155: Mempool unit stopped
2025-10-29T18:49:56.491007Z  INFO arx::units::computation_unit: arx/src/units/computation_unit.rs:153: Computation unit stopped
2025-10-29T18:49:56.493072Z  INFO arx::units::state_unit: arx/src/units/state_unit.rs:115: Coordinator channel closed, shutting down
2025-10-29T18:49:56.493464Z  INFO arx::units::state_unit: arx/src/units/state_unit.rs:149: State unit stopped
2025-10-29T18:49:56.493467Z  INFO arx: arx/src/main.rs:117: Coordinator completed successfully
2025-10-29T18:49:56.496925Z  INFO arx::program: arx/src/program.rs:260: T channel closed, shutting down pub/sub
2025-10-29T18:49:56.497736Z  INFO arx::units::online_phase_unit: arx/src/units/online_phase_unit.rs:158: Coordinator channel closed, shutting down
2025-10-29T18:49:56.497964Z  INFO arx::units::mxe_unit: arx/src/units/mxe_unit.rs:91: Coordinator channel closed, shutting down
2025-10-29T18:49:56.497994Z  INFO arx::program: arx/src/program.rs:365: Pub/sub client stopped
2025-10-29T18:49:56.498133Z  INFO arx::program: arx/src/program.rs:305: Account subscription channel closed, shutting down pub/sub
2025-10-29T18:49:56.498180Z  INFO arx::program: arx/src/program.rs:365: Pub/sub client stopped
2025-10-29T18:49:56.498242Z  INFO arx::units::online_phase_unit: arx/src/units/online_phase_unit.rs:300: Waiting for computations to finish...
2025-10-29T18:49:56.498276Z  INFO arx::units::online_phase_unit: arx/src/units/online_phase_unit.rs:307: Online phase unit stopped
2025-10-29T18:49:56.498459Z  INFO arx::program: arx/src/program.rs:305: Account subscription channel closed, shutting down pub/sub
2025-10-29T18:49:56.498529Z  INFO arx::program: arx/src/program.rs:365: Pub/sub client stopped
2025-10-29T18:49:56.499182Z  INFO arx::units::mxe_unit: arx/src/units/mxe_unit.rs:149: MXE unit stopped
2025-10-29T18:49:56.501596Z  INFO arx::units::peers_unit: arx/src/units/peers_unit.rs:82: Coordinator channel closed, shutting down
2025-10-29T18:49:56.501822Z  INFO arx::units::peers_unit: arx/src/units/peers_unit.rs:105: Peers unit stopped
2025-10-29T18:49:56.506583Z  INFO arx::program: arx/src/program.rs:260: T channel closed, shutting down pub/sub
2025-10-29T18:49:56.507326Z  INFO arx::program: arx/src/program.rs:365: Pub/sub client stopped
2025-10-29T18:49:56.509456Z  INFO network::router::network_router: /home/runner/.cargo/git/checkouts/async-mpc-1dbbf554a14e7a32/b307074/network/src/router/network_router.rs:323: Router dropped.    
2025-10-29T18:49:56.515403Z  WARN network::router::network_router: /home/runner/.cargo/git/checkouts/async-mpc-1dbbf554a14e7a32/b307074/network/src/router/network_router.rs:114: Router dropped.    
2025-10-29T18:49:56.519968Z  INFO arx: arx/src/main.rs:123: Unit completed successfully
2025-10-29T18:49:56.520006Z  INFO arx: arx/src/main.rs:123: Unit completed successfully
2025-10-29T18:49:56.520021Z  INFO arx: arx/src/main.rs:123: Unit completed successfully
2025-10-29T18:49:56.520038Z  INFO arx: arx/src/main.rs:123: Unit completed successfully
2025-10-29T18:49:56.520075Z  INFO arx: arx/src/main.rs:123: Unit completed successfully
2025-10-29T18:49:56.520091Z  INFO arx: arx/src/main.rs:123: Unit completed successfully
2025-10-29T18:49:56.520443Z  INFO arx: arx/src/main.rs:123: Unit completed successfully
2025-10-29T18:49:56.520464Z  INFO arx: arx/src/main.rs:123: Unit completed successfully
2025-10-29T18:49:56.520480Z  INFO arx: arx/src/main.rs:123: Unit completed successfully
2025-10-29T18:49:56.520496Z  INFO arx: arx/src/main.rs:123: Unit completed successfully
2025-10-29T18:49:56.520513Z  INFO arx: arx/src/main.rs:123: Unit completed successfully
2025-10-29T18:49:56.520529Z  INFO arx: arx/src/main.rs:123: Unit completed successfully
