2025-10-29T18:36:15.682285Z DEBUG arx: arx/src/main.rs:53: Checking Solana is up and running
2025-10-29T18:36:15.830486Z  INFO arx: arx/src/main.rs:58: Running ARX
2025-10-29T18:36:15.830928Z DEBUG arx: arx/src/main.rs:60: Reading node keypair, callback authority keypair, and identity files from env
2025-10-29T18:36:15.831187Z DEBUG arx: arx/src/main.rs:68: Reading node keypair, callback authority keypair, and identity files
2025-10-29T18:36:15.840679Z DEBUG arx: arx/src/main.rs:78: Installing AWS LC crypto provider
2025-10-29T18:36:15.840860Z  INFO arx: arx/src/main.rs:83: Creating ARX coordinator
2025-10-29T18:36:16.293853Z  INFO arx::units::cache_unit: arx/src/units/cache_unit.rs:88: Cache unit started
2025-10-29T18:36:16.296229Z  INFO arx::units::circuit_unit: arx/src/units/circuit_unit.rs:107: Circuit unit started
2025-10-29T18:36:16.298673Z  INFO arx::units::cluster_unit: arx/src/units/cluster_unit.rs:66: Cluster unit started
2025-10-29T18:36:16.299357Z DEBUG arx::units::cluster_unit: arx/src/units/cluster_unit.rs:68: Running pub/sub for arx node account
2025-10-29T18:36:16.302129Z  INFO arx::units::computation_transaction_unit: arx/src/units/computation_transaction_unit.rs:89: Computation transaction unit started
2025-10-29T18:36:16.307266Z  INFO arx::units::execpool_unit: arx/src/units/execpool_unit.rs:80: Execpool unit started
2025-10-29T18:36:16.307470Z DEBUG arx::units::execpool_unit: arx/src/units/execpool_unit.rs:82: Running pub/sub for mempools accounts
2025-10-29T18:36:16.309291Z  INFO arx::units::computation_unit: arx/src/units/computation_unit.rs:74: Inputs unit started
2025-10-29T18:36:16.309386Z DEBUG arx::units::cluster_unit: arx/src/units/cluster_unit.rs:78: Subscribing to arx node account
2025-10-29T18:36:16.311981Z  INFO arx::units::mempool_unit: arx/src/units/mempool_unit.rs:77: Mempool unit started
2025-10-29T18:36:16.312327Z DEBUG arx::units::mempool_unit: arx/src/units/mempool_unit.rs:79: Running pub/sub for mempools accounts
2025-10-29T18:36:16.351426Z  INFO arx::units::mxe_unit: arx/src/units/mxe_unit.rs:75: MXE unit started
2025-10-29T18:36:16.384270Z  INFO arx::units::node_transaction_unit: arx/src/units/node_transaction_unit.rs:65: Node transaction unit started
2025-10-29T18:36:16.385847Z  INFO arx::units::node_transaction_unit: arx/src/units/node_transaction_unit.rs:67: Activating node
2025-10-29T18:36:16.386150Z DEBUG arx::units::mxe_unit: arx/src/units/mxe_unit.rs:77: Running pub/sub for clusters accounts
2025-10-29T18:36:16.387550Z  INFO arx::units::online_phase_unit: arx/src/units/online_phase_unit.rs:152: Online phase unit started
2025-10-29T18:36:16.391555Z  INFO arx: arx/src/main.rs:93: Coordinator created successfully
2025-10-29T18:36:16.391641Z  INFO arx::units::state_unit: arx/src/units/state_unit.rs:109: State unit started
2025-10-29T18:36:16.391189Z  INFO arx::units::peers_unit: arx/src/units/peers_unit.rs:76: Peers unit started
2025-10-29T18:36:16.395908Z  INFO arx: arx/src/main.rs:102: Starting ARX coordinator
2025-10-29T18:36:16.399330Z  INFO arx::program: arx/src/program.rs:242: Pub/sub client started
2025-10-29T18:36:16.401163Z  INFO arx::program: arx/src/program.rs:244: Connecting initial pub/sub
2025-10-29T18:36:16.405199Z  INFO arx: arx/src/main.rs:105: Waiting for Ctrl+C
2025-10-29T18:36:16.405858Z  INFO arx::program: arx/src/program.rs:242: Pub/sub client started
2025-10-29T18:36:16.405924Z  INFO arx::program: arx/src/program.rs:244: Connecting initial pub/sub
2025-10-29T18:36:16.408843Z  INFO arx::coordinator: arx/src/coordinator.rs:198: Coordinator started
2025-10-29T18:36:16.416379Z  INFO arx::program: arx/src/program.rs:242: Pub/sub client started
2025-10-29T18:36:16.416854Z  INFO arx::program: arx/src/program.rs:244: Connecting initial pub/sub
2025-10-29T18:36:16.422801Z  INFO arx::program: arx/src/program.rs:242: Pub/sub client started
2025-10-29T18:36:16.423553Z  INFO arx::program: arx/src/program.rs:244: Connecting initial pub/sub
2025-10-29T18:36:16.498523Z  WARN arx::program: arx/src/program.rs:144: Attempt 1/5: Failed to fetch account XdfSwb8ZajhN7CerfBSJVhyfx5fyLtv34QVKSRgMFA9: Account not found
2025-10-29T18:36:16.523973Z  INFO arx::program: arx/src/program.rs:267: Fetching initial state for account: XdfSwb8ZajhN7CerfBSJVhyfx5fyLtv34QVKSRgMFA9
2025-10-29T18:36:16.534884Z  WARN arx::program: arx/src/program.rs:144: Attempt 1/5: Failed to fetch account XdfSwb8ZajhN7CerfBSJVhyfx5fyLtv34QVKSRgMFA9: Account not found
2025-10-29T18:36:17.514246Z  WARN arx::program: arx/src/program.rs:144: Attempt 2/5: Failed to fetch account XdfSwb8ZajhN7CerfBSJVhyfx5fyLtv34QVKSRgMFA9: Account not found
2025-10-29T18:36:17.539168Z  WARN arx::program: arx/src/program.rs:144: Attempt 2/5: Failed to fetch account XdfSwb8ZajhN7CerfBSJVhyfx5fyLtv34QVKSRgMFA9: Account not found
2025-10-29T18:36:19.530937Z  WARN arx::program: arx/src/program.rs:144: Attempt 3/5: Failed to fetch account XdfSwb8ZajhN7CerfBSJVhyfx5fyLtv34QVKSRgMFA9: Account not found
2025-10-29T18:36:19.582188Z  WARN arx::program: arx/src/program.rs:144: Attempt 3/5: Failed to fetch account XdfSwb8ZajhN7CerfBSJVhyfx5fyLtv34QVKSRgMFA9: Account not found
2025-10-29T18:36:23.539674Z  WARN arx::program: arx/src/program.rs:144: Attempt 4/5: Failed to fetch account XdfSwb8ZajhN7CerfBSJVhyfx5fyLtv34QVKSRgMFA9: Account not found
2025-10-29T18:36:23.594806Z  WARN arx::program: arx/src/program.rs:144: Attempt 4/5: Failed to fetch account XdfSwb8ZajhN7CerfBSJVhyfx5fyLtv34QVKSRgMFA9: Account not found
2025-10-29T18:36:31.548885Z  WARN arx::program: arx/src/program.rs:144: Attempt 5/5: Failed to fetch account XdfSwb8ZajhN7CerfBSJVhyfx5fyLtv34QVKSRgMFA9: Account not found
2025-10-29T18:36:31.550725Z  WARN arx::units::node_transaction_unit: arx/src/units/node_transaction_unit.rs:68: Attempt 1/5: RPC error while calling self.activate_node(): RPC error: Attempt 5/5: Failed to fetch account XdfSwb8ZajhN7CerfBSJVhyfx5fyLtv34QVKSRgMFA9: Account not found
2025-10-29T18:36:31.600768Z  WARN arx::program: arx/src/program.rs:144: Attempt 5/5: Failed to fetch account XdfSwb8ZajhN7CerfBSJVhyfx5fyLtv34QVKSRgMFA9: Account not found
2025-10-29T18:36:31.601292Z ERROR arx::program: arx/src/program.rs:276: Failed to fetch initial state for account XdfSwb8ZajhN7CerfBSJVhyfx5fyLtv34QVKSRgMFA9: RPC error: Attempt 5/5: Failed to fetch account XdfSwb8ZajhN7CerfBSJVhyfx5fyLtv34QVKSRgMFA9: Account not found
2025-10-29T18:36:31.603820Z  INFO arx::program: arx/src/program.rs:279: Subscribing to account: XdfSwb8ZajhN7CerfBSJVhyfx5fyLtv34QVKSRgMFA9
2025-10-29T18:36:32.556869Z  WARN arx::program: arx/src/program.rs:144: Attempt 1/5: Failed to fetch account XdfSwb8ZajhN7CerfBSJVhyfx5fyLtv34QVKSRgMFA9: Account not found
2025-10-29T18:36:33.563240Z  WARN arx::program: arx/src/program.rs:144: Attempt 2/5: Failed to fetch account XdfSwb8ZajhN7CerfBSJVhyfx5fyLtv34QVKSRgMFA9: Account not found
2025-10-29T18:36:35.567103Z  WARN arx::program: arx/src/program.rs:144: Attempt 3/5: Failed to fetch account XdfSwb8ZajhN7CerfBSJVhyfx5fyLtv34QVKSRgMFA9: Account not found
2025-10-29T18:36:39.572479Z  WARN arx::program: arx/src/program.rs:144: Attempt 4/5: Failed to fetch account XdfSwb8ZajhN7CerfBSJVhyfx5fyLtv34QVKSRgMFA9: Account not found
2025-10-29T18:36:47.583182Z  WARN arx::program: arx/src/program.rs:144: Attempt 5/5: Failed to fetch account XdfSwb8ZajhN7CerfBSJVhyfx5fyLtv34QVKSRgMFA9: Account not found
2025-10-29T18:36:47.583937Z  WARN arx::units::node_transaction_unit: arx/src/units/node_transaction_unit.rs:68: Attempt 2/5: RPC error while calling self.activate_node(): RPC error: Attempt 5/5: Failed to fetch account XdfSwb8ZajhN7CerfBSJVhyfx5fyLtv34QVKSRgMFA9: Account not found
2025-10-29T18:36:49.588433Z  WARN arx::program: arx/src/program.rs:144: Attempt 1/5: Failed to fetch account XdfSwb8ZajhN7CerfBSJVhyfx5fyLtv34QVKSRgMFA9: Account not found
2025-10-29T18:36:50.592058Z  WARN arx::program: arx/src/program.rs:144: Attempt 2/5: Failed to fetch account XdfSwb8ZajhN7CerfBSJVhyfx5fyLtv34QVKSRgMFA9: Account not found
2025-10-29T18:36:52.600795Z  WARN arx::program: arx/src/program.rs:144: Attempt 3/5: Failed to fetch account XdfSwb8ZajhN7CerfBSJVhyfx5fyLtv34QVKSRgMFA9: Account not found
2025-10-29T18:36:56.607301Z  WARN arx::program: arx/src/program.rs:144: Attempt 4/5: Failed to fetch account XdfSwb8ZajhN7CerfBSJVhyfx5fyLtv34QVKSRgMFA9: Account not found
2025-10-29T18:37:04.615923Z  WARN arx::program: arx/src/program.rs:144: Attempt 5/5: Failed to fetch account XdfSwb8ZajhN7CerfBSJVhyfx5fyLtv34QVKSRgMFA9: Account not found
2025-10-29T18:37:04.617474Z  WARN arx::units::node_transaction_unit: arx/src/units/node_transaction_unit.rs:68: Attempt 3/5: RPC error while calling self.activate_node(): RPC error: Attempt 5/5: Failed to fetch account XdfSwb8ZajhN7CerfBSJVhyfx5fyLtv34QVKSRgMFA9: Account not found
2025-10-29T18:37:08.622654Z  WARN arx::program: arx/src/program.rs:144: Attempt 1/5: Failed to fetch account XdfSwb8ZajhN7CerfBSJVhyfx5fyLtv34QVKSRgMFA9: Account not found
2025-10-29T18:37:09.657829Z  WARN arx::program: arx/src/program.rs:144: Attempt 2/5: Failed to fetch account XdfSwb8ZajhN7CerfBSJVhyfx5fyLtv34QVKSRgMFA9: Account not found
2025-10-29T18:37:11.664480Z  WARN arx::program: arx/src/program.rs:144: Attempt 3/5: Failed to fetch account XdfSwb8ZajhN7CerfBSJVhyfx5fyLtv34QVKSRgMFA9: Account not found
2025-10-29T18:37:15.671341Z  WARN arx::program: arx/src/program.rs:144: Attempt 4/5: Failed to fetch account XdfSwb8ZajhN7CerfBSJVhyfx5fyLtv34QVKSRgMFA9: Account not found
2025-10-29T18:37:23.681787Z  WARN arx::program: arx/src/program.rs:144: Attempt 5/5: Failed to fetch account XdfSwb8ZajhN7CerfBSJVhyfx5fyLtv34QVKSRgMFA9: Account not found
2025-10-29T18:37:23.683174Z  WARN arx::units::node_transaction_unit: arx/src/units/node_transaction_unit.rs:68: Attempt 4/5: RPC error while calling self.activate_node(): RPC error: Attempt 5/5: Failed to fetch account XdfSwb8ZajhN7CerfBSJVhyfx5fyLtv34QVKSRgMFA9: Account not found
2025-10-29T18:37:31.689056Z  WARN arx::program: arx/src/program.rs:144: Attempt 1/5: Failed to fetch account XdfSwb8ZajhN7CerfBSJVhyfx5fyLtv34QVKSRgMFA9: Account not found
2025-10-29T18:37:32.693773Z  WARN arx::program: arx/src/program.rs:144: Attempt 2/5: Failed to fetch account XdfSwb8ZajhN7CerfBSJVhyfx5fyLtv34QVKSRgMFA9: Account not found
2025-10-29T18:37:34.701514Z  WARN arx::program: arx/src/program.rs:144: Attempt 3/5: Failed to fetch account XdfSwb8ZajhN7CerfBSJVhyfx5fyLtv34QVKSRgMFA9: Account not found
2025-10-29T18:37:38.705086Z  WARN arx::program: arx/src/program.rs:144: Attempt 4/5: Failed to fetch account XdfSwb8ZajhN7CerfBSJVhyfx5fyLtv34QVKSRgMFA9: Account not found
2025-10-29T18:37:46.712144Z  WARN arx::program: arx/src/program.rs:144: Attempt 5/5: Failed to fetch account XdfSwb8ZajhN7CerfBSJVhyfx5fyLtv34QVKSRgMFA9: Account not found
2025-10-29T18:37:46.713552Z  WARN arx::units::node_transaction_unit: arx/src/units/node_transaction_unit.rs:68: Attempt 5/5: RPC error while calling self.activate_node(): RPC error: Attempt 5/5: Failed to fetch account XdfSwb8ZajhN7CerfBSJVhyfx5fyLtv34QVKSRgMFA9: Account not found
2025-10-29T18:37:46.715028Z ERROR arx::units::node_transaction_unit: arx/src/units/node_transaction_unit.rs:73: Failed to activate node: RPC error: Attempt 5/5: RPC error: Attempt 5/5: Failed to fetch account XdfSwb8ZajhN7CerfBSJVhyfx5fyLtv34QVKSRgMFA9: Account not found, shutting down
2025-10-29T18:37:46.716524Z ERROR arx::coordinator: arx/src/coordinator.rs:208: Activation unit channel dropped without activation
2025-10-29T18:37:46.716741Z  INFO arx::coordinator: arx/src/coordinator.rs:437: Coordinator stopped
2025-10-29T18:37:46.723525Z  INFO arx: arx/src/main.rs:112: Shutdown channel closed, initiating shutdown
2025-10-29T18:37:46.724300Z  INFO arx::units::circuit_unit: arx/src/units/circuit_unit.rs:113: Coordinator channel closed, shutting down
2025-10-29T18:37:46.724515Z  INFO arx::units::cache_unit: arx/src/units/cache_unit.rs:94: Coordinator channel closed, shutting down
2025-10-29T18:37:46.724715Z  INFO arx::units::cache_unit: arx/src/units/cache_unit.rs:138: Cache unit stopped
2025-10-29T18:37:46.725065Z  INFO arx::units::circuit_unit: arx/src/units/circuit_unit.rs:139: Circuit unit stopped
2025-10-29T18:37:46.726467Z  INFO arx::units::cluster_unit: arx/src/units/cluster_unit.rs:91: Coordinator channel closed, shutting down
2025-10-29T18:37:46.728302Z  INFO arx::units::computation_transaction_unit: arx/src/units/computation_transaction_unit.rs:95: Coordinator channel closed, shutting down
2025-10-29T18:37:46.728463Z  INFO arx::units::computation_transaction_unit: arx/src/units/computation_transaction_unit.rs:132: Computations transaction unit stopped
2025-10-29T18:37:46.728573Z  INFO arx::units::cluster_unit: arx/src/units/cluster_unit.rs:121: Cluster unit stopped
2025-10-29T18:37:46.728949Z  INFO arx::units::execpool_unit: arx/src/units/execpool_unit.rs:96: Coordinator channel closed, shutting down
2025-10-29T18:37:46.729059Z  INFO arx::units::execpool_unit: arx/src/units/execpool_unit.rs:164: Execpool unit stopped
2025-10-29T18:37:46.729796Z  INFO arx::units::computation_unit: arx/src/units/computation_unit.rs:80: Coordinator channel closed, shutting down
2025-10-29T18:37:46.730543Z  INFO arx::units::computation_unit: arx/src/units/computation_unit.rs:153: Computation unit stopped
2025-10-29T18:37:46.731245Z  INFO arx::units::mempool_unit: arx/src/units/mempool_unit.rs:93: Coordinator channel closed, shutting down
2025-10-29T18:37:46.731490Z  INFO arx::units::mempool_unit: arx/src/units/mempool_unit.rs:155: Mempool unit stopped
2025-10-29T18:37:46.736078Z  INFO arx::units::state_unit: arx/src/units/state_unit.rs:115: Coordinator channel closed, shutting down
2025-10-29T18:37:46.736159Z  INFO arx::units::state_unit: arx/src/units/state_unit.rs:149: State unit stopped
2025-10-29T18:37:46.736498Z  INFO arx::program: arx/src/program.rs:260: T channel closed, shutting down pub/sub
2025-10-29T18:37:46.736688Z  INFO arx: arx/src/main.rs:117: Coordinator completed successfully
2025-10-29T18:37:46.736789Z  INFO arx::program: arx/src/program.rs:260: T channel closed, shutting down pub/sub
2025-10-29T18:37:46.736884Z  INFO arx::units::online_phase_unit: arx/src/units/online_phase_unit.rs:158: Coordinator channel closed, shutting down
2025-10-29T18:37:46.737568Z  INFO arx::program: arx/src/program.rs:365: Pub/sub client stopped
2025-10-29T18:37:46.737735Z  INFO arx::units::online_phase_unit: arx/src/units/online_phase_unit.rs:300: Waiting for computations to finish...
2025-10-29T18:37:46.737809Z  INFO arx::units::online_phase_unit: arx/src/units/online_phase_unit.rs:307: Online phase unit stopped
2025-10-29T18:37:46.738404Z  INFO arx::program: arx/src/program.rs:365: Pub/sub client stopped
2025-10-29T18:37:46.738743Z  INFO arx::program: arx/src/program.rs:260: T channel closed, shutting down pub/sub
2025-10-29T18:37:46.738825Z  INFO arx::program: arx/src/program.rs:365: Pub/sub client stopped
2025-10-29T18:37:46.739617Z  INFO arx::units::mxe_unit: arx/src/units/mxe_unit.rs:91: Coordinator channel closed, shutting down
2025-10-29T18:37:46.740523Z  INFO arx::units::peers_unit: arx/src/units/peers_unit.rs:82: Coordinator channel closed, shutting down
2025-10-29T18:37:46.740938Z  INFO arx::units::mxe_unit: arx/src/units/mxe_unit.rs:149: MXE unit stopped
2025-10-29T18:37:46.741114Z  INFO arx::units::peers_unit: arx/src/units/peers_unit.rs:105: Peers unit stopped
2025-10-29T18:37:46.746572Z  INFO arx::program: arx/src/program.rs:260: T channel closed, shutting down pub/sub
2025-10-29T18:37:46.747492Z  INFO arx::program: arx/src/program.rs:365: Pub/sub client stopped
2025-10-29T18:37:46.749816Z  INFO network::router::network_router: /home/runner/.cargo/git/checkouts/async-mpc-1dbbf554a14e7a32/b307074/network/src/router/network_router.rs:323: Router dropped.    
2025-10-29T18:37:46.762969Z  WARN network::router::network_router: /home/runner/.cargo/git/checkouts/async-mpc-1dbbf554a14e7a32/b307074/network/src/router/network_router.rs:114: Router dropped.    
2025-10-29T18:37:46.772167Z  INFO arx: arx/src/main.rs:123: Unit completed successfully
2025-10-29T18:37:46.772814Z  INFO arx: arx/src/main.rs:123: Unit completed successfully
2025-10-29T18:37:46.772930Z  INFO arx: arx/src/main.rs:123: Unit completed successfully
2025-10-29T18:37:46.772976Z  INFO arx: arx/src/main.rs:123: Unit completed successfully
2025-10-29T18:37:46.773165Z  INFO arx: arx/src/main.rs:123: Unit completed successfully
2025-10-29T18:37:46.773194Z  INFO arx: arx/src/main.rs:123: Unit completed successfully
2025-10-29T18:37:46.773248Z  INFO arx: arx/src/main.rs:123: Unit completed successfully
2025-10-29T18:37:46.773288Z  INFO arx: arx/src/main.rs:123: Unit completed successfully
2025-10-29T18:37:46.773346Z  INFO arx: arx/src/main.rs:123: Unit completed successfully
2025-10-29T18:37:46.773406Z  INFO arx: arx/src/main.rs:123: Unit completed successfully
2025-10-29T18:37:46.773458Z  INFO arx: arx/src/main.rs:123: Unit completed successfully
2025-10-29T18:37:46.773534Z  INFO arx: arx/src/main.rs:123: Unit completed successfully
