2025-10-29T18:08:55.390884Z DEBUG arx: arx/src/main.rs:53: Checking Solana is up and running
2025-10-29T18:08:55.538840Z  INFO arx: arx/src/main.rs:58: Running ARX
2025-10-29T18:08:55.539183Z DEBUG arx: arx/src/main.rs:60: Reading node keypair, callback authority keypair, and identity files from env
2025-10-29T18:08:55.539543Z DEBUG arx: arx/src/main.rs:68: Reading node keypair, callback authority keypair, and identity files
2025-10-29T18:08:55.551258Z DEBUG arx: arx/src/main.rs:78: Installing AWS LC crypto provider
2025-10-29T18:08:55.553137Z  INFO arx: arx/src/main.rs:83: Creating ARX coordinator
2025-10-29T18:08:55.691452Z  INFO arx::units::cache_unit: arx/src/units/cache_unit.rs:88: Cache unit started
2025-10-29T18:08:55.692424Z  INFO arx::units::circuit_unit: arx/src/units/circuit_unit.rs:107: Circuit unit started
2025-10-29T18:08:55.694103Z  INFO arx::units::cluster_unit: arx/src/units/cluster_unit.rs:66: Cluster unit started
2025-10-29T18:08:55.694573Z DEBUG arx::units::cluster_unit: arx/src/units/cluster_unit.rs:68: Running pub/sub for arx node account
2025-10-29T18:08:55.695776Z  INFO arx::units::computation_transaction_unit: arx/src/units/computation_transaction_unit.rs:89: Computation transaction unit started
2025-10-29T18:08:55.697446Z  INFO arx::units::execpool_unit: arx/src/units/execpool_unit.rs:80: Execpool unit started
2025-10-29T18:08:55.697723Z DEBUG arx::units::execpool_unit: arx/src/units/execpool_unit.rs:82: Running pub/sub for mempools accounts
2025-10-29T18:08:55.698425Z DEBUG arx::units::cluster_unit: arx/src/units/cluster_unit.rs:78: Subscribing to arx node account
2025-10-29T18:08:55.698880Z  INFO arx::units::computation_unit: arx/src/units/computation_unit.rs:74: Inputs unit started
2025-10-29T18:08:55.700537Z  INFO arx::units::mempool_unit: arx/src/units/mempool_unit.rs:77: Mempool unit started
2025-10-29T18:08:55.700602Z DEBUG arx::units::mempool_unit: arx/src/units/mempool_unit.rs:79: Running pub/sub for mempools accounts
2025-10-29T18:08:55.702894Z  INFO arx::units::mxe_unit: arx/src/units/mxe_unit.rs:75: MXE unit started
2025-10-29T18:08:55.703443Z  INFO arx::units::node_transaction_unit: arx/src/units/node_transaction_unit.rs:65: Node transaction unit started
2025-10-29T18:08:55.703484Z  INFO arx::units::node_transaction_unit: arx/src/units/node_transaction_unit.rs:67: Activating node
2025-10-29T18:08:55.703504Z DEBUG arx::units::mxe_unit: arx/src/units/mxe_unit.rs:77: Running pub/sub for clusters accounts
2025-10-29T18:08:55.704406Z  INFO arx::units::online_phase_unit: arx/src/units/online_phase_unit.rs:152: Online phase unit started
2025-10-29T18:08:55.705724Z  INFO arx::units::peers_unit: arx/src/units/peers_unit.rs:76: Peers unit started
2025-10-29T18:08:55.706015Z  INFO arx: arx/src/main.rs:93: Coordinator created successfully
2025-10-29T18:08:55.706086Z  INFO arx::units::state_unit: arx/src/units/state_unit.rs:109: State unit started
2025-10-29T18:08:55.707134Z  INFO arx: arx/src/main.rs:102: Starting ARX coordinator
2025-10-29T18:08:55.707164Z  INFO arx::program: arx/src/program.rs:242: Pub/sub client started
2025-10-29T18:08:55.707617Z  INFO arx::program: arx/src/program.rs:244: Connecting initial pub/sub
2025-10-29T18:08:55.709906Z  INFO arx: arx/src/main.rs:105: Waiting for Ctrl+C
2025-10-29T18:08:55.710560Z  INFO arx::program: arx/src/program.rs:242: Pub/sub client started
2025-10-29T18:08:55.710596Z  INFO arx::program: arx/src/program.rs:244: Connecting initial pub/sub
2025-10-29T18:08:55.711429Z  INFO arx::coordinator: arx/src/coordinator.rs:198: Coordinator started
2025-10-29T18:08:55.712415Z  INFO arx::program: arx/src/program.rs:242: Pub/sub client started
2025-10-29T18:08:55.712510Z  INFO arx::program: arx/src/program.rs:244: Connecting initial pub/sub
2025-10-29T18:08:55.714766Z  INFO arx::program: arx/src/program.rs:242: Pub/sub client started
2025-10-29T18:08:55.715208Z  INFO arx::program: arx/src/program.rs:244: Connecting initial pub/sub
2025-10-29T18:08:55.729729Z  WARN arx::program: arx/src/program.rs:144: Attempt 1/5: Failed to fetch account ELoRR19zrps1G3UYKcAxr7LKbw3kbqkVUXVY9dETMWN7: Account not found
2025-10-29T18:08:55.735248Z  INFO arx::program: arx/src/program.rs:267: Fetching initial state for account: ELoRR19zrps1G3UYKcAxr7LKbw3kbqkVUXVY9dETMWN7
2025-10-29T18:08:55.737269Z  WARN arx::program: arx/src/program.rs:144: Attempt 1/5: Failed to fetch account ELoRR19zrps1G3UYKcAxr7LKbw3kbqkVUXVY9dETMWN7: Account not found
2025-10-29T18:08:56.808348Z  WARN arx::program: arx/src/program.rs:144: Attempt 2/5: Failed to fetch account ELoRR19zrps1G3UYKcAxr7LKbw3kbqkVUXVY9dETMWN7: Account not found
2025-10-29T18:08:56.808605Z  WARN arx::program: arx/src/program.rs:144: Attempt 2/5: Failed to fetch account ELoRR19zrps1G3UYKcAxr7LKbw3kbqkVUXVY9dETMWN7: Account not found
2025-10-29T18:08:58.822935Z  WARN arx::program: arx/src/program.rs:144: Attempt 3/5: Failed to fetch account ELoRR19zrps1G3UYKcAxr7LKbw3kbqkVUXVY9dETMWN7: Account not found
2025-10-29T18:08:58.823819Z  WARN arx::program: arx/src/program.rs:144: Attempt 3/5: Failed to fetch account ELoRR19zrps1G3UYKcAxr7LKbw3kbqkVUXVY9dETMWN7: Account not found
2025-10-29T18:09:02.838595Z  WARN arx::program: arx/src/program.rs:144: Attempt 4/5: Failed to fetch account ELoRR19zrps1G3UYKcAxr7LKbw3kbqkVUXVY9dETMWN7: Account not found
2025-10-29T18:09:02.839667Z  WARN arx::program: arx/src/program.rs:144: Attempt 4/5: Failed to fetch account ELoRR19zrps1G3UYKcAxr7LKbw3kbqkVUXVY9dETMWN7: Account not found
2025-10-29T18:09:10.850766Z  WARN arx::program: arx/src/program.rs:144: Attempt 5/5: Failed to fetch account ELoRR19zrps1G3UYKcAxr7LKbw3kbqkVUXVY9dETMWN7: Account not found
2025-10-29T18:09:10.850950Z  WARN arx::program: arx/src/program.rs:144: Attempt 5/5: Failed to fetch account ELoRR19zrps1G3UYKcAxr7LKbw3kbqkVUXVY9dETMWN7: Account not found
2025-10-29T18:09:10.857942Z ERROR arx::program: arx/src/program.rs:276: Failed to fetch initial state for account ELoRR19zrps1G3UYKcAxr7LKbw3kbqkVUXVY9dETMWN7: RPC error: Attempt 5/5: Failed to fetch account ELoRR19zrps1G3UYKcAxr7LKbw3kbqkVUXVY9dETMWN7: Account not found
2025-10-29T18:09:10.857916Z  WARN arx::units::node_transaction_unit: arx/src/units/node_transaction_unit.rs:68: Attempt 1/5: RPC error while calling self.activate_node(): RPC error: Attempt 5/5: Failed to fetch account ELoRR19zrps1G3UYKcAxr7LKbw3kbqkVUXVY9dETMWN7: Account not found
2025-10-29T18:09:10.858353Z  INFO arx::program: arx/src/program.rs:279: Subscribing to account: ELoRR19zrps1G3UYKcAxr7LKbw3kbqkVUXVY9dETMWN7
2025-10-29T18:09:11.866477Z  WARN arx::program: arx/src/program.rs:144: Attempt 1/5: Failed to fetch account ELoRR19zrps1G3UYKcAxr7LKbw3kbqkVUXVY9dETMWN7: Account not found
2025-10-29T18:09:12.870071Z  WARN arx::program: arx/src/program.rs:144: Attempt 2/5: Failed to fetch account ELoRR19zrps1G3UYKcAxr7LKbw3kbqkVUXVY9dETMWN7: Account not found
2025-10-29T18:09:14.875318Z  WARN arx::program: arx/src/program.rs:144: Attempt 3/5: Failed to fetch account ELoRR19zrps1G3UYKcAxr7LKbw3kbqkVUXVY9dETMWN7: Account not found
2025-10-29T18:09:18.884145Z  WARN arx::program: arx/src/program.rs:144: Attempt 4/5: Failed to fetch account ELoRR19zrps1G3UYKcAxr7LKbw3kbqkVUXVY9dETMWN7: Account not found
2025-10-29T18:09:26.887157Z  WARN arx::program: arx/src/program.rs:144: Attempt 5/5: Failed to fetch account ELoRR19zrps1G3UYKcAxr7LKbw3kbqkVUXVY9dETMWN7: Account not found
2025-10-29T18:09:26.887603Z  WARN arx::units::node_transaction_unit: arx/src/units/node_transaction_unit.rs:68: Attempt 2/5: RPC error while calling self.activate_node(): RPC error: Attempt 5/5: Failed to fetch account ELoRR19zrps1G3UYKcAxr7LKbw3kbqkVUXVY9dETMWN7: Account not found
2025-10-29T18:09:28.893178Z  WARN arx::program: arx/src/program.rs:144: Attempt 1/5: Failed to fetch account ELoRR19zrps1G3UYKcAxr7LKbw3kbqkVUXVY9dETMWN7: Account not found
2025-10-29T18:09:29.898586Z  WARN arx::program: arx/src/program.rs:144: Attempt 2/5: Failed to fetch account ELoRR19zrps1G3UYKcAxr7LKbw3kbqkVUXVY9dETMWN7: Account not found
2025-10-29T18:09:31.905178Z  WARN arx::program: arx/src/program.rs:144: Attempt 3/5: Failed to fetch account ELoRR19zrps1G3UYKcAxr7LKbw3kbqkVUXVY9dETMWN7: Account not found
2025-10-29T18:09:35.909429Z  WARN arx::program: arx/src/program.rs:144: Attempt 4/5: Failed to fetch account ELoRR19zrps1G3UYKcAxr7LKbw3kbqkVUXVY9dETMWN7: Account not found
2025-10-29T18:09:43.913843Z  WARN arx::program: arx/src/program.rs:144: Attempt 5/5: Failed to fetch account ELoRR19zrps1G3UYKcAxr7LKbw3kbqkVUXVY9dETMWN7: Account not found
2025-10-29T18:09:43.914962Z  WARN arx::units::node_transaction_unit: arx/src/units/node_transaction_unit.rs:68: Attempt 3/5: RPC error while calling self.activate_node(): RPC error: Attempt 5/5: Failed to fetch account ELoRR19zrps1G3UYKcAxr7LKbw3kbqkVUXVY9dETMWN7: Account not found
2025-10-29T18:09:47.919984Z  WARN arx::program: arx/src/program.rs:144: Attempt 1/5: Failed to fetch account ELoRR19zrps1G3UYKcAxr7LKbw3kbqkVUXVY9dETMWN7: Account not found
2025-10-29T18:09:48.928294Z  WARN arx::program: arx/src/program.rs:144: Attempt 2/5: Failed to fetch account ELoRR19zrps1G3UYKcAxr7LKbw3kbqkVUXVY9dETMWN7: Account not found
2025-10-29T18:09:50.933494Z  WARN arx::program: arx/src/program.rs:144: Attempt 3/5: Failed to fetch account ELoRR19zrps1G3UYKcAxr7LKbw3kbqkVUXVY9dETMWN7: Account not found
2025-10-29T18:09:54.940018Z  WARN arx::program: arx/src/program.rs:144: Attempt 4/5: Failed to fetch account ELoRR19zrps1G3UYKcAxr7LKbw3kbqkVUXVY9dETMWN7: Account not found
2025-10-29T18:10:02.949719Z  WARN arx::program: arx/src/program.rs:144: Attempt 5/5: Failed to fetch account ELoRR19zrps1G3UYKcAxr7LKbw3kbqkVUXVY9dETMWN7: Account not found
2025-10-29T18:10:02.950067Z  WARN arx::units::node_transaction_unit: arx/src/units/node_transaction_unit.rs:68: Attempt 4/5: RPC error while calling self.activate_node(): RPC error: Attempt 5/5: Failed to fetch account ELoRR19zrps1G3UYKcAxr7LKbw3kbqkVUXVY9dETMWN7: Account not found
2025-10-29T18:10:10.982265Z  WARN arx::program: arx/src/program.rs:144: Attempt 1/5: Failed to fetch account ELoRR19zrps1G3UYKcAxr7LKbw3kbqkVUXVY9dETMWN7: Account not found
2025-10-29T18:10:12.000314Z  WARN arx::program: arx/src/program.rs:144: Attempt 2/5: Failed to fetch account ELoRR19zrps1G3UYKcAxr7LKbw3kbqkVUXVY9dETMWN7: Account not found
2025-10-29T18:10:14.005787Z  WARN arx::program: arx/src/program.rs:144: Attempt 3/5: Failed to fetch account ELoRR19zrps1G3UYKcAxr7LKbw3kbqkVUXVY9dETMWN7: Account not found
2025-10-29T18:10:18.012716Z  WARN arx::program: arx/src/program.rs:144: Attempt 4/5: Failed to fetch account ELoRR19zrps1G3UYKcAxr7LKbw3kbqkVUXVY9dETMWN7: Account not found
2025-10-29T18:10:26.020886Z  WARN arx::program: arx/src/program.rs:144: Attempt 5/5: Failed to fetch account ELoRR19zrps1G3UYKcAxr7LKbw3kbqkVUXVY9dETMWN7: Account not found
2025-10-29T18:10:26.022166Z  WARN arx::units::node_transaction_unit: arx/src/units/node_transaction_unit.rs:68: Attempt 5/5: RPC error while calling self.activate_node(): RPC error: Attempt 5/5: Failed to fetch account ELoRR19zrps1G3UYKcAxr7LKbw3kbqkVUXVY9dETMWN7: Account not found
2025-10-29T18:10:26.023363Z ERROR arx::units::node_transaction_unit: arx/src/units/node_transaction_unit.rs:73: Failed to activate node: RPC error: Attempt 5/5: RPC error: Attempt 5/5: Failed to fetch account ELoRR19zrps1G3UYKcAxr7LKbw3kbqkVUXVY9dETMWN7: Account not found, shutting down
2025-10-29T18:10:26.024738Z ERROR arx::coordinator: arx/src/coordinator.rs:208: Activation unit channel dropped without activation
2025-10-29T18:10:26.025000Z  INFO arx::coordinator: arx/src/coordinator.rs:437: Coordinator stopped
2025-10-29T18:10:26.029496Z  INFO arx::units::cache_unit: arx/src/units/cache_unit.rs:94: Coordinator channel closed, shutting down
2025-10-29T18:10:26.029649Z  INFO arx::units::cache_unit: arx/src/units/cache_unit.rs:138: Cache unit stopped
2025-10-29T18:10:26.030164Z  INFO arx: arx/src/main.rs:112: Shutdown channel closed, initiating shutdown
2025-10-29T18:10:26.032204Z  INFO arx::units::circuit_unit: arx/src/units/circuit_unit.rs:113: Coordinator channel closed, shutting down
2025-10-29T18:10:26.032894Z  INFO arx::units::circuit_unit: arx/src/units/circuit_unit.rs:139: Circuit unit stopped
2025-10-29T18:10:26.033937Z  INFO arx::units::cluster_unit: arx/src/units/cluster_unit.rs:91: Coordinator channel closed, shutting down
2025-10-29T18:10:26.035083Z  INFO arx::units::cluster_unit: arx/src/units/cluster_unit.rs:121: Cluster unit stopped
2025-10-29T18:10:26.035294Z  INFO arx::units::computation_transaction_unit: arx/src/units/computation_transaction_unit.rs:95: Coordinator channel closed, shutting down
2025-10-29T18:10:26.035394Z  INFO arx::units::computation_transaction_unit: arx/src/units/computation_transaction_unit.rs:132: Computations transaction unit stopped
2025-10-29T18:10:26.036582Z  INFO arx::units::execpool_unit: arx/src/units/execpool_unit.rs:96: Coordinator channel closed, shutting down
2025-10-29T18:10:26.037019Z  INFO arx::units::execpool_unit: arx/src/units/execpool_unit.rs:164: Execpool unit stopped
2025-10-29T18:10:26.037227Z  INFO arx::units::computation_unit: arx/src/units/computation_unit.rs:80: Coordinator channel closed, shutting down
2025-10-29T18:10:26.038179Z  INFO arx::units::computation_unit: arx/src/units/computation_unit.rs:153: Computation unit stopped
2025-10-29T18:10:26.038637Z  INFO arx::units::mempool_unit: arx/src/units/mempool_unit.rs:93: Coordinator channel closed, shutting down
2025-10-29T18:10:26.038718Z  INFO arx::units::mempool_unit: arx/src/units/mempool_unit.rs:155: Mempool unit stopped
2025-10-29T18:10:26.039703Z  INFO arx::units::mxe_unit: arx/src/units/mxe_unit.rs:91: Coordinator channel closed, shutting down
2025-10-29T18:10:26.041978Z  INFO arx::units::mxe_unit: arx/src/units/mxe_unit.rs:149: MXE unit stopped
2025-10-29T18:10:26.043565Z  INFO arx::units::state_unit: arx/src/units/state_unit.rs:115: Coordinator channel closed, shutting down
2025-10-29T18:10:26.043637Z  INFO arx::units::state_unit: arx/src/units/state_unit.rs:149: State unit stopped
2025-10-29T18:10:26.043956Z  INFO arx: arx/src/main.rs:117: Coordinator completed successfully
2025-10-29T18:10:26.044032Z  INFO arx::program: arx/src/program.rs:260: T channel closed, shutting down pub/sub
2025-10-29T18:10:26.044572Z  INFO arx::program: arx/src/program.rs:365: Pub/sub client stopped
2025-10-29T18:10:26.044739Z  INFO arx::program: arx/src/program.rs:260: T channel closed, shutting down pub/sub
2025-10-29T18:10:26.045672Z  INFO arx::program: arx/src/program.rs:365: Pub/sub client stopped
2025-10-29T18:10:26.046229Z  INFO arx::units::online_phase_unit: arx/src/units/online_phase_unit.rs:158: Coordinator channel closed, shutting down
2025-10-29T18:10:26.046755Z  INFO arx::units::online_phase_unit: arx/src/units/online_phase_unit.rs:300: Waiting for computations to finish...
2025-10-29T18:10:26.046833Z  INFO arx::units::online_phase_unit: arx/src/units/online_phase_unit.rs:307: Online phase unit stopped
2025-10-29T18:10:26.046773Z  INFO arx::units::peers_unit: arx/src/units/peers_unit.rs:82: Coordinator channel closed, shutting down
2025-10-29T18:10:26.047586Z  INFO arx::units::peers_unit: arx/src/units/peers_unit.rs:105: Peers unit stopped
2025-10-29T18:10:26.049014Z  INFO arx::program: arx/src/program.rs:305: Account subscription channel closed, shutting down pub/sub
2025-10-29T18:10:26.049297Z  INFO arx::program: arx/src/program.rs:305: Account subscription channel closed, shutting down pub/sub
2025-10-29T18:10:26.049334Z  INFO arx::program: arx/src/program.rs:365: Pub/sub client stopped
2025-10-29T18:10:26.049891Z  INFO arx::program: arx/src/program.rs:365: Pub/sub client stopped
2025-10-29T18:10:26.055533Z  INFO network::router::network_router: /home/runner/.cargo/git/checkouts/async-mpc-1dbbf554a14e7a32/b307074/network/src/router/network_router.rs:323: Router dropped.    
2025-10-29T18:10:26.061679Z  WARN network::router::network_router: /home/runner/.cargo/git/checkouts/async-mpc-1dbbf554a14e7a32/b307074/network/src/router/network_router.rs:114: Router dropped.    
2025-10-29T18:10:26.065704Z  INFO arx: arx/src/main.rs:123: Unit completed successfully
2025-10-29T18:10:26.065791Z  INFO arx: arx/src/main.rs:123: Unit completed successfully
2025-10-29T18:10:26.065817Z  INFO arx: arx/src/main.rs:123: Unit completed successfully
2025-10-29T18:10:26.065838Z  INFO arx: arx/src/main.rs:123: Unit completed successfully
2025-10-29T18:10:26.065886Z  INFO arx: arx/src/main.rs:123: Unit completed successfully
2025-10-29T18:10:26.065967Z  INFO arx: arx/src/main.rs:123: Unit completed successfully
2025-10-29T18:10:26.065996Z  INFO arx: arx/src/main.rs:123: Unit completed successfully
2025-10-29T18:10:26.066015Z  INFO arx: arx/src/main.rs:123: Unit completed successfully
2025-10-29T18:10:26.066034Z  INFO arx: arx/src/main.rs:123: Unit completed successfully
2025-10-29T18:10:26.066111Z  INFO arx: arx/src/main.rs:123: Unit completed successfully
2025-10-29T18:10:26.066134Z  INFO arx: arx/src/main.rs:123: Unit completed successfully
2025-10-29T18:10:26.066156Z  INFO arx: arx/src/main.rs:123: Unit completed successfully
