2025-10-29T18:01:19.314984Z DEBUG arx: arx/src/main.rs:53: Checking Solana is up and running
2025-10-29T18:01:19.427461Z  INFO arx: arx/src/main.rs:58: Running ARX
2025-10-29T18:01:19.427644Z DEBUG arx: arx/src/main.rs:60: Reading node keypair, callback authority keypair, and identity files from env
2025-10-29T18:01:19.427801Z DEBUG arx: arx/src/main.rs:68: Reading node keypair, callback authority keypair, and identity files
2025-10-29T18:01:19.438263Z DEBUG arx: arx/src/main.rs:78: Installing AWS LC crypto provider
2025-10-29T18:01:19.438494Z  INFO arx: arx/src/main.rs:83: Creating ARX coordinator
2025-10-29T18:01:19.564737Z  INFO arx::units::cache_unit: arx/src/units/cache_unit.rs:88: Cache unit started
2025-10-29T18:01:19.565575Z  INFO arx::units::circuit_unit: arx/src/units/circuit_unit.rs:107: Circuit unit started
2025-10-29T18:01:19.567253Z  INFO arx::units::cluster_unit: arx/src/units/cluster_unit.rs:66: Cluster unit started
2025-10-29T18:01:19.567590Z DEBUG arx::units::cluster_unit: arx/src/units/cluster_unit.rs:68: Running pub/sub for arx node account
2025-10-29T18:01:19.568873Z  INFO arx::units::computation_transaction_unit: arx/src/units/computation_transaction_unit.rs:89: Computation transaction unit started
2025-10-29T18:01:19.570328Z  INFO arx::units::execpool_unit: arx/src/units/execpool_unit.rs:80: Execpool unit started
2025-10-29T18:01:19.570367Z DEBUG arx::units::execpool_unit: arx/src/units/execpool_unit.rs:82: Running pub/sub for mempools accounts
2025-10-29T18:01:19.571492Z DEBUG arx::units::cluster_unit: arx/src/units/cluster_unit.rs:78: Subscribing to arx node account
2025-10-29T18:01:19.571755Z  INFO arx::units::computation_unit: arx/src/units/computation_unit.rs:74: Inputs unit started
2025-10-29T18:01:19.573289Z  INFO arx::units::mempool_unit: arx/src/units/mempool_unit.rs:77: Mempool unit started
2025-10-29T18:01:19.573357Z DEBUG arx::units::mempool_unit: arx/src/units/mempool_unit.rs:79: Running pub/sub for mempools accounts
2025-10-29T18:01:19.575511Z  INFO arx::units::mxe_unit: arx/src/units/mxe_unit.rs:75: MXE unit started
2025-10-29T18:01:19.576194Z  INFO arx::units::node_transaction_unit: arx/src/units/node_transaction_unit.rs:65: Node transaction unit started
2025-10-29T18:01:19.576233Z  INFO arx::units::node_transaction_unit: arx/src/units/node_transaction_unit.rs:67: Activating node
2025-10-29T18:01:19.576239Z DEBUG arx::units::mxe_unit: arx/src/units/mxe_unit.rs:77: Running pub/sub for clusters accounts
2025-10-29T18:01:19.577161Z  INFO arx::units::online_phase_unit: arx/src/units/online_phase_unit.rs:152: Online phase unit started
2025-10-29T18:01:19.578525Z  INFO arx::units::peers_unit: arx/src/units/peers_unit.rs:76: Peers unit started
2025-10-29T18:01:19.578806Z  INFO arx: arx/src/main.rs:93: Coordinator created successfully
2025-10-29T18:01:19.578880Z  INFO arx::units::state_unit: arx/src/units/state_unit.rs:109: State unit started
2025-10-29T18:01:19.579835Z  INFO arx: arx/src/main.rs:102: Starting ARX coordinator
2025-10-29T18:01:19.580032Z  INFO arx::program: arx/src/program.rs:242: Pub/sub client started
2025-10-29T18:01:19.580489Z  INFO arx::program: arx/src/program.rs:244: Connecting initial pub/sub
2025-10-29T18:01:19.582783Z  INFO arx: arx/src/main.rs:105: Waiting for Ctrl+C
2025-10-29T18:01:19.583153Z  INFO arx::program: arx/src/program.rs:242: Pub/sub client started
2025-10-29T18:01:19.583241Z  INFO arx::program: arx/src/program.rs:244: Connecting initial pub/sub
2025-10-29T18:01:19.584056Z  INFO arx::coordinator: arx/src/coordinator.rs:198: Coordinator started
2025-10-29T18:01:19.585128Z  INFO arx::program: arx/src/program.rs:242: Pub/sub client started
2025-10-29T18:01:19.585166Z  INFO arx::program: arx/src/program.rs:244: Connecting initial pub/sub
2025-10-29T18:01:19.587590Z  INFO arx::program: arx/src/program.rs:242: Pub/sub client started
2025-10-29T18:01:19.587641Z  INFO arx::program: arx/src/program.rs:244: Connecting initial pub/sub
2025-10-29T18:01:19.601041Z  WARN arx::program: arx/src/program.rs:144: Attempt 1/5: Failed to fetch account ELoRR19zrps1G3UYKcAxr7LKbw3kbqkVUXVY9dETMWN7: Account not found
2025-10-29T18:01:19.614282Z  INFO arx::program: arx/src/program.rs:267: Fetching initial state for account: ELoRR19zrps1G3UYKcAxr7LKbw3kbqkVUXVY9dETMWN7
2025-10-29T18:01:19.618457Z  WARN arx::program: arx/src/program.rs:144: Attempt 1/5: Failed to fetch account ELoRR19zrps1G3UYKcAxr7LKbw3kbqkVUXVY9dETMWN7: Account not found
2025-10-29T18:01:20.607757Z  WARN arx::program: arx/src/program.rs:144: Attempt 2/5: Failed to fetch account ELoRR19zrps1G3UYKcAxr7LKbw3kbqkVUXVY9dETMWN7: Account not found
2025-10-29T18:01:20.621648Z  WARN arx::program: arx/src/program.rs:144: Attempt 2/5: Failed to fetch account ELoRR19zrps1G3UYKcAxr7LKbw3kbqkVUXVY9dETMWN7: Account not found
2025-10-29T18:01:22.615982Z  WARN arx::program: arx/src/program.rs:144: Attempt 3/5: Failed to fetch account ELoRR19zrps1G3UYKcAxr7LKbw3kbqkVUXVY9dETMWN7: Account not found
2025-10-29T18:01:22.625559Z  WARN arx::program: arx/src/program.rs:144: Attempt 3/5: Failed to fetch account ELoRR19zrps1G3UYKcAxr7LKbw3kbqkVUXVY9dETMWN7: Account not found
2025-10-29T18:01:26.619771Z  WARN arx::program: arx/src/program.rs:144: Attempt 4/5: Failed to fetch account ELoRR19zrps1G3UYKcAxr7LKbw3kbqkVUXVY9dETMWN7: Account not found
2025-10-29T18:01:26.629979Z  WARN arx::program: arx/src/program.rs:144: Attempt 4/5: Failed to fetch account ELoRR19zrps1G3UYKcAxr7LKbw3kbqkVUXVY9dETMWN7: Account not found
2025-10-29T18:01:34.625787Z  WARN arx::program: arx/src/program.rs:144: Attempt 5/5: Failed to fetch account ELoRR19zrps1G3UYKcAxr7LKbw3kbqkVUXVY9dETMWN7: Account not found
2025-10-29T18:01:34.626962Z  WARN arx::units::node_transaction_unit: arx/src/units/node_transaction_unit.rs:68: Attempt 1/5: RPC error while calling self.activate_node(): RPC error: Attempt 5/5: Failed to fetch account ELoRR19zrps1G3UYKcAxr7LKbw3kbqkVUXVY9dETMWN7: Account not found
2025-10-29T18:01:34.635244Z  WARN arx::program: arx/src/program.rs:144: Attempt 5/5: Failed to fetch account ELoRR19zrps1G3UYKcAxr7LKbw3kbqkVUXVY9dETMWN7: Account not found
2025-10-29T18:01:34.635707Z ERROR arx::program: arx/src/program.rs:276: Failed to fetch initial state for account ELoRR19zrps1G3UYKcAxr7LKbw3kbqkVUXVY9dETMWN7: RPC error: Attempt 5/5: Failed to fetch account ELoRR19zrps1G3UYKcAxr7LKbw3kbqkVUXVY9dETMWN7: Account not found
2025-10-29T18:01:34.636033Z  INFO arx::program: arx/src/program.rs:279: Subscribing to account: ELoRR19zrps1G3UYKcAxr7LKbw3kbqkVUXVY9dETMWN7
2025-10-29T18:01:35.633226Z  WARN arx::program: arx/src/program.rs:144: Attempt 1/5: Failed to fetch account ELoRR19zrps1G3UYKcAxr7LKbw3kbqkVUXVY9dETMWN7: Account not found
2025-10-29T18:01:36.635485Z  WARN arx::program: arx/src/program.rs:144: Attempt 2/5: Failed to fetch account ELoRR19zrps1G3UYKcAxr7LKbw3kbqkVUXVY9dETMWN7: Account not found
2025-10-29T18:01:38.642499Z  WARN arx::program: arx/src/program.rs:144: Attempt 3/5: Failed to fetch account ELoRR19zrps1G3UYKcAxr7LKbw3kbqkVUXVY9dETMWN7: Account not found
2025-10-29T18:01:42.650276Z  WARN arx::program: arx/src/program.rs:144: Attempt 4/5: Failed to fetch account ELoRR19zrps1G3UYKcAxr7LKbw3kbqkVUXVY9dETMWN7: Account not found
2025-10-29T18:01:50.660954Z  WARN arx::program: arx/src/program.rs:144: Attempt 5/5: Failed to fetch account ELoRR19zrps1G3UYKcAxr7LKbw3kbqkVUXVY9dETMWN7: Account not found
2025-10-29T18:01:50.662232Z  WARN arx::units::node_transaction_unit: arx/src/units/node_transaction_unit.rs:68: Attempt 2/5: RPC error while calling self.activate_node(): RPC error: Attempt 5/5: Failed to fetch account ELoRR19zrps1G3UYKcAxr7LKbw3kbqkVUXVY9dETMWN7: Account not found
2025-10-29T18:01:52.666356Z  WARN arx::program: arx/src/program.rs:144: Attempt 1/5: Failed to fetch account ELoRR19zrps1G3UYKcAxr7LKbw3kbqkVUXVY9dETMWN7: Account not found
2025-10-29T18:01:53.673154Z  WARN arx::program: arx/src/program.rs:144: Attempt 2/5: Failed to fetch account ELoRR19zrps1G3UYKcAxr7LKbw3kbqkVUXVY9dETMWN7: Account not found
2025-10-29T18:01:55.678673Z  WARN arx::program: arx/src/program.rs:144: Attempt 3/5: Failed to fetch account ELoRR19zrps1G3UYKcAxr7LKbw3kbqkVUXVY9dETMWN7: Account not found
2025-10-29T18:01:59.682908Z  WARN arx::program: arx/src/program.rs:144: Attempt 4/5: Failed to fetch account ELoRR19zrps1G3UYKcAxr7LKbw3kbqkVUXVY9dETMWN7: Account not found
2025-10-29T18:02:07.691684Z  WARN arx::program: arx/src/program.rs:144: Attempt 5/5: Failed to fetch account ELoRR19zrps1G3UYKcAxr7LKbw3kbqkVUXVY9dETMWN7: Account not found
2025-10-29T18:02:07.693743Z  WARN arx::units::node_transaction_unit: arx/src/units/node_transaction_unit.rs:68: Attempt 3/5: RPC error while calling self.activate_node(): RPC error: Attempt 5/5: Failed to fetch account ELoRR19zrps1G3UYKcAxr7LKbw3kbqkVUXVY9dETMWN7: Account not found
2025-10-29T18:02:11.702161Z  WARN arx::program: arx/src/program.rs:144: Attempt 1/5: Failed to fetch account ELoRR19zrps1G3UYKcAxr7LKbw3kbqkVUXVY9dETMWN7: Account not found
2025-10-29T18:02:12.709714Z  WARN arx::program: arx/src/program.rs:144: Attempt 2/5: Failed to fetch account ELoRR19zrps1G3UYKcAxr7LKbw3kbqkVUXVY9dETMWN7: Account not found
2025-10-29T18:02:14.730484Z  WARN arx::program: arx/src/program.rs:144: Attempt 3/5: Failed to fetch account ELoRR19zrps1G3UYKcAxr7LKbw3kbqkVUXVY9dETMWN7: Account not found
2025-10-29T18:02:18.737074Z  WARN arx::program: arx/src/program.rs:144: Attempt 4/5: Failed to fetch account ELoRR19zrps1G3UYKcAxr7LKbw3kbqkVUXVY9dETMWN7: Account not found
2025-10-29T18:02:26.743434Z  WARN arx::program: arx/src/program.rs:144: Attempt 5/5: Failed to fetch account ELoRR19zrps1G3UYKcAxr7LKbw3kbqkVUXVY9dETMWN7: Account not found
2025-10-29T18:02:26.743564Z  WARN arx::units::node_transaction_unit: arx/src/units/node_transaction_unit.rs:68: Attempt 4/5: RPC error while calling self.activate_node(): RPC error: Attempt 5/5: Failed to fetch account ELoRR19zrps1G3UYKcAxr7LKbw3kbqkVUXVY9dETMWN7: Account not found
2025-10-29T18:02:34.752673Z  WARN arx::program: arx/src/program.rs:144: Attempt 1/5: Failed to fetch account ELoRR19zrps1G3UYKcAxr7LKbw3kbqkVUXVY9dETMWN7: Account not found
2025-10-29T18:02:35.762227Z  WARN arx::program: arx/src/program.rs:144: Attempt 2/5: Failed to fetch account ELoRR19zrps1G3UYKcAxr7LKbw3kbqkVUXVY9dETMWN7: Account not found
2025-10-29T18:02:37.769674Z  WARN arx::program: arx/src/program.rs:144: Attempt 3/5: Failed to fetch account ELoRR19zrps1G3UYKcAxr7LKbw3kbqkVUXVY9dETMWN7: Account not found
2025-10-29T18:02:41.774447Z  WARN arx::program: arx/src/program.rs:144: Attempt 4/5: Failed to fetch account ELoRR19zrps1G3UYKcAxr7LKbw3kbqkVUXVY9dETMWN7: Account not found
2025-10-29T18:02:49.782551Z  WARN arx::program: arx/src/program.rs:144: Attempt 5/5: Failed to fetch account ELoRR19zrps1G3UYKcAxr7LKbw3kbqkVUXVY9dETMWN7: Account not found
2025-10-29T18:02:49.783977Z  WARN arx::units::node_transaction_unit: arx/src/units/node_transaction_unit.rs:68: Attempt 5/5: RPC error while calling self.activate_node(): RPC error: Attempt 5/5: Failed to fetch account ELoRR19zrps1G3UYKcAxr7LKbw3kbqkVUXVY9dETMWN7: Account not found
2025-10-29T18:02:49.784881Z ERROR arx::units::node_transaction_unit: arx/src/units/node_transaction_unit.rs:73: Failed to activate node: RPC error: Attempt 5/5: RPC error: Attempt 5/5: Failed to fetch account ELoRR19zrps1G3UYKcAxr7LKbw3kbqkVUXVY9dETMWN7: Account not found, shutting down
2025-10-29T18:02:49.786609Z ERROR arx::coordinator: arx/src/coordinator.rs:208: Activation unit channel dropped without activation
2025-10-29T18:02:49.786946Z  INFO arx::coordinator: arx/src/coordinator.rs:437: Coordinator stopped
2025-10-29T18:02:49.791736Z  INFO arx::units::cache_unit: arx/src/units/cache_unit.rs:94: Coordinator channel closed, shutting down
2025-10-29T18:02:49.791953Z  INFO arx::units::cache_unit: arx/src/units/cache_unit.rs:138: Cache unit stopped
2025-10-29T18:02:49.793041Z  INFO arx::units::circuit_unit: arx/src/units/circuit_unit.rs:113: Coordinator channel closed, shutting down
2025-10-29T18:02:49.793882Z  INFO arx::units::circuit_unit: arx/src/units/circuit_unit.rs:139: Circuit unit stopped
2025-10-29T18:02:49.796178Z  INFO arx::units::cluster_unit: arx/src/units/cluster_unit.rs:91: Coordinator channel closed, shutting down
2025-10-29T18:02:49.796844Z  INFO arx: arx/src/main.rs:112: Shutdown channel closed, initiating shutdown
2025-10-29T18:02:49.797565Z  INFO arx::units::cluster_unit: arx/src/units/cluster_unit.rs:121: Cluster unit stopped
2025-10-29T18:02:49.798109Z  INFO arx::units::computation_transaction_unit: arx/src/units/computation_transaction_unit.rs:95: Coordinator channel closed, shutting down
2025-10-29T18:02:49.798285Z  INFO arx::units::computation_transaction_unit: arx/src/units/computation_transaction_unit.rs:132: Computations transaction unit stopped
2025-10-29T18:02:49.798538Z  INFO arx::units::execpool_unit: arx/src/units/execpool_unit.rs:96: Coordinator channel closed, shutting down
2025-10-29T18:02:49.798673Z  INFO arx::units::execpool_unit: arx/src/units/execpool_unit.rs:164: Execpool unit stopped
2025-10-29T18:02:49.800077Z  INFO arx::units::computation_unit: arx/src/units/computation_unit.rs:80: Coordinator channel closed, shutting down
2025-10-29T18:02:49.800785Z  INFO arx::units::computation_unit: arx/src/units/computation_unit.rs:153: Computation unit stopped
2025-10-29T18:02:49.801202Z  INFO arx::units::mempool_unit: arx/src/units/mempool_unit.rs:93: Coordinator channel closed, shutting down
2025-10-29T18:02:49.801260Z  INFO arx::units::mempool_unit: arx/src/units/mempool_unit.rs:155: Mempool unit stopped
2025-10-29T18:02:49.802227Z  INFO arx::units::mxe_unit: arx/src/units/mxe_unit.rs:91: Coordinator channel closed, shutting down
2025-10-29T18:02:49.803426Z  INFO arx::units::mxe_unit: arx/src/units/mxe_unit.rs:149: MXE unit stopped
2025-10-29T18:02:49.805194Z  INFO arx::units::state_unit: arx/src/units/state_unit.rs:115: Coordinator channel closed, shutting down
2025-10-29T18:02:49.805279Z  INFO arx::units::state_unit: arx/src/units/state_unit.rs:149: State unit stopped
2025-10-29T18:02:49.805331Z  INFO arx::program: arx/src/program.rs:260: T channel closed, shutting down pub/sub
2025-10-29T18:02:49.805925Z  INFO arx: arx/src/main.rs:117: Coordinator completed successfully
2025-10-29T18:02:49.806248Z  INFO arx::program: arx/src/program.rs:365: Pub/sub client stopped
2025-10-29T18:02:49.809025Z  INFO arx::units::online_phase_unit: arx/src/units/online_phase_unit.rs:158: Coordinator channel closed, shutting down
2025-10-29T18:02:49.809243Z  INFO arx::program: arx/src/program.rs:305: Account subscription channel closed, shutting down pub/sub
2025-10-29T18:02:49.809321Z  INFO arx::program: arx/src/program.rs:305: Account subscription channel closed, shutting down pub/sub
2025-10-29T18:02:49.809365Z  INFO arx::program: arx/src/program.rs:365: Pub/sub client stopped
2025-10-29T18:02:49.809553Z  INFO arx::units::peers_unit: arx/src/units/peers_unit.rs:82: Coordinator channel closed, shutting down
2025-10-29T18:02:49.809658Z  INFO arx::units::online_phase_unit: arx/src/units/online_phase_unit.rs:300: Waiting for computations to finish...
2025-10-29T18:02:49.809718Z  INFO arx::units::online_phase_unit: arx/src/units/online_phase_unit.rs:307: Online phase unit stopped
2025-10-29T18:02:49.810013Z  INFO arx::units::peers_unit: arx/src/units/peers_unit.rs:105: Peers unit stopped
2025-10-29T18:02:49.810243Z  INFO arx::program: arx/src/program.rs:365: Pub/sub client stopped
2025-10-29T18:02:49.811958Z  INFO arx::program: arx/src/program.rs:305: Account subscription channel closed, shutting down pub/sub
2025-10-29T18:02:49.812751Z  INFO arx::program: arx/src/program.rs:365: Pub/sub client stopped
2025-10-29T18:02:49.821855Z  INFO network::router::network_router: /home/runner/.cargo/git/checkouts/async-mpc-1dbbf554a14e7a32/b307074/network/src/router/network_router.rs:323: Router dropped.    
2025-10-29T18:02:49.830235Z  WARN network::router::network_router: /home/runner/.cargo/git/checkouts/async-mpc-1dbbf554a14e7a32/b307074/network/src/router/network_router.rs:114: Router dropped.    
2025-10-29T18:02:49.834085Z  INFO arx: arx/src/main.rs:123: Unit completed successfully
2025-10-29T18:02:49.834160Z  INFO arx: arx/src/main.rs:123: Unit completed successfully
2025-10-29T18:02:49.834547Z  INFO arx: arx/src/main.rs:123: Unit completed successfully
2025-10-29T18:02:49.834698Z  INFO arx: arx/src/main.rs:123: Unit completed successfully
2025-10-29T18:02:49.834725Z  INFO arx: arx/src/main.rs:123: Unit completed successfully
2025-10-29T18:02:49.834747Z  INFO arx: arx/src/main.rs:123: Unit completed successfully
2025-10-29T18:02:49.834771Z  INFO arx: arx/src/main.rs:123: Unit completed successfully
2025-10-29T18:02:49.834793Z  INFO arx: arx/src/main.rs:123: Unit completed successfully
2025-10-29T18:02:49.834820Z  INFO arx: arx/src/main.rs:123: Unit completed successfully
2025-10-29T18:02:49.834850Z  INFO arx: arx/src/main.rs:123: Unit completed successfully
2025-10-29T18:02:49.834878Z  INFO arx: arx/src/main.rs:123: Unit completed successfully
2025-10-29T18:02:49.834905Z  INFO arx: arx/src/main.rs:123: Unit completed successfully
