2025-10-29T18:30:11.543911Z DEBUG arx: arx/src/main.rs:53: Checking Solana is up and running
2025-10-29T18:30:11.677106Z  INFO arx: arx/src/main.rs:58: Running ARX
2025-10-29T18:30:11.677550Z DEBUG arx: arx/src/main.rs:60: Reading node keypair, callback authority keypair, and identity files from env
2025-10-29T18:30:11.678147Z DEBUG arx: arx/src/main.rs:68: Reading node keypair, callback authority keypair, and identity files
2025-10-29T18:30:11.687961Z DEBUG arx: arx/src/main.rs:78: Installing AWS LC crypto provider
2025-10-29T18:30:11.688187Z  INFO arx: arx/src/main.rs:83: Creating ARX coordinator
2025-10-29T18:30:11.829638Z  INFO arx::units::cache_unit: arx/src/units/cache_unit.rs:88: Cache unit started
2025-10-29T18:30:11.830271Z  INFO arx::units::circuit_unit: arx/src/units/circuit_unit.rs:107: Circuit unit started
2025-10-29T18:30:11.833335Z  INFO arx::units::cluster_unit: arx/src/units/cluster_unit.rs:66: Cluster unit started
2025-10-29T18:30:11.833876Z DEBUG arx::units::cluster_unit: arx/src/units/cluster_unit.rs:68: Running pub/sub for arx node account
2025-10-29T18:30:11.834800Z  INFO arx::units::computation_transaction_unit: arx/src/units/computation_transaction_unit.rs:89: Computation transaction unit started
2025-10-29T18:30:11.836982Z  INFO arx::units::execpool_unit: arx/src/units/execpool_unit.rs:80: Execpool unit started
2025-10-29T18:30:11.837035Z DEBUG arx::units::execpool_unit: arx/src/units/execpool_unit.rs:82: Running pub/sub for mempools accounts
2025-10-29T18:30:11.837570Z  INFO arx::units::computation_unit: arx/src/units/computation_unit.rs:74: Inputs unit started
2025-10-29T18:30:11.837650Z DEBUG arx::units::cluster_unit: arx/src/units/cluster_unit.rs:78: Subscribing to arx node account
2025-10-29T18:30:11.839169Z  INFO arx::units::mempool_unit: arx/src/units/mempool_unit.rs:77: Mempool unit started
2025-10-29T18:30:11.839204Z DEBUG arx::units::mempool_unit: arx/src/units/mempool_unit.rs:79: Running pub/sub for mempools accounts
2025-10-29T18:30:11.841462Z  INFO arx::units::mxe_unit: arx/src/units/mxe_unit.rs:75: MXE unit started
2025-10-29T18:30:11.841733Z  INFO arx::units::node_transaction_unit: arx/src/units/node_transaction_unit.rs:65: Node transaction unit started
2025-10-29T18:30:11.841896Z  INFO arx::units::node_transaction_unit: arx/src/units/node_transaction_unit.rs:67: Activating node
2025-10-29T18:30:11.842089Z DEBUG arx::units::mxe_unit: arx/src/units/mxe_unit.rs:77: Running pub/sub for clusters accounts
2025-10-29T18:30:11.842813Z  INFO arx::units::online_phase_unit: arx/src/units/online_phase_unit.rs:152: Online phase unit started
2025-10-29T18:30:11.844520Z  INFO arx::units::peers_unit: arx/src/units/peers_unit.rs:76: Peers unit started
2025-10-29T18:30:11.844784Z  INFO arx: arx/src/main.rs:93: Coordinator created successfully
2025-10-29T18:30:11.844884Z  INFO arx::units::state_unit: arx/src/units/state_unit.rs:109: State unit started
2025-10-29T18:30:11.845749Z  INFO arx: arx/src/main.rs:102: Starting ARX coordinator
2025-10-29T18:30:11.847123Z  INFO arx::program: arx/src/program.rs:242: Pub/sub client started
2025-10-29T18:30:11.847636Z  INFO arx::program: arx/src/program.rs:244: Connecting initial pub/sub
2025-10-29T18:30:11.849082Z  INFO arx: arx/src/main.rs:105: Waiting for Ctrl+C
2025-10-29T18:30:11.850335Z  INFO arx::program: arx/src/program.rs:242: Pub/sub client started
2025-10-29T18:30:11.850396Z  INFO arx::program: arx/src/program.rs:244: Connecting initial pub/sub
2025-10-29T18:30:11.850510Z  INFO arx::coordinator: arx/src/coordinator.rs:198: Coordinator started
2025-10-29T18:30:11.851845Z  INFO arx::program: arx/src/program.rs:242: Pub/sub client started
2025-10-29T18:30:11.851896Z  INFO arx::program: arx/src/program.rs:244: Connecting initial pub/sub
2025-10-29T18:30:11.853866Z  INFO arx::program: arx/src/program.rs:242: Pub/sub client started
2025-10-29T18:30:11.853907Z  INFO arx::program: arx/src/program.rs:244: Connecting initial pub/sub
2025-10-29T18:30:11.869368Z  WARN arx::program: arx/src/program.rs:144: Attempt 1/5: Failed to fetch account ELoRR19zrps1G3UYKcAxr7LKbw3kbqkVUXVY9dETMWN7: Account not found
2025-10-29T18:30:11.878636Z  INFO arx::program: arx/src/program.rs:267: Fetching initial state for account: ELoRR19zrps1G3UYKcAxr7LKbw3kbqkVUXVY9dETMWN7
2025-10-29T18:30:11.880112Z  WARN arx::program: arx/src/program.rs:144: Attempt 1/5: Failed to fetch account ELoRR19zrps1G3UYKcAxr7LKbw3kbqkVUXVY9dETMWN7: Account not found
2025-10-29T18:30:12.875539Z  WARN arx::program: arx/src/program.rs:144: Attempt 2/5: Failed to fetch account ELoRR19zrps1G3UYKcAxr7LKbw3kbqkVUXVY9dETMWN7: Account not found
2025-10-29T18:30:12.885196Z  WARN arx::program: arx/src/program.rs:144: Attempt 2/5: Failed to fetch account ELoRR19zrps1G3UYKcAxr7LKbw3kbqkVUXVY9dETMWN7: Account not found
2025-10-29T18:30:14.881070Z  WARN arx::program: arx/src/program.rs:144: Attempt 3/5: Failed to fetch account ELoRR19zrps1G3UYKcAxr7LKbw3kbqkVUXVY9dETMWN7: Account not found
2025-10-29T18:30:14.888321Z  WARN arx::program: arx/src/program.rs:144: Attempt 3/5: Failed to fetch account ELoRR19zrps1G3UYKcAxr7LKbw3kbqkVUXVY9dETMWN7: Account not found
2025-10-29T18:30:18.890920Z  WARN arx::program: arx/src/program.rs:144: Attempt 4/5: Failed to fetch account ELoRR19zrps1G3UYKcAxr7LKbw3kbqkVUXVY9dETMWN7: Account not found
2025-10-29T18:30:18.891459Z  WARN arx::program: arx/src/program.rs:144: Attempt 4/5: Failed to fetch account ELoRR19zrps1G3UYKcAxr7LKbw3kbqkVUXVY9dETMWN7: Account not found
2025-10-29T18:30:26.899965Z  WARN arx::program: arx/src/program.rs:144: Attempt 5/5: Failed to fetch account ELoRR19zrps1G3UYKcAxr7LKbw3kbqkVUXVY9dETMWN7: Account not found
2025-10-29T18:30:26.905506Z  WARN arx::units::node_transaction_unit: arx/src/units/node_transaction_unit.rs:68: Attempt 1/5: RPC error while calling self.activate_node(): RPC error: Attempt 5/5: Failed to fetch account ELoRR19zrps1G3UYKcAxr7LKbw3kbqkVUXVY9dETMWN7: Account not found
2025-10-29T18:30:26.906437Z  WARN arx::program: arx/src/program.rs:144: Attempt 5/5: Failed to fetch account ELoRR19zrps1G3UYKcAxr7LKbw3kbqkVUXVY9dETMWN7: Account not found
2025-10-29T18:30:26.907071Z ERROR arx::program: arx/src/program.rs:276: Failed to fetch initial state for account ELoRR19zrps1G3UYKcAxr7LKbw3kbqkVUXVY9dETMWN7: RPC error: Attempt 5/5: Failed to fetch account ELoRR19zrps1G3UYKcAxr7LKbw3kbqkVUXVY9dETMWN7: Account not found
2025-10-29T18:30:26.907336Z  INFO arx::program: arx/src/program.rs:279: Subscribing to account: ELoRR19zrps1G3UYKcAxr7LKbw3kbqkVUXVY9dETMWN7
2025-10-29T18:30:27.913494Z  WARN arx::program: arx/src/program.rs:144: Attempt 1/5: Failed to fetch account ELoRR19zrps1G3UYKcAxr7LKbw3kbqkVUXVY9dETMWN7: Account not found
2025-10-29T18:30:28.921398Z  WARN arx::program: arx/src/program.rs:144: Attempt 2/5: Failed to fetch account ELoRR19zrps1G3UYKcAxr7LKbw3kbqkVUXVY9dETMWN7: Account not found
2025-10-29T18:30:30.925732Z  WARN arx::program: arx/src/program.rs:144: Attempt 3/5: Failed to fetch account ELoRR19zrps1G3UYKcAxr7LKbw3kbqkVUXVY9dETMWN7: Account not found
2025-10-29T18:30:34.944495Z  WARN arx::program: arx/src/program.rs:144: Attempt 4/5: Failed to fetch account ELoRR19zrps1G3UYKcAxr7LKbw3kbqkVUXVY9dETMWN7: Account not found
2025-10-29T18:30:42.951658Z  WARN arx::program: arx/src/program.rs:144: Attempt 5/5: Failed to fetch account ELoRR19zrps1G3UYKcAxr7LKbw3kbqkVUXVY9dETMWN7: Account not found
2025-10-29T18:30:42.952583Z  WARN arx::units::node_transaction_unit: arx/src/units/node_transaction_unit.rs:68: Attempt 2/5: RPC error while calling self.activate_node(): RPC error: Attempt 5/5: Failed to fetch account ELoRR19zrps1G3UYKcAxr7LKbw3kbqkVUXVY9dETMWN7: Account not found
2025-10-29T18:30:44.956885Z  WARN arx::program: arx/src/program.rs:144: Attempt 1/5: Failed to fetch account ELoRR19zrps1G3UYKcAxr7LKbw3kbqkVUXVY9dETMWN7: Account not found
2025-10-29T18:30:45.961190Z  WARN arx::program: arx/src/program.rs:144: Attempt 2/5: Failed to fetch account ELoRR19zrps1G3UYKcAxr7LKbw3kbqkVUXVY9dETMWN7: Account not found
2025-10-29T18:30:47.968712Z  WARN arx::program: arx/src/program.rs:144: Attempt 3/5: Failed to fetch account ELoRR19zrps1G3UYKcAxr7LKbw3kbqkVUXVY9dETMWN7: Account not found
2025-10-29T18:30:51.976537Z  WARN arx::program: arx/src/program.rs:144: Attempt 4/5: Failed to fetch account ELoRR19zrps1G3UYKcAxr7LKbw3kbqkVUXVY9dETMWN7: Account not found
2025-10-29T18:30:59.984047Z  WARN arx::program: arx/src/program.rs:144: Attempt 5/5: Failed to fetch account ELoRR19zrps1G3UYKcAxr7LKbw3kbqkVUXVY9dETMWN7: Account not found
2025-10-29T18:30:59.985625Z  WARN arx::units::node_transaction_unit: arx/src/units/node_transaction_unit.rs:68: Attempt 3/5: RPC error while calling self.activate_node(): RPC error: Attempt 5/5: Failed to fetch account ELoRR19zrps1G3UYKcAxr7LKbw3kbqkVUXVY9dETMWN7: Account not found
2025-10-29T18:31:03.993950Z  WARN arx::program: arx/src/program.rs:144: Attempt 1/5: Failed to fetch account ELoRR19zrps1G3UYKcAxr7LKbw3kbqkVUXVY9dETMWN7: Account not found
2025-10-29T18:31:04.998894Z  WARN arx::program: arx/src/program.rs:144: Attempt 2/5: Failed to fetch account ELoRR19zrps1G3UYKcAxr7LKbw3kbqkVUXVY9dETMWN7: Account not found
2025-10-29T18:31:07.007885Z  WARN arx::program: arx/src/program.rs:144: Attempt 3/5: Failed to fetch account ELoRR19zrps1G3UYKcAxr7LKbw3kbqkVUXVY9dETMWN7: Account not found
2025-10-29T18:31:11.016102Z  WARN arx::program: arx/src/program.rs:144: Attempt 4/5: Failed to fetch account ELoRR19zrps1G3UYKcAxr7LKbw3kbqkVUXVY9dETMWN7: Account not found
2025-10-29T18:31:19.024258Z  WARN arx::program: arx/src/program.rs:144: Attempt 5/5: Failed to fetch account ELoRR19zrps1G3UYKcAxr7LKbw3kbqkVUXVY9dETMWN7: Account not found
2025-10-29T18:31:19.025230Z  WARN arx::units::node_transaction_unit: arx/src/units/node_transaction_unit.rs:68: Attempt 4/5: RPC error while calling self.activate_node(): RPC error: Attempt 5/5: Failed to fetch account ELoRR19zrps1G3UYKcAxr7LKbw3kbqkVUXVY9dETMWN7: Account not found
2025-10-29T18:31:27.034032Z  WARN arx::program: arx/src/program.rs:144: Attempt 1/5: Failed to fetch account ELoRR19zrps1G3UYKcAxr7LKbw3kbqkVUXVY9dETMWN7: Account not found
2025-10-29T18:31:28.041465Z  WARN arx::program: arx/src/program.rs:144: Attempt 2/5: Failed to fetch account ELoRR19zrps1G3UYKcAxr7LKbw3kbqkVUXVY9dETMWN7: Account not found
2025-10-29T18:31:30.054567Z  WARN arx::program: arx/src/program.rs:144: Attempt 3/5: Failed to fetch account ELoRR19zrps1G3UYKcAxr7LKbw3kbqkVUXVY9dETMWN7: Account not found
2025-10-29T18:31:34.069610Z  WARN arx::program: arx/src/program.rs:144: Attempt 4/5: Failed to fetch account ELoRR19zrps1G3UYKcAxr7LKbw3kbqkVUXVY9dETMWN7: Account not found
2025-10-29T18:31:42.078959Z  WARN arx::program: arx/src/program.rs:144: Attempt 5/5: Failed to fetch account ELoRR19zrps1G3UYKcAxr7LKbw3kbqkVUXVY9dETMWN7: Account not found
2025-10-29T18:31:42.079852Z  WARN arx::units::node_transaction_unit: arx/src/units/node_transaction_unit.rs:68: Attempt 5/5: RPC error while calling self.activate_node(): RPC error: Attempt 5/5: Failed to fetch account ELoRR19zrps1G3UYKcAxr7LKbw3kbqkVUXVY9dETMWN7: Account not found
2025-10-29T18:31:42.083922Z ERROR arx::units::node_transaction_unit: arx/src/units/node_transaction_unit.rs:73: Failed to activate node: RPC error: Attempt 5/5: RPC error: Attempt 5/5: Failed to fetch account ELoRR19zrps1G3UYKcAxr7LKbw3kbqkVUXVY9dETMWN7: Account not found, shutting down
2025-10-29T18:31:42.085710Z ERROR arx::coordinator: arx/src/coordinator.rs:208: Activation unit channel dropped without activation
2025-10-29T18:31:42.086039Z  INFO arx::coordinator: arx/src/coordinator.rs:437: Coordinator stopped
2025-10-29T18:31:42.090876Z  INFO arx::units::cache_unit: arx/src/units/cache_unit.rs:94: Coordinator channel closed, shutting down
2025-10-29T18:31:42.091001Z  INFO arx::units::cache_unit: arx/src/units/cache_unit.rs:138: Cache unit stopped
2025-10-29T18:31:42.092478Z  INFO arx::units::circuit_unit: arx/src/units/circuit_unit.rs:113: Coordinator channel closed, shutting down
2025-10-29T18:31:42.093194Z  INFO arx::units::circuit_unit: arx/src/units/circuit_unit.rs:139: Circuit unit stopped
2025-10-29T18:31:42.093600Z  INFO arx: arx/src/main.rs:112: Shutdown channel closed, initiating shutdown
2025-10-29T18:31:42.094514Z  INFO arx::units::cluster_unit: arx/src/units/cluster_unit.rs:91: Coordinator channel closed, shutting down
2025-10-29T18:31:42.096269Z  INFO arx::units::cluster_unit: arx/src/units/cluster_unit.rs:121: Cluster unit stopped
2025-10-29T18:31:42.096553Z  INFO arx::units::computation_transaction_unit: arx/src/units/computation_transaction_unit.rs:95: Coordinator channel closed, shutting down
2025-10-29T18:31:42.096717Z  INFO arx::units::computation_transaction_unit: arx/src/units/computation_transaction_unit.rs:132: Computations transaction unit stopped
2025-10-29T18:31:42.097024Z  INFO arx::units::execpool_unit: arx/src/units/execpool_unit.rs:96: Coordinator channel closed, shutting down
2025-10-29T18:31:42.097206Z  INFO arx::units::execpool_unit: arx/src/units/execpool_unit.rs:164: Execpool unit stopped
2025-10-29T18:31:42.097940Z  INFO arx::units::computation_unit: arx/src/units/computation_unit.rs:80: Coordinator channel closed, shutting down
2025-10-29T18:31:42.098931Z  INFO arx::units::computation_unit: arx/src/units/computation_unit.rs:153: Computation unit stopped
2025-10-29T18:31:42.099004Z  INFO arx::units::mempool_unit: arx/src/units/mempool_unit.rs:93: Coordinator channel closed, shutting down
2025-10-29T18:31:42.099382Z  INFO arx::units::mempool_unit: arx/src/units/mempool_unit.rs:155: Mempool unit stopped
2025-10-29T18:31:42.100185Z  INFO arx::units::mxe_unit: arx/src/units/mxe_unit.rs:91: Coordinator channel closed, shutting down
2025-10-29T18:31:42.101071Z  INFO arx::units::mxe_unit: arx/src/units/mxe_unit.rs:149: MXE unit stopped
2025-10-29T18:31:42.103419Z  INFO arx::units::state_unit: arx/src/units/state_unit.rs:115: Coordinator channel closed, shutting down
2025-10-29T18:31:42.103558Z  INFO arx::units::state_unit: arx/src/units/state_unit.rs:149: State unit stopped
2025-10-29T18:31:42.103768Z  INFO arx: arx/src/main.rs:117: Coordinator completed successfully
2025-10-29T18:31:42.105520Z  INFO arx::program: arx/src/program.rs:305: Account subscription channel closed, shutting down pub/sub
2025-10-29T18:31:42.105710Z  INFO arx::program: arx/src/program.rs:305: Account subscription channel closed, shutting down pub/sub
2025-10-29T18:31:42.106028Z  INFO arx::program: arx/src/program.rs:365: Pub/sub client stopped
2025-10-29T18:31:42.107103Z  INFO arx::program: arx/src/program.rs:305: Account subscription channel closed, shutting down pub/sub
2025-10-29T18:31:42.107253Z  INFO arx::program: arx/src/program.rs:365: Pub/sub client stopped
2025-10-29T18:31:42.107367Z  INFO arx::units::peers_unit: arx/src/units/peers_unit.rs:82: Coordinator channel closed, shutting down
2025-10-29T18:31:42.107446Z  INFO arx::program: arx/src/program.rs:365: Pub/sub client stopped
2025-10-29T18:31:42.107533Z  INFO arx::units::online_phase_unit: arx/src/units/online_phase_unit.rs:158: Coordinator channel closed, shutting down
2025-10-29T18:31:42.107749Z  INFO arx::units::peers_unit: arx/src/units/peers_unit.rs:105: Peers unit stopped
2025-10-29T18:31:42.107914Z  INFO arx::units::online_phase_unit: arx/src/units/online_phase_unit.rs:300: Waiting for computations to finish...
2025-10-29T18:31:42.107967Z  INFO arx::units::online_phase_unit: arx/src/units/online_phase_unit.rs:307: Online phase unit stopped
2025-10-29T18:31:42.110708Z  INFO arx::program: arx/src/program.rs:260: T channel closed, shutting down pub/sub
2025-10-29T18:31:42.112008Z  INFO arx::program: arx/src/program.rs:365: Pub/sub client stopped
2025-10-29T18:31:42.122911Z  INFO network::router::network_router: /home/runner/.cargo/git/checkouts/async-mpc-1dbbf554a14e7a32/b307074/network/src/router/network_router.rs:323: Router dropped.    
2025-10-29T18:31:42.127907Z  WARN network::router::network_router: /home/runner/.cargo/git/checkouts/async-mpc-1dbbf554a14e7a32/b307074/network/src/router/network_router.rs:114: Router dropped.    
2025-10-29T18:31:42.130875Z  INFO arx: arx/src/main.rs:123: Unit completed successfully
2025-10-29T18:31:42.130942Z  INFO arx: arx/src/main.rs:123: Unit completed successfully
2025-10-29T18:31:42.130980Z  INFO arx: arx/src/main.rs:123: Unit completed successfully
2025-10-29T18:31:42.131089Z  INFO arx: arx/src/main.rs:123: Unit completed successfully
2025-10-29T18:31:42.131159Z  INFO arx: arx/src/main.rs:123: Unit completed successfully
2025-10-29T18:31:42.131262Z  INFO arx: arx/src/main.rs:123: Unit completed successfully
2025-10-29T18:31:42.131460Z  INFO arx: arx/src/main.rs:123: Unit completed successfully
2025-10-29T18:31:42.131490Z  INFO arx: arx/src/main.rs:123: Unit completed successfully
2025-10-29T18:31:42.131510Z  INFO arx: arx/src/main.rs:123: Unit completed successfully
2025-10-29T18:31:42.131534Z  INFO arx: arx/src/main.rs:123: Unit completed successfully
2025-10-29T18:31:42.131558Z  INFO arx: arx/src/main.rs:123: Unit completed successfully
2025-10-29T18:31:42.131591Z  INFO arx: arx/src/main.rs:123: Unit completed successfully
