2025-10-29T16:53:47.867923Z DEBUG arx: arx/src/main.rs:53: Checking Solana is up and running
2025-10-29T16:53:47.980066Z  INFO arx: arx/src/main.rs:58: Running ARX
2025-10-29T16:53:47.980513Z DEBUG arx: arx/src/main.rs:60: Reading node keypair, callback authority keypair, and identity files from env
2025-10-29T16:53:47.980688Z DEBUG arx: arx/src/main.rs:68: Reading node keypair, callback authority keypair, and identity files
2025-10-29T16:53:47.988685Z DEBUG arx: arx/src/main.rs:78: Installing AWS LC crypto provider
2025-10-29T16:53:47.988814Z  INFO arx: arx/src/main.rs:83: Creating ARX coordinator
2025-10-29T16:53:48.115305Z  INFO arx::units::cache_unit: arx/src/units/cache_unit.rs:88: Cache unit started
2025-10-29T16:53:48.115955Z  INFO arx::units::circuit_unit: arx/src/units/circuit_unit.rs:107: Circuit unit started
2025-10-29T16:53:48.117514Z  INFO arx::units::cluster_unit: arx/src/units/cluster_unit.rs:66: Cluster unit started
2025-10-29T16:53:48.117833Z DEBUG arx::units::cluster_unit: arx/src/units/cluster_unit.rs:68: Running pub/sub for arx node account
2025-10-29T16:53:48.118809Z  INFO arx::units::computation_transaction_unit: arx/src/units/computation_transaction_unit.rs:89: Computation transaction unit started
2025-10-29T16:53:48.120180Z  INFO arx::units::execpool_unit: arx/src/units/execpool_unit.rs:80: Execpool unit started
2025-10-29T16:53:48.120235Z DEBUG arx::units::execpool_unit: arx/src/units/execpool_unit.rs:82: Running pub/sub for mempools accounts
2025-10-29T16:53:48.121235Z DEBUG arx::units::cluster_unit: arx/src/units/cluster_unit.rs:78: Subscribing to arx node account
2025-10-29T16:53:48.121359Z  INFO arx::units::computation_unit: arx/src/units/computation_unit.rs:74: Inputs unit started
2025-10-29T16:53:48.122537Z  INFO arx::units::mempool_unit: arx/src/units/mempool_unit.rs:77: Mempool unit started
2025-10-29T16:53:48.122581Z DEBUG arx::units::mempool_unit: arx/src/units/mempool_unit.rs:79: Running pub/sub for mempools accounts
2025-10-29T16:53:48.124544Z  INFO arx::units::mxe_unit: arx/src/units/mxe_unit.rs:75: MXE unit started
2025-10-29T16:53:48.125064Z  INFO arx::units::node_transaction_unit: arx/src/units/node_transaction_unit.rs:65: Node transaction unit started
2025-10-29T16:53:48.125107Z  INFO arx::units::node_transaction_unit: arx/src/units/node_transaction_unit.rs:67: Activating node
2025-10-29T16:53:48.125123Z DEBUG arx::units::mxe_unit: arx/src/units/mxe_unit.rs:77: Running pub/sub for clusters accounts
2025-10-29T16:53:48.126037Z  INFO arx::units::online_phase_unit: arx/src/units/online_phase_unit.rs:152: Online phase unit started
2025-10-29T16:53:48.127223Z  INFO arx::units::peers_unit: arx/src/units/peers_unit.rs:76: Peers unit started
2025-10-29T16:53:48.127540Z  INFO arx: arx/src/main.rs:93: Coordinator created successfully
2025-10-29T16:53:48.127606Z  INFO arx::units::state_unit: arx/src/units/state_unit.rs:109: State unit started
2025-10-29T16:53:48.128508Z  INFO arx: arx/src/main.rs:102: Starting ARX coordinator
2025-10-29T16:53:48.129122Z  INFO arx::program: arx/src/program.rs:242: Pub/sub client started
2025-10-29T16:53:48.129605Z  INFO arx::program: arx/src/program.rs:244: Connecting initial pub/sub
2025-10-29T16:53:48.131285Z  INFO arx: arx/src/main.rs:105: Waiting for Ctrl+C
2025-10-29T16:53:48.131570Z  INFO arx::program: arx/src/program.rs:242: Pub/sub client started
2025-10-29T16:53:48.131653Z  INFO arx::program: arx/src/program.rs:244: Connecting initial pub/sub
2025-10-29T16:53:48.132418Z  INFO arx::coordinator: arx/src/coordinator.rs:198: Coordinator started
2025-10-29T16:53:48.133116Z  INFO arx::program: arx/src/program.rs:242: Pub/sub client started
2025-10-29T16:53:48.133159Z  INFO arx::program: arx/src/program.rs:244: Connecting initial pub/sub
2025-10-29T16:53:48.135366Z  INFO arx::program: arx/src/program.rs:242: Pub/sub client started
2025-10-29T16:53:48.135412Z  INFO arx::program: arx/src/program.rs:244: Connecting initial pub/sub
2025-10-29T16:53:48.147660Z  WARN arx::program: arx/src/program.rs:144: Attempt 1/5: Failed to fetch account ELoRR19zrps1G3UYKcAxr7LKbw3kbqkVUXVY9dETMWN7: Account not found
2025-10-29T16:53:48.154642Z  INFO arx::program: arx/src/program.rs:267: Fetching initial state for account: ELoRR19zrps1G3UYKcAxr7LKbw3kbqkVUXVY9dETMWN7
2025-10-29T16:53:48.156703Z  WARN arx::program: arx/src/program.rs:144: Attempt 1/5: Failed to fetch account ELoRR19zrps1G3UYKcAxr7LKbw3kbqkVUXVY9dETMWN7: Account not found
2025-10-29T16:53:49.153414Z  WARN arx::program: arx/src/program.rs:144: Attempt 2/5: Failed to fetch account ELoRR19zrps1G3UYKcAxr7LKbw3kbqkVUXVY9dETMWN7: Account not found
2025-10-29T16:53:49.161767Z  WARN arx::program: arx/src/program.rs:144: Attempt 2/5: Failed to fetch account ELoRR19zrps1G3UYKcAxr7LKbw3kbqkVUXVY9dETMWN7: Account not found
2025-10-29T16:53:51.160103Z  WARN arx::program: arx/src/program.rs:144: Attempt 3/5: Failed to fetch account ELoRR19zrps1G3UYKcAxr7LKbw3kbqkVUXVY9dETMWN7: Account not found
2025-10-29T16:53:51.167377Z  WARN arx::program: arx/src/program.rs:144: Attempt 3/5: Failed to fetch account ELoRR19zrps1G3UYKcAxr7LKbw3kbqkVUXVY9dETMWN7: Account not found
2025-10-29T16:53:55.168091Z  WARN arx::program: arx/src/program.rs:144: Attempt 4/5: Failed to fetch account ELoRR19zrps1G3UYKcAxr7LKbw3kbqkVUXVY9dETMWN7: Account not found
2025-10-29T16:53:55.169816Z  WARN arx::program: arx/src/program.rs:144: Attempt 4/5: Failed to fetch account ELoRR19zrps1G3UYKcAxr7LKbw3kbqkVUXVY9dETMWN7: Account not found
2025-10-29T16:54:03.189592Z  WARN arx::program: arx/src/program.rs:144: Attempt 5/5: Failed to fetch account ELoRR19zrps1G3UYKcAxr7LKbw3kbqkVUXVY9dETMWN7: AccountNotFound: pubkey=ELoRR19zrps1G3UYKcAxr7LKbw3kbqkVUXVY9dETMWN7: error sending request for url (http://host.docker.internal:8899/): error trying to connect: tcp connect error: Connection refused (os error 111)
2025-10-29T16:54:03.189592Z  WARN arx::program: arx/src/program.rs:144: Attempt 5/5: Failed to fetch account ELoRR19zrps1G3UYKcAxr7LKbw3kbqkVUXVY9dETMWN7: AccountNotFound: pubkey=ELoRR19zrps1G3UYKcAxr7LKbw3kbqkVUXVY9dETMWN7: error sending request for url (http://host.docker.internal:8899/): error trying to connect: tcp connect error: Connection refused (os error 111)
2025-10-29T16:54:03.190558Z ERROR arx::program: arx/src/program.rs:276: Failed to fetch initial state for account ELoRR19zrps1G3UYKcAxr7LKbw3kbqkVUXVY9dETMWN7: RPC error: Attempt 5/5: Failed to fetch account ELoRR19zrps1G3UYKcAxr7LKbw3kbqkVUXVY9dETMWN7: AccountNotFound: pubkey=ELoRR19zrps1G3UYKcAxr7LKbw3kbqkVUXVY9dETMWN7: error sending request for url (http://host.docker.internal:8899/): error trying to connect: tcp connect error: Connection refused (os error 111)
2025-10-29T16:54:03.191039Z  INFO arx::program: arx/src/program.rs:279: Subscribing to account: ELoRR19zrps1G3UYKcAxr7LKbw3kbqkVUXVY9dETMWN7
2025-10-29T16:54:03.191008Z  WARN arx::units::node_transaction_unit: arx/src/units/node_transaction_unit.rs:68: Attempt 1/5: RPC error while calling self.activate_node(): RPC error: Attempt 5/5: Failed to fetch account ELoRR19zrps1G3UYKcAxr7LKbw3kbqkVUXVY9dETMWN7: AccountNotFound: pubkey=ELoRR19zrps1G3UYKcAxr7LKbw3kbqkVUXVY9dETMWN7: error sending request for url (http://host.docker.internal:8899/): error trying to connect: tcp connect error: Connection refused (os error 111)
2025-10-29T16:54:03.192291Z  WARN arx::program: arx/src/program.rs:412: Attempt 1/5: Failed to subscribe to account ELoRR19zrps1G3UYKcAxr7LKbw3kbqkVUXVY9dETMWN7: connection closed ((channel closed)
2025-10-29T16:54:04.196923Z  WARN arx::program: arx/src/program.rs:412: Attempt 2/5: Failed to subscribe to account ELoRR19zrps1G3UYKcAxr7LKbw3kbqkVUXVY9dETMWN7: connection closed ((channel closed)
2025-10-29T16:54:04.199559Z  WARN arx::program: arx/src/program.rs:144: Attempt 1/5: Failed to fetch account ELoRR19zrps1G3UYKcAxr7LKbw3kbqkVUXVY9dETMWN7: AccountNotFound: pubkey=ELoRR19zrps1G3UYKcAxr7LKbw3kbqkVUXVY9dETMWN7: error sending request for url (http://host.docker.internal:8899/): error trying to connect: tcp connect error: Connection refused (os error 111)
2025-10-29T16:54:05.209037Z  WARN arx::program: arx/src/program.rs:144: Attempt 2/5: Failed to fetch account ELoRR19zrps1G3UYKcAxr7LKbw3kbqkVUXVY9dETMWN7: AccountNotFound: pubkey=ELoRR19zrps1G3UYKcAxr7LKbw3kbqkVUXVY9dETMWN7: error sending request for url (http://host.docker.internal:8899/): error trying to connect: tcp connect error: Connection refused (os error 111)
2025-10-29T16:54:06.200208Z  WARN arx::program: arx/src/program.rs:412: Attempt 3/5: Failed to subscribe to account ELoRR19zrps1G3UYKcAxr7LKbw3kbqkVUXVY9dETMWN7: connection closed ((channel closed)
2025-10-29T16:54:07.216448Z  WARN arx::program: arx/src/program.rs:144: Attempt 3/5: Failed to fetch account ELoRR19zrps1G3UYKcAxr7LKbw3kbqkVUXVY9dETMWN7: AccountNotFound: pubkey=ELoRR19zrps1G3UYKcAxr7LKbw3kbqkVUXVY9dETMWN7: error sending request for url (http://host.docker.internal:8899/): error trying to connect: tcp connect error: Connection refused (os error 111)
