2025-10-29T17:06:24.044553Z DEBUG arx: arx/src/main.rs:53: Checking Solana is up and running
2025-10-29T17:06:24.164366Z  INFO arx: arx/src/main.rs:58: Running ARX
2025-10-29T17:06:24.164784Z DEBUG arx: arx/src/main.rs:60: Reading node keypair, callback authority keypair, and identity files from env
2025-10-29T17:06:24.164845Z DEBUG arx: arx/src/main.rs:68: Reading node keypair, callback authority keypair, and identity files
2025-10-29T17:06:24.174123Z DEBUG arx: arx/src/main.rs:78: Installing AWS LC crypto provider
2025-10-29T17:06:24.174239Z  INFO arx: arx/src/main.rs:83: Creating ARX coordinator
2025-10-29T17:06:24.308961Z  INFO arx::units::cache_unit: arx/src/units/cache_unit.rs:88: Cache unit started
2025-10-29T17:06:24.309680Z  INFO arx::units::circuit_unit: arx/src/units/circuit_unit.rs:107: Circuit unit started
2025-10-29T17:06:24.313802Z  INFO arx::units::cluster_unit: arx/src/units/cluster_unit.rs:66: Cluster unit started
2025-10-29T17:06:24.314081Z DEBUG arx::units::cluster_unit: arx/src/units/cluster_unit.rs:68: Running pub/sub for arx node account
2025-10-29T17:06:24.314958Z  INFO arx::units::computation_transaction_unit: arx/src/units/computation_transaction_unit.rs:89: Computation transaction unit started
2025-10-29T17:06:24.316598Z  INFO arx::units::execpool_unit: arx/src/units/execpool_unit.rs:80: Execpool unit started
2025-10-29T17:06:24.316676Z DEBUG arx::units::execpool_unit: arx/src/units/execpool_unit.rs:82: Running pub/sub for mempools accounts
2025-10-29T17:06:24.317706Z DEBUG arx::units::cluster_unit: arx/src/units/cluster_unit.rs:78: Subscribing to arx node account
2025-10-29T17:06:24.318111Z  INFO arx::units::computation_unit: arx/src/units/computation_unit.rs:74: Inputs unit started
2025-10-29T17:06:24.319369Z  INFO arx::units::mempool_unit: arx/src/units/mempool_unit.rs:77: Mempool unit started
2025-10-29T17:06:24.319401Z DEBUG arx::units::mempool_unit: arx/src/units/mempool_unit.rs:79: Running pub/sub for mempools accounts
2025-10-29T17:06:24.321459Z  INFO arx::units::mxe_unit: arx/src/units/mxe_unit.rs:75: MXE unit started
2025-10-29T17:06:24.321756Z  INFO arx::units::node_transaction_unit: arx/src/units/node_transaction_unit.rs:65: Node transaction unit started
2025-10-29T17:06:24.321788Z  INFO arx::units::node_transaction_unit: arx/src/units/node_transaction_unit.rs:67: Activating node
2025-10-29T17:06:24.321948Z DEBUG arx::units::mxe_unit: arx/src/units/mxe_unit.rs:77: Running pub/sub for clusters accounts
2025-10-29T17:06:24.322821Z  INFO arx::units::online_phase_unit: arx/src/units/online_phase_unit.rs:152: Online phase unit started
2025-10-29T17:06:24.324083Z  INFO arx::units::peers_unit: arx/src/units/peers_unit.rs:76: Peers unit started
2025-10-29T17:06:24.324428Z  INFO arx: arx/src/main.rs:93: Coordinator created successfully
2025-10-29T17:06:24.324491Z  INFO arx::units::state_unit: arx/src/units/state_unit.rs:109: State unit started
2025-10-29T17:06:24.325180Z  INFO arx: arx/src/main.rs:102: Starting ARX coordinator
2025-10-29T17:06:24.325451Z  INFO arx::program: arx/src/program.rs:242: Pub/sub client started
2025-10-29T17:06:24.325837Z  INFO arx::program: arx/src/program.rs:244: Connecting initial pub/sub
2025-10-29T17:06:24.327729Z  INFO arx::program: arx/src/program.rs:242: Pub/sub client started
2025-10-29T17:06:24.327773Z  INFO arx::program: arx/src/program.rs:244: Connecting initial pub/sub
2025-10-29T17:06:24.327830Z  INFO arx: arx/src/main.rs:105: Waiting for Ctrl+C
2025-10-29T17:06:24.328929Z  INFO arx::coordinator: arx/src/coordinator.rs:198: Coordinator started
2025-10-29T17:06:24.329831Z  INFO arx::program: arx/src/program.rs:242: Pub/sub client started
2025-10-29T17:06:24.329855Z  INFO arx::program: arx/src/program.rs:244: Connecting initial pub/sub
2025-10-29T17:06:24.336467Z  INFO arx::program: arx/src/program.rs:242: Pub/sub client started
2025-10-29T17:06:24.336542Z  INFO arx::program: arx/src/program.rs:244: Connecting initial pub/sub
2025-10-29T17:06:24.351161Z  WARN arx::program: arx/src/program.rs:144: Attempt 1/5: Failed to fetch account XdfSwb8ZajhN7CerfBSJVhyfx5fyLtv34QVKSRgMFA9: Account not found
2025-10-29T17:06:24.370567Z  INFO arx::program: arx/src/program.rs:267: Fetching initial state for account: XdfSwb8ZajhN7CerfBSJVhyfx5fyLtv34QVKSRgMFA9
2025-10-29T17:06:24.374143Z  WARN arx::program: arx/src/program.rs:144: Attempt 1/5: Failed to fetch account XdfSwb8ZajhN7CerfBSJVhyfx5fyLtv34QVKSRgMFA9: Account not found
2025-10-29T17:06:25.358632Z  WARN arx::program: arx/src/program.rs:144: Attempt 2/5: Failed to fetch account XdfSwb8ZajhN7CerfBSJVhyfx5fyLtv34QVKSRgMFA9: Account not found
2025-10-29T17:06:25.379557Z  WARN arx::program: arx/src/program.rs:144: Attempt 2/5: Failed to fetch account XdfSwb8ZajhN7CerfBSJVhyfx5fyLtv34QVKSRgMFA9: Account not found
2025-10-29T17:06:27.362728Z  WARN arx::program: arx/src/program.rs:144: Attempt 3/5: Failed to fetch account XdfSwb8ZajhN7CerfBSJVhyfx5fyLtv34QVKSRgMFA9: Account not found
2025-10-29T17:06:27.384913Z  WARN arx::program: arx/src/program.rs:144: Attempt 3/5: Failed to fetch account XdfSwb8ZajhN7CerfBSJVhyfx5fyLtv34QVKSRgMFA9: Account not found
2025-10-29T17:06:31.368628Z  WARN arx::program: arx/src/program.rs:144: Attempt 4/5: Failed to fetch account XdfSwb8ZajhN7CerfBSJVhyfx5fyLtv34QVKSRgMFA9: Account not found
2025-10-29T17:06:31.388383Z  WARN arx::program: arx/src/program.rs:144: Attempt 4/5: Failed to fetch account XdfSwb8ZajhN7CerfBSJVhyfx5fyLtv34QVKSRgMFA9: Account not found
2025-10-29T17:06:39.379007Z  WARN arx::program: arx/src/program.rs:144: Attempt 5/5: Failed to fetch account XdfSwb8ZajhN7CerfBSJVhyfx5fyLtv34QVKSRgMFA9: Account not found
2025-10-29T17:06:39.380642Z  WARN arx::units::node_transaction_unit: arx/src/units/node_transaction_unit.rs:68: Attempt 1/5: RPC error while calling self.activate_node(): RPC error: Attempt 5/5: Failed to fetch account XdfSwb8ZajhN7CerfBSJVhyfx5fyLtv34QVKSRgMFA9: Account not found
2025-10-29T17:06:39.391776Z  WARN arx::program: arx/src/program.rs:144: Attempt 5/5: Failed to fetch account XdfSwb8ZajhN7CerfBSJVhyfx5fyLtv34QVKSRgMFA9: Account not found
2025-10-29T17:06:39.392399Z ERROR arx::program: arx/src/program.rs:276: Failed to fetch initial state for account XdfSwb8ZajhN7CerfBSJVhyfx5fyLtv34QVKSRgMFA9: RPC error: Attempt 5/5: Failed to fetch account XdfSwb8ZajhN7CerfBSJVhyfx5fyLtv34QVKSRgMFA9: Account not found
2025-10-29T17:06:39.392662Z  INFO arx::program: arx/src/program.rs:279: Subscribing to account: XdfSwb8ZajhN7CerfBSJVhyfx5fyLtv34QVKSRgMFA9
2025-10-29T17:06:40.385891Z  WARN arx::program: arx/src/program.rs:144: Attempt 1/5: Failed to fetch account XdfSwb8ZajhN7CerfBSJVhyfx5fyLtv34QVKSRgMFA9: Account not found
2025-10-29T17:06:41.389192Z  WARN arx::program: arx/src/program.rs:144: Attempt 2/5: Failed to fetch account XdfSwb8ZajhN7CerfBSJVhyfx5fyLtv34QVKSRgMFA9: Account not found
2025-10-29T17:06:43.396093Z  WARN arx::program: arx/src/program.rs:144: Attempt 3/5: Failed to fetch account XdfSwb8ZajhN7CerfBSJVhyfx5fyLtv34QVKSRgMFA9: Account not found
2025-10-29T17:06:47.417659Z  WARN arx::program: arx/src/program.rs:144: Attempt 4/5: Failed to fetch account XdfSwb8ZajhN7CerfBSJVhyfx5fyLtv34QVKSRgMFA9: Account not found
2025-10-29T17:06:55.425584Z  WARN arx::program: arx/src/program.rs:144: Attempt 5/5: Failed to fetch account XdfSwb8ZajhN7CerfBSJVhyfx5fyLtv34QVKSRgMFA9: Account not found
2025-10-29T17:06:55.428372Z  WARN arx::units::node_transaction_unit: arx/src/units/node_transaction_unit.rs:68: Attempt 2/5: RPC error while calling self.activate_node(): RPC error: Attempt 5/5: Failed to fetch account XdfSwb8ZajhN7CerfBSJVhyfx5fyLtv34QVKSRgMFA9: Account not found
2025-10-29T17:06:57.434960Z  WARN arx::program: arx/src/program.rs:144: Attempt 1/5: Failed to fetch account XdfSwb8ZajhN7CerfBSJVhyfx5fyLtv34QVKSRgMFA9: Account not found
2025-10-29T17:06:58.443003Z  WARN arx::program: arx/src/program.rs:144: Attempt 2/5: Failed to fetch account XdfSwb8ZajhN7CerfBSJVhyfx5fyLtv34QVKSRgMFA9: Account not found
2025-10-29T17:07:00.447955Z  WARN arx::program: arx/src/program.rs:144: Attempt 3/5: Failed to fetch account XdfSwb8ZajhN7CerfBSJVhyfx5fyLtv34QVKSRgMFA9: Account not found
2025-10-29T17:07:04.453045Z  WARN arx::program: arx/src/program.rs:144: Attempt 4/5: Failed to fetch account XdfSwb8ZajhN7CerfBSJVhyfx5fyLtv34QVKSRgMFA9: Account not found
2025-10-29T17:07:12.458202Z  WARN arx::program: arx/src/program.rs:144: Attempt 5/5: Failed to fetch account XdfSwb8ZajhN7CerfBSJVhyfx5fyLtv34QVKSRgMFA9: Account not found
2025-10-29T17:07:12.458786Z  WARN arx::units::node_transaction_unit: arx/src/units/node_transaction_unit.rs:68: Attempt 3/5: RPC error while calling self.activate_node(): RPC error: Attempt 5/5: Failed to fetch account XdfSwb8ZajhN7CerfBSJVhyfx5fyLtv34QVKSRgMFA9: Account not found
2025-10-29T17:07:16.464386Z  WARN arx::program: arx/src/program.rs:144: Attempt 1/5: Failed to fetch account XdfSwb8ZajhN7CerfBSJVhyfx5fyLtv34QVKSRgMFA9: Account not found
2025-10-29T17:07:17.471187Z  WARN arx::program: arx/src/program.rs:144: Attempt 2/5: Failed to fetch account XdfSwb8ZajhN7CerfBSJVhyfx5fyLtv34QVKSRgMFA9: Account not found
2025-10-29T17:07:19.472681Z  WARN arx::program: arx/src/program.rs:144: Attempt 3/5: Failed to fetch account XdfSwb8ZajhN7CerfBSJVhyfx5fyLtv34QVKSRgMFA9: Account not found
2025-10-29T17:07:23.481322Z  WARN arx::program: arx/src/program.rs:144: Attempt 4/5: Failed to fetch account XdfSwb8ZajhN7CerfBSJVhyfx5fyLtv34QVKSRgMFA9: Account not found
2025-10-29T17:07:31.486068Z  WARN arx::program: arx/src/program.rs:144: Attempt 5/5: Failed to fetch account XdfSwb8ZajhN7CerfBSJVhyfx5fyLtv34QVKSRgMFA9: Account not found
2025-10-29T17:07:31.486414Z  WARN arx::units::node_transaction_unit: arx/src/units/node_transaction_unit.rs:68: Attempt 4/5: RPC error while calling self.activate_node(): RPC error: Attempt 5/5: Failed to fetch account XdfSwb8ZajhN7CerfBSJVhyfx5fyLtv34QVKSRgMFA9: Account not found
2025-10-29T17:07:39.497070Z  WARN arx::program: arx/src/program.rs:144: Attempt 1/5: Failed to fetch account XdfSwb8ZajhN7CerfBSJVhyfx5fyLtv34QVKSRgMFA9: Account not found
2025-10-29T17:07:40.506961Z  WARN arx::program: arx/src/program.rs:144: Attempt 2/5: Failed to fetch account XdfSwb8ZajhN7CerfBSJVhyfx5fyLtv34QVKSRgMFA9: Account not found
2025-10-29T17:07:42.513736Z  WARN arx::program: arx/src/program.rs:144: Attempt 3/5: Failed to fetch account XdfSwb8ZajhN7CerfBSJVhyfx5fyLtv34QVKSRgMFA9: Account not found
2025-10-29T17:07:46.522848Z  WARN arx::program: arx/src/program.rs:144: Attempt 4/5: Failed to fetch account XdfSwb8ZajhN7CerfBSJVhyfx5fyLtv34QVKSRgMFA9: Account not found
2025-10-29T17:07:54.529767Z  WARN arx::program: arx/src/program.rs:144: Attempt 5/5: Failed to fetch account XdfSwb8ZajhN7CerfBSJVhyfx5fyLtv34QVKSRgMFA9: Account not found
2025-10-29T17:07:54.530770Z  WARN arx::units::node_transaction_unit: arx/src/units/node_transaction_unit.rs:68: Attempt 5/5: RPC error while calling self.activate_node(): RPC error: Attempt 5/5: Failed to fetch account XdfSwb8ZajhN7CerfBSJVhyfx5fyLtv34QVKSRgMFA9: Account not found
2025-10-29T17:07:54.531378Z ERROR arx::units::node_transaction_unit: arx/src/units/node_transaction_unit.rs:73: Failed to activate node: RPC error: Attempt 5/5: RPC error: Attempt 5/5: Failed to fetch account XdfSwb8ZajhN7CerfBSJVhyfx5fyLtv34QVKSRgMFA9: Account not found, shutting down
2025-10-29T17:07:54.532092Z ERROR arx::coordinator: arx/src/coordinator.rs:208: Activation unit channel dropped without activation
2025-10-29T17:07:54.532220Z  INFO arx::coordinator: arx/src/coordinator.rs:437: Coordinator stopped
2025-10-29T17:07:54.534994Z  INFO arx::units::cache_unit: arx/src/units/cache_unit.rs:94: Coordinator channel closed, shutting down
2025-10-29T17:07:54.535064Z  INFO arx::units::cache_unit: arx/src/units/cache_unit.rs:138: Cache unit stopped
2025-10-29T17:07:54.535470Z  INFO arx::units::circuit_unit: arx/src/units/circuit_unit.rs:113: Coordinator channel closed, shutting down
2025-10-29T17:07:54.535762Z  INFO arx::units::circuit_unit: arx/src/units/circuit_unit.rs:139: Circuit unit stopped
2025-10-29T17:07:54.536620Z  INFO arx::units::cluster_unit: arx/src/units/cluster_unit.rs:91: Coordinator channel closed, shutting down
2025-10-29T17:07:54.536670Z  INFO arx: arx/src/main.rs:112: Shutdown channel closed, initiating shutdown
2025-10-29T17:07:54.537451Z  INFO arx::units::cluster_unit: arx/src/units/cluster_unit.rs:121: Cluster unit stopped
2025-10-29T17:07:54.537680Z  INFO arx::units::computation_transaction_unit: arx/src/units/computation_transaction_unit.rs:95: Coordinator channel closed, shutting down
2025-10-29T17:07:54.537723Z  INFO arx::units::computation_transaction_unit: arx/src/units/computation_transaction_unit.rs:132: Computations transaction unit stopped
2025-10-29T17:07:54.538194Z  INFO arx::units::execpool_unit: arx/src/units/execpool_unit.rs:96: Coordinator channel closed, shutting down
2025-10-29T17:07:54.538311Z  INFO arx::units::execpool_unit: arx/src/units/execpool_unit.rs:164: Execpool unit stopped
2025-10-29T17:07:54.538947Z  INFO arx::units::computation_unit: arx/src/units/computation_unit.rs:80: Coordinator channel closed, shutting down
2025-10-29T17:07:54.539417Z  INFO arx::units::computation_unit: arx/src/units/computation_unit.rs:153: Computation unit stopped
2025-10-29T17:07:54.539739Z  INFO arx::units::mempool_unit: arx/src/units/mempool_unit.rs:93: Coordinator channel closed, shutting down
2025-10-29T17:07:54.539816Z  INFO arx::units::mempool_unit: arx/src/units/mempool_unit.rs:155: Mempool unit stopped
2025-10-29T17:07:54.540936Z  INFO arx::units::mxe_unit: arx/src/units/mxe_unit.rs:91: Coordinator channel closed, shutting down
2025-10-29T17:07:54.541977Z  INFO arx::units::mxe_unit: arx/src/units/mxe_unit.rs:149: MXE unit stopped
2025-10-29T17:07:54.542867Z  INFO arx::units::state_unit: arx/src/units/state_unit.rs:115: Coordinator channel closed, shutting down
2025-10-29T17:07:54.542916Z  INFO arx::units::state_unit: arx/src/units/state_unit.rs:149: State unit stopped
2025-10-29T17:07:54.543355Z  INFO arx: arx/src/main.rs:117: Coordinator completed successfully
2025-10-29T17:07:54.543981Z  INFO arx::program: arx/src/program.rs:305: Account subscription channel closed, shutting down pub/sub
2025-10-29T17:07:54.544341Z  INFO arx::program: arx/src/program.rs:260: T channel closed, shutting down pub/sub
2025-10-29T17:07:54.544366Z  INFO arx::program: arx/src/program.rs:365: Pub/sub client stopped
2025-10-29T17:07:54.545100Z  INFO arx::program: arx/src/program.rs:365: Pub/sub client stopped
2025-10-29T17:07:54.545538Z  INFO arx::program: arx/src/program.rs:305: Account subscription channel closed, shutting down pub/sub
2025-10-29T17:07:54.545573Z  INFO arx::program: arx/src/program.rs:365: Pub/sub client stopped
2025-10-29T17:07:54.545558Z  INFO arx::units::peers_unit: arx/src/units/peers_unit.rs:82: Coordinator channel closed, shutting down
2025-10-29T17:07:54.545585Z  INFO arx::units::online_phase_unit: arx/src/units/online_phase_unit.rs:158: Coordinator channel closed, shutting down
2025-10-29T17:07:54.546016Z  INFO arx::units::peers_unit: arx/src/units/peers_unit.rs:105: Peers unit stopped
2025-10-29T17:07:54.546148Z  INFO arx::units::online_phase_unit: arx/src/units/online_phase_unit.rs:300: Waiting for computations to finish...
2025-10-29T17:07:54.546192Z  INFO arx::units::online_phase_unit: arx/src/units/online_phase_unit.rs:307: Online phase unit stopped
2025-10-29T17:07:54.547420Z  INFO arx::program: arx/src/program.rs:305: Account subscription channel closed, shutting down pub/sub
2025-10-29T17:07:54.548183Z  INFO arx::program: arx/src/program.rs:365: Pub/sub client stopped
2025-10-29T17:07:54.555259Z  INFO network::router::network_router: /home/runner/.cargo/git/checkouts/async-mpc-1dbbf554a14e7a32/b307074/network/src/router/network_router.rs:323: Router dropped.    
2025-10-29T17:07:54.560531Z  WARN network::router::network_router: /home/runner/.cargo/git/checkouts/async-mpc-1dbbf554a14e7a32/b307074/network/src/router/network_router.rs:114: Router dropped.    
2025-10-29T17:07:54.563341Z  INFO arx: arx/src/main.rs:123: Unit completed successfully
2025-10-29T17:07:54.563875Z  INFO arx: arx/src/main.rs:123: Unit completed successfully
2025-10-29T17:07:54.563911Z  INFO arx: arx/src/main.rs:123: Unit completed successfully
2025-10-29T17:07:54.563942Z  INFO arx: arx/src/main.rs:123: Unit completed successfully
2025-10-29T17:07:54.564022Z  INFO arx: arx/src/main.rs:123: Unit completed successfully
2025-10-29T17:07:54.564050Z  INFO arx: arx/src/main.rs:123: Unit completed successfully
2025-10-29T17:07:54.564078Z  INFO arx: arx/src/main.rs:123: Unit completed successfully
2025-10-29T17:07:54.564105Z  INFO arx: arx/src/main.rs:123: Unit completed successfully
2025-10-29T17:07:54.564133Z  INFO arx: arx/src/main.rs:123: Unit completed successfully
2025-10-29T17:07:54.564160Z  INFO arx: arx/src/main.rs:123: Unit completed successfully
2025-10-29T17:07:54.564186Z  INFO arx: arx/src/main.rs:123: Unit completed successfully
2025-10-29T17:07:54.564213Z  INFO arx: arx/src/main.rs:123: Unit completed successfully
