2025-10-29T17:12:27.546284Z DEBUG arx: arx/src/main.rs:53: Checking Solana is up and running
2025-10-29T17:12:27.670567Z  INFO arx: arx/src/main.rs:58: Running ARX
2025-10-29T17:12:27.673034Z DEBUG arx: arx/src/main.rs:60: Reading node keypair, callback authority keypair, and identity files from env
2025-10-29T17:12:27.673114Z DEBUG arx: arx/src/main.rs:68: Reading node keypair, callback authority keypair, and identity files
2025-10-29T17:12:27.683764Z DEBUG arx: arx/src/main.rs:78: Installing AWS LC crypto provider
2025-10-29T17:12:27.684085Z  INFO arx: arx/src/main.rs:83: Creating ARX coordinator
2025-10-29T17:12:27.814889Z  INFO arx::units::cache_unit: arx/src/units/cache_unit.rs:88: Cache unit started
2025-10-29T17:12:27.815708Z  INFO arx::units::circuit_unit: arx/src/units/circuit_unit.rs:107: Circuit unit started
2025-10-29T17:12:27.817728Z  INFO arx::units::cluster_unit: arx/src/units/cluster_unit.rs:66: Cluster unit started
2025-10-29T17:12:27.818159Z DEBUG arx::units::cluster_unit: arx/src/units/cluster_unit.rs:68: Running pub/sub for arx node account
2025-10-29T17:12:27.819169Z  INFO arx::units::computation_transaction_unit: arx/src/units/computation_transaction_unit.rs:89: Computation transaction unit started
2025-10-29T17:12:27.820761Z  INFO arx::units::execpool_unit: arx/src/units/execpool_unit.rs:80: Execpool unit started
2025-10-29T17:12:27.820812Z DEBUG arx::units::execpool_unit: arx/src/units/execpool_unit.rs:82: Running pub/sub for mempools accounts
2025-10-29T17:12:27.821864Z DEBUG arx::units::cluster_unit: arx/src/units/cluster_unit.rs:78: Subscribing to arx node account
2025-10-29T17:12:27.822111Z  INFO arx::units::computation_unit: arx/src/units/computation_unit.rs:74: Inputs unit started
2025-10-29T17:12:27.823575Z  INFO arx::units::mempool_unit: arx/src/units/mempool_unit.rs:77: Mempool unit started
2025-10-29T17:12:27.823612Z DEBUG arx::units::mempool_unit: arx/src/units/mempool_unit.rs:79: Running pub/sub for mempools accounts
2025-10-29T17:12:27.826049Z  INFO arx::units::mxe_unit: arx/src/units/mxe_unit.rs:75: MXE unit started
2025-10-29T17:12:27.826668Z  INFO arx::units::node_transaction_unit: arx/src/units/node_transaction_unit.rs:65: Node transaction unit started
2025-10-29T17:12:27.826723Z  INFO arx::units::node_transaction_unit: arx/src/units/node_transaction_unit.rs:67: Activating node
2025-10-29T17:12:27.826729Z DEBUG arx::units::mxe_unit: arx/src/units/mxe_unit.rs:77: Running pub/sub for clusters accounts
2025-10-29T17:12:27.827577Z  INFO arx::units::online_phase_unit: arx/src/units/online_phase_unit.rs:152: Online phase unit started
2025-10-29T17:12:27.828915Z  INFO arx::units::peers_unit: arx/src/units/peers_unit.rs:76: Peers unit started
2025-10-29T17:12:27.829295Z  INFO arx: arx/src/main.rs:93: Coordinator created successfully
2025-10-29T17:12:27.829405Z  INFO arx::units::state_unit: arx/src/units/state_unit.rs:109: State unit started
2025-10-29T17:12:27.830514Z  INFO arx: arx/src/main.rs:102: Starting ARX coordinator
2025-10-29T17:12:27.830603Z  INFO arx::program: arx/src/program.rs:242: Pub/sub client started
2025-10-29T17:12:27.830983Z  INFO arx::program: arx/src/program.rs:244: Connecting initial pub/sub
2025-10-29T17:12:27.833497Z  INFO arx: arx/src/main.rs:105: Waiting for Ctrl+C
2025-10-29T17:12:27.833711Z  INFO arx::program: arx/src/program.rs:242: Pub/sub client started
2025-10-29T17:12:27.833800Z  INFO arx::program: arx/src/program.rs:244: Connecting initial pub/sub
2025-10-29T17:12:27.834826Z  INFO arx::coordinator: arx/src/coordinator.rs:198: Coordinator started
2025-10-29T17:12:27.835360Z  INFO arx::program: arx/src/program.rs:242: Pub/sub client started
2025-10-29T17:12:27.835401Z  INFO arx::program: arx/src/program.rs:244: Connecting initial pub/sub
2025-10-29T17:12:27.838129Z  INFO arx::program: arx/src/program.rs:242: Pub/sub client started
2025-10-29T17:12:27.838189Z  INFO arx::program: arx/src/program.rs:244: Connecting initial pub/sub
2025-10-29T17:12:27.852655Z  WARN arx::program: arx/src/program.rs:144: Attempt 1/5: Failed to fetch account ELoRR19zrps1G3UYKcAxr7LKbw3kbqkVUXVY9dETMWN7: Account not found
2025-10-29T17:12:27.861136Z  INFO arx::program: arx/src/program.rs:267: Fetching initial state for account: ELoRR19zrps1G3UYKcAxr7LKbw3kbqkVUXVY9dETMWN7
2025-10-29T17:12:27.862699Z  WARN arx::program: arx/src/program.rs:144: Attempt 1/5: Failed to fetch account ELoRR19zrps1G3UYKcAxr7LKbw3kbqkVUXVY9dETMWN7: Account not found
2025-10-29T17:12:28.858565Z  WARN arx::program: arx/src/program.rs:144: Attempt 2/5: Failed to fetch account ELoRR19zrps1G3UYKcAxr7LKbw3kbqkVUXVY9dETMWN7: Account not found
2025-10-29T17:12:28.867936Z  WARN arx::program: arx/src/program.rs:144: Attempt 2/5: Failed to fetch account ELoRR19zrps1G3UYKcAxr7LKbw3kbqkVUXVY9dETMWN7: Account not found
2025-10-29T17:12:30.866012Z  WARN arx::program: arx/src/program.rs:144: Attempt 3/5: Failed to fetch account ELoRR19zrps1G3UYKcAxr7LKbw3kbqkVUXVY9dETMWN7: Account not found
2025-10-29T17:12:30.871693Z  WARN arx::program: arx/src/program.rs:144: Attempt 3/5: Failed to fetch account ELoRR19zrps1G3UYKcAxr7LKbw3kbqkVUXVY9dETMWN7: Account not found
2025-10-29T17:12:34.881153Z  WARN arx::program: arx/src/program.rs:144: Attempt 4/5: Failed to fetch account ELoRR19zrps1G3UYKcAxr7LKbw3kbqkVUXVY9dETMWN7: Account not found
2025-10-29T17:12:34.881154Z  WARN arx::program: arx/src/program.rs:144: Attempt 4/5: Failed to fetch account ELoRR19zrps1G3UYKcAxr7LKbw3kbqkVUXVY9dETMWN7: Account not found
2025-10-29T17:12:42.892464Z  WARN arx::program: arx/src/program.rs:144: Attempt 5/5: Failed to fetch account ELoRR19zrps1G3UYKcAxr7LKbw3kbqkVUXVY9dETMWN7: Account not found
2025-10-29T17:12:42.893592Z  WARN arx::units::node_transaction_unit: arx/src/units/node_transaction_unit.rs:68: Attempt 1/5: RPC error while calling self.activate_node(): RPC error: Attempt 5/5: Failed to fetch account ELoRR19zrps1G3UYKcAxr7LKbw3kbqkVUXVY9dETMWN7: Account not found
2025-10-29T17:12:42.894108Z  WARN arx::program: arx/src/program.rs:144: Attempt 5/5: Failed to fetch account ELoRR19zrps1G3UYKcAxr7LKbw3kbqkVUXVY9dETMWN7: Account not found
2025-10-29T17:12:42.894412Z ERROR arx::program: arx/src/program.rs:276: Failed to fetch initial state for account ELoRR19zrps1G3UYKcAxr7LKbw3kbqkVUXVY9dETMWN7: RPC error: Attempt 5/5: Failed to fetch account ELoRR19zrps1G3UYKcAxr7LKbw3kbqkVUXVY9dETMWN7: Account not found
2025-10-29T17:12:42.894530Z  INFO arx::program: arx/src/program.rs:279: Subscribing to account: ELoRR19zrps1G3UYKcAxr7LKbw3kbqkVUXVY9dETMWN7
2025-10-29T17:12:43.907235Z  WARN arx::program: arx/src/program.rs:144: Attempt 1/5: Failed to fetch account ELoRR19zrps1G3UYKcAxr7LKbw3kbqkVUXVY9dETMWN7: Account not found
2025-10-29T17:12:44.915073Z  WARN arx::program: arx/src/program.rs:144: Attempt 2/5: Failed to fetch account ELoRR19zrps1G3UYKcAxr7LKbw3kbqkVUXVY9dETMWN7: Account not found
2025-10-29T17:12:46.919041Z  WARN arx::program: arx/src/program.rs:144: Attempt 3/5: Failed to fetch account ELoRR19zrps1G3UYKcAxr7LKbw3kbqkVUXVY9dETMWN7: Account not found
2025-10-29T17:12:50.927628Z  WARN arx::program: arx/src/program.rs:144: Attempt 4/5: Failed to fetch account ELoRR19zrps1G3UYKcAxr7LKbw3kbqkVUXVY9dETMWN7: Account not found
2025-10-29T17:12:58.935670Z  WARN arx::program: arx/src/program.rs:144: Attempt 5/5: Failed to fetch account ELoRR19zrps1G3UYKcAxr7LKbw3kbqkVUXVY9dETMWN7: Account not found
2025-10-29T17:12:58.936757Z  WARN arx::units::node_transaction_unit: arx/src/units/node_transaction_unit.rs:68: Attempt 2/5: RPC error while calling self.activate_node(): RPC error: Attempt 5/5: Failed to fetch account ELoRR19zrps1G3UYKcAxr7LKbw3kbqkVUXVY9dETMWN7: Account not found
2025-10-29T17:13:00.947415Z  WARN arx::program: arx/src/program.rs:144: Attempt 1/5: Failed to fetch account ELoRR19zrps1G3UYKcAxr7LKbw3kbqkVUXVY9dETMWN7: Account not found
2025-10-29T17:13:01.964670Z  WARN arx::program: arx/src/program.rs:144: Attempt 2/5: Failed to fetch account ELoRR19zrps1G3UYKcAxr7LKbw3kbqkVUXVY9dETMWN7: Account not found
2025-10-29T17:13:03.970343Z  WARN arx::program: arx/src/program.rs:144: Attempt 3/5: Failed to fetch account ELoRR19zrps1G3UYKcAxr7LKbw3kbqkVUXVY9dETMWN7: Account not found
2025-10-29T17:13:07.979062Z  WARN arx::program: arx/src/program.rs:144: Attempt 4/5: Failed to fetch account ELoRR19zrps1G3UYKcAxr7LKbw3kbqkVUXVY9dETMWN7: Account not found
2025-10-29T17:13:16.041793Z  WARN arx::program: arx/src/program.rs:144: Attempt 5/5: Failed to fetch account ELoRR19zrps1G3UYKcAxr7LKbw3kbqkVUXVY9dETMWN7: Account not found
2025-10-29T17:13:16.049672Z  WARN arx::units::node_transaction_unit: arx/src/units/node_transaction_unit.rs:68: Attempt 3/5: RPC error while calling self.activate_node(): RPC error: Attempt 5/5: Failed to fetch account ELoRR19zrps1G3UYKcAxr7LKbw3kbqkVUXVY9dETMWN7: Account not found
2025-10-29T17:13:20.059200Z  WARN arx::program: arx/src/program.rs:144: Attempt 1/5: Failed to fetch account ELoRR19zrps1G3UYKcAxr7LKbw3kbqkVUXVY9dETMWN7: Account not found
2025-10-29T17:13:21.064900Z  WARN arx::program: arx/src/program.rs:144: Attempt 2/5: Failed to fetch account ELoRR19zrps1G3UYKcAxr7LKbw3kbqkVUXVY9dETMWN7: Account not found
2025-10-29T17:13:23.072105Z  WARN arx::program: arx/src/program.rs:144: Attempt 3/5: Failed to fetch account ELoRR19zrps1G3UYKcAxr7LKbw3kbqkVUXVY9dETMWN7: Account not found
2025-10-29T17:13:27.082304Z  WARN arx::program: arx/src/program.rs:144: Attempt 4/5: Failed to fetch account ELoRR19zrps1G3UYKcAxr7LKbw3kbqkVUXVY9dETMWN7: Account not found
2025-10-29T17:13:35.090237Z  WARN arx::program: arx/src/program.rs:144: Attempt 5/5: Failed to fetch account ELoRR19zrps1G3UYKcAxr7LKbw3kbqkVUXVY9dETMWN7: Account not found
2025-10-29T17:13:35.090771Z  WARN arx::units::node_transaction_unit: arx/src/units/node_transaction_unit.rs:68: Attempt 4/5: RPC error while calling self.activate_node(): RPC error: Attempt 5/5: Failed to fetch account ELoRR19zrps1G3UYKcAxr7LKbw3kbqkVUXVY9dETMWN7: Account not found
2025-10-29T17:13:43.114651Z  WARN arx::program: arx/src/program.rs:144: Attempt 1/5: Failed to fetch account ELoRR19zrps1G3UYKcAxr7LKbw3kbqkVUXVY9dETMWN7: Account not found
2025-10-29T17:13:44.130843Z  WARN arx::program: arx/src/program.rs:144: Attempt 2/5: Failed to fetch account ELoRR19zrps1G3UYKcAxr7LKbw3kbqkVUXVY9dETMWN7: Account not found
2025-10-29T17:13:46.141863Z  WARN arx::program: arx/src/program.rs:144: Attempt 3/5: Failed to fetch account ELoRR19zrps1G3UYKcAxr7LKbw3kbqkVUXVY9dETMWN7: Account not found
2025-10-29T17:13:50.151895Z  WARN arx::program: arx/src/program.rs:144: Attempt 4/5: Failed to fetch account ELoRR19zrps1G3UYKcAxr7LKbw3kbqkVUXVY9dETMWN7: Account not found
2025-10-29T17:13:58.166863Z  WARN arx::program: arx/src/program.rs:144: Attempt 5/5: Failed to fetch account ELoRR19zrps1G3UYKcAxr7LKbw3kbqkVUXVY9dETMWN7: Account not found
2025-10-29T17:13:58.167674Z  WARN arx::units::node_transaction_unit: arx/src/units/node_transaction_unit.rs:68: Attempt 5/5: RPC error while calling self.activate_node(): RPC error: Attempt 5/5: Failed to fetch account ELoRR19zrps1G3UYKcAxr7LKbw3kbqkVUXVY9dETMWN7: Account not found
2025-10-29T17:13:58.168663Z ERROR arx::units::node_transaction_unit: arx/src/units/node_transaction_unit.rs:73: Failed to activate node: RPC error: Attempt 5/5: RPC error: Attempt 5/5: Failed to fetch account ELoRR19zrps1G3UYKcAxr7LKbw3kbqkVUXVY9dETMWN7: Account not found, shutting down
2025-10-29T17:13:58.170366Z ERROR arx::coordinator: arx/src/coordinator.rs:208: Activation unit channel dropped without activation
2025-10-29T17:13:58.170583Z  INFO arx::coordinator: arx/src/coordinator.rs:437: Coordinator stopped
2025-10-29T17:13:58.176268Z  INFO arx::units::cache_unit: arx/src/units/cache_unit.rs:94: Coordinator channel closed, shutting down
2025-10-29T17:13:58.176527Z  INFO arx::units::cache_unit: arx/src/units/cache_unit.rs:138: Cache unit stopped
2025-10-29T17:13:58.176404Z  INFO arx::units::circuit_unit: arx/src/units/circuit_unit.rs:113: Coordinator channel closed, shutting down
2025-10-29T17:13:58.178097Z  INFO arx::units::circuit_unit: arx/src/units/circuit_unit.rs:139: Circuit unit stopped
2025-10-29T17:13:58.180296Z  INFO arx::units::computation_transaction_unit: arx/src/units/computation_transaction_unit.rs:95: Coordinator channel closed, shutting down
2025-10-29T17:13:58.180428Z  INFO arx::units::computation_transaction_unit: arx/src/units/computation_transaction_unit.rs:132: Computations transaction unit stopped
2025-10-29T17:13:58.180321Z  INFO arx::units::cluster_unit: arx/src/units/cluster_unit.rs:91: Coordinator channel closed, shutting down
2025-10-29T17:13:58.180673Z  INFO arx::units::execpool_unit: arx/src/units/execpool_unit.rs:96: Coordinator channel closed, shutting down
2025-10-29T17:13:58.180738Z  INFO arx::units::execpool_unit: arx/src/units/execpool_unit.rs:164: Execpool unit stopped
2025-10-29T17:13:58.180708Z  INFO arx: arx/src/main.rs:112: Shutdown channel closed, initiating shutdown
2025-10-29T17:13:58.181745Z  INFO arx::units::cluster_unit: arx/src/units/cluster_unit.rs:121: Cluster unit stopped
2025-10-29T17:13:58.181834Z  INFO arx::units::computation_unit: arx/src/units/computation_unit.rs:80: Coordinator channel closed, shutting down
2025-10-29T17:13:58.182891Z  INFO arx::units::computation_unit: arx/src/units/computation_unit.rs:153: Computation unit stopped
2025-10-29T17:13:58.183528Z  INFO arx::units::mempool_unit: arx/src/units/mempool_unit.rs:93: Coordinator channel closed, shutting down
2025-10-29T17:13:58.183926Z  INFO arx::units::mempool_unit: arx/src/units/mempool_unit.rs:155: Mempool unit stopped
2025-10-29T17:13:58.186823Z  INFO arx::units::online_phase_unit: arx/src/units/online_phase_unit.rs:158: Coordinator channel closed, shutting down
2025-10-29T17:13:58.187738Z  INFO arx::units::online_phase_unit: arx/src/units/online_phase_unit.rs:300: Waiting for computations to finish...
2025-10-29T17:13:58.187850Z  INFO arx::units::online_phase_unit: arx/src/units/online_phase_unit.rs:307: Online phase unit stopped
2025-10-29T17:13:58.188057Z  INFO arx::units::state_unit: arx/src/units/state_unit.rs:115: Coordinator channel closed, shutting down
2025-10-29T17:13:58.188174Z  INFO arx::units::state_unit: arx/src/units/state_unit.rs:149: State unit stopped
2025-10-29T17:13:58.188519Z  INFO arx: arx/src/main.rs:117: Coordinator completed successfully
2025-10-29T17:13:58.190025Z  INFO arx::units::peers_unit: arx/src/units/peers_unit.rs:82: Coordinator channel closed, shutting down
2025-10-29T17:13:58.190367Z  INFO arx::program: arx/src/program.rs:260: T channel closed, shutting down pub/sub
2025-10-29T17:13:58.190701Z  INFO arx::units::peers_unit: arx/src/units/peers_unit.rs:105: Peers unit stopped
2025-10-29T17:13:58.191072Z  INFO arx::program: arx/src/program.rs:260: T channel closed, shutting down pub/sub
2025-10-29T17:13:58.191153Z  INFO arx::program: arx/src/program.rs:365: Pub/sub client stopped
2025-10-29T17:13:58.192579Z  INFO arx::program: arx/src/program.rs:365: Pub/sub client stopped
2025-10-29T17:13:58.193593Z  INFO arx::units::mxe_unit: arx/src/units/mxe_unit.rs:91: Coordinator channel closed, shutting down
2025-10-29T17:13:58.194997Z  INFO arx::units::mxe_unit: arx/src/units/mxe_unit.rs:149: MXE unit stopped
2025-10-29T17:13:58.195656Z  INFO arx::program: arx/src/program.rs:305: Account subscription channel closed, shutting down pub/sub
2025-10-29T17:13:58.195709Z  INFO arx::program: arx/src/program.rs:365: Pub/sub client stopped
2025-10-29T17:13:58.200503Z  INFO arx::program: arx/src/program.rs:260: T channel closed, shutting down pub/sub
2025-10-29T17:13:58.199498Z  INFO network::router::network_router: /home/runner/.cargo/git/checkouts/async-mpc-1dbbf554a14e7a32/b307074/network/src/router/network_router.rs:323: Router dropped.    
2025-10-29T17:13:58.201632Z  INFO arx::program: arx/src/program.rs:365: Pub/sub client stopped
2025-10-29T17:13:58.208855Z  WARN network::router::network_router: /home/runner/.cargo/git/checkouts/async-mpc-1dbbf554a14e7a32/b307074/network/src/router/network_router.rs:114: Router dropped.    
2025-10-29T17:13:58.215664Z  INFO arx: arx/src/main.rs:123: Unit completed successfully
2025-10-29T17:13:58.215714Z  INFO arx: arx/src/main.rs:123: Unit completed successfully
2025-10-29T17:13:58.215740Z  INFO arx: arx/src/main.rs:123: Unit completed successfully
2025-10-29T17:13:58.215775Z  INFO arx: arx/src/main.rs:123: Unit completed successfully
2025-10-29T17:13:58.215855Z  INFO arx: arx/src/main.rs:123: Unit completed successfully
2025-10-29T17:13:58.215898Z  INFO arx: arx/src/main.rs:123: Unit completed successfully
2025-10-29T17:13:58.215939Z  INFO arx: arx/src/main.rs:123: Unit completed successfully
2025-10-29T17:13:58.215978Z  INFO arx: arx/src/main.rs:123: Unit completed successfully
2025-10-29T17:13:58.216015Z  INFO arx: arx/src/main.rs:123: Unit completed successfully
2025-10-29T17:13:58.216050Z  INFO arx: arx/src/main.rs:123: Unit completed successfully
2025-10-29T17:13:58.216086Z  INFO arx: arx/src/main.rs:123: Unit completed successfully
2025-10-29T17:13:58.216127Z  INFO arx: arx/src/main.rs:123: Unit completed successfully
