2025-10-29T16:34:36.609135Z DEBUG arx: arx/src/main.rs:53: Checking Solana is up and running
2025-10-29T16:34:36.731604Z  INFO arx: arx/src/main.rs:58: Running ARX
2025-10-29T16:34:36.731847Z DEBUG arx: arx/src/main.rs:60: Reading node keypair, callback authority keypair, and identity files from env
2025-10-29T16:34:36.732213Z DEBUG arx: arx/src/main.rs:68: Reading node keypair, callback authority keypair, and identity files
2025-10-29T16:34:36.740702Z DEBUG arx: arx/src/main.rs:78: Installing AWS LC crypto provider
2025-10-29T16:34:36.743662Z  INFO arx: arx/src/main.rs:83: Creating ARX coordinator
2025-10-29T16:34:36.876400Z  INFO arx::units::cache_unit: arx/src/units/cache_unit.rs:88: Cache unit started
2025-10-29T16:34:36.877370Z  INFO arx::units::circuit_unit: arx/src/units/circuit_unit.rs:107: Circuit unit started
2025-10-29T16:34:36.879128Z  INFO arx::units::cluster_unit: arx/src/units/cluster_unit.rs:66: Cluster unit started
2025-10-29T16:34:36.879561Z DEBUG arx::units::cluster_unit: arx/src/units/cluster_unit.rs:68: Running pub/sub for arx node account
2025-10-29T16:34:36.880656Z  INFO arx::units::computation_transaction_unit: arx/src/units/computation_transaction_unit.rs:89: Computation transaction unit started
2025-10-29T16:34:36.882109Z  INFO arx::units::execpool_unit: arx/src/units/execpool_unit.rs:80: Execpool unit started
2025-10-29T16:34:36.882163Z DEBUG arx::units::execpool_unit: arx/src/units/execpool_unit.rs:82: Running pub/sub for mempools accounts
2025-10-29T16:34:36.883124Z DEBUG arx::units::cluster_unit: arx/src/units/cluster_unit.rs:78: Subscribing to arx node account
2025-10-29T16:34:36.883348Z  INFO arx::units::computation_unit: arx/src/units/computation_unit.rs:74: Inputs unit started
2025-10-29T16:34:36.884885Z  INFO arx::units::mempool_unit: arx/src/units/mempool_unit.rs:77: Mempool unit started
2025-10-29T16:34:36.884923Z DEBUG arx::units::mempool_unit: arx/src/units/mempool_unit.rs:79: Running pub/sub for mempools accounts
2025-10-29T16:34:36.887186Z  INFO arx::units::mxe_unit: arx/src/units/mxe_unit.rs:75: MXE unit started
2025-10-29T16:34:36.887644Z  INFO arx::units::node_transaction_unit: arx/src/units/node_transaction_unit.rs:65: Node transaction unit started
2025-10-29T16:34:36.887683Z  INFO arx::units::node_transaction_unit: arx/src/units/node_transaction_unit.rs:67: Activating node
2025-10-29T16:34:36.887848Z DEBUG arx::units::mxe_unit: arx/src/units/mxe_unit.rs:77: Running pub/sub for clusters accounts
2025-10-29T16:34:36.888654Z  INFO arx::units::online_phase_unit: arx/src/units/online_phase_unit.rs:152: Online phase unit started
2025-10-29T16:34:36.889922Z  INFO arx::units::peers_unit: arx/src/units/peers_unit.rs:76: Peers unit started
2025-10-29T16:34:36.890266Z  INFO arx: arx/src/main.rs:93: Coordinator created successfully
2025-10-29T16:34:36.890338Z  INFO arx::units::state_unit: arx/src/units/state_unit.rs:109: State unit started
2025-10-29T16:34:36.891173Z  INFO arx: arx/src/main.rs:102: Starting ARX coordinator
2025-10-29T16:34:36.891924Z  INFO arx::program: arx/src/program.rs:242: Pub/sub client started
2025-10-29T16:34:36.892395Z  INFO arx::program: arx/src/program.rs:244: Connecting initial pub/sub
2025-10-29T16:34:36.894097Z  INFO arx: arx/src/main.rs:105: Waiting for Ctrl+C
2025-10-29T16:34:36.894429Z  INFO arx::program: arx/src/program.rs:242: Pub/sub client started
2025-10-29T16:34:36.894464Z  INFO arx::program: arx/src/program.rs:244: Connecting initial pub/sub
2025-10-29T16:34:36.895390Z  INFO arx::coordinator: arx/src/coordinator.rs:198: Coordinator started
2025-10-29T16:34:36.896788Z  INFO arx::program: arx/src/program.rs:242: Pub/sub client started
2025-10-29T16:34:36.896854Z  INFO arx::program: arx/src/program.rs:244: Connecting initial pub/sub
2025-10-29T16:34:36.899038Z  INFO arx::program: arx/src/program.rs:242: Pub/sub client started
2025-10-29T16:34:36.899081Z  INFO arx::program: arx/src/program.rs:244: Connecting initial pub/sub
2025-10-29T16:34:36.911744Z  WARN arx::program: arx/src/program.rs:144: Attempt 1/5: Failed to fetch account ELoRR19zrps1G3UYKcAxr7LKbw3kbqkVUXVY9dETMWN7: Account not found
2025-10-29T16:34:36.921687Z  INFO arx::program: arx/src/program.rs:267: Fetching initial state for account: ELoRR19zrps1G3UYKcAxr7LKbw3kbqkVUXVY9dETMWN7
2025-10-29T16:34:36.934189Z  WARN arx::program: arx/src/program.rs:144: Attempt 1/5: Failed to fetch account ELoRR19zrps1G3UYKcAxr7LKbw3kbqkVUXVY9dETMWN7: Account not found
2025-10-29T16:34:37.921622Z  WARN arx::program: arx/src/program.rs:144: Attempt 2/5: Failed to fetch account ELoRR19zrps1G3UYKcAxr7LKbw3kbqkVUXVY9dETMWN7: Account not found
2025-10-29T16:34:37.938614Z  WARN arx::program: arx/src/program.rs:144: Attempt 2/5: Failed to fetch account ELoRR19zrps1G3UYKcAxr7LKbw3kbqkVUXVY9dETMWN7: Account not found
2025-10-29T16:34:39.930059Z  WARN arx::program: arx/src/program.rs:144: Attempt 3/5: Failed to fetch account ELoRR19zrps1G3UYKcAxr7LKbw3kbqkVUXVY9dETMWN7: Account not found
2025-10-29T16:34:39.945042Z  WARN arx::program: arx/src/program.rs:144: Attempt 3/5: Failed to fetch account ELoRR19zrps1G3UYKcAxr7LKbw3kbqkVUXVY9dETMWN7: Account not found
2025-10-29T16:34:43.940326Z  WARN arx::program: arx/src/program.rs:144: Attempt 4/5: Failed to fetch account ELoRR19zrps1G3UYKcAxr7LKbw3kbqkVUXVY9dETMWN7: Account not found
2025-10-29T16:34:43.948623Z  WARN arx::program: arx/src/program.rs:144: Attempt 4/5: Failed to fetch account ELoRR19zrps1G3UYKcAxr7LKbw3kbqkVUXVY9dETMWN7: Account not found
2025-10-29T16:34:51.969428Z  WARN arx::program: arx/src/program.rs:144: Attempt 5/5: Failed to fetch account ELoRR19zrps1G3UYKcAxr7LKbw3kbqkVUXVY9dETMWN7: Account not found
2025-10-29T16:34:51.973412Z  WARN arx::units::node_transaction_unit: arx/src/units/node_transaction_unit.rs:68: Attempt 1/5: RPC error while calling self.activate_node(): RPC error: Attempt 5/5: Failed to fetch account ELoRR19zrps1G3UYKcAxr7LKbw3kbqkVUXVY9dETMWN7: Account not found
2025-10-29T16:34:51.974131Z  WARN arx::program: arx/src/program.rs:144: Attempt 5/5: Failed to fetch account ELoRR19zrps1G3UYKcAxr7LKbw3kbqkVUXVY9dETMWN7: Account not found
2025-10-29T16:34:51.974623Z ERROR arx::program: arx/src/program.rs:276: Failed to fetch initial state for account ELoRR19zrps1G3UYKcAxr7LKbw3kbqkVUXVY9dETMWN7: RPC error: Attempt 5/5: Failed to fetch account ELoRR19zrps1G3UYKcAxr7LKbw3kbqkVUXVY9dETMWN7: Account not found
2025-10-29T16:34:51.974791Z  INFO arx::program: arx/src/program.rs:279: Subscribing to account: ELoRR19zrps1G3UYKcAxr7LKbw3kbqkVUXVY9dETMWN7
2025-10-29T16:34:52.981148Z  WARN arx::program: arx/src/program.rs:144: Attempt 1/5: Failed to fetch account ELoRR19zrps1G3UYKcAxr7LKbw3kbqkVUXVY9dETMWN7: Account not found
2025-10-29T16:34:53.985215Z  WARN arx::program: arx/src/program.rs:144: Attempt 2/5: Failed to fetch account ELoRR19zrps1G3UYKcAxr7LKbw3kbqkVUXVY9dETMWN7: Account not found
2025-10-29T16:34:55.989861Z  WARN arx::program: arx/src/program.rs:144: Attempt 3/5: Failed to fetch account ELoRR19zrps1G3UYKcAxr7LKbw3kbqkVUXVY9dETMWN7: Account not found
2025-10-29T16:34:59.998640Z  WARN arx::program: arx/src/program.rs:144: Attempt 4/5: Failed to fetch account ELoRR19zrps1G3UYKcAxr7LKbw3kbqkVUXVY9dETMWN7: Account not found
2025-10-29T16:35:08.007787Z  WARN arx::program: arx/src/program.rs:144: Attempt 5/5: Failed to fetch account ELoRR19zrps1G3UYKcAxr7LKbw3kbqkVUXVY9dETMWN7: Account not found
2025-10-29T16:35:08.009211Z  WARN arx::units::node_transaction_unit: arx/src/units/node_transaction_unit.rs:68: Attempt 2/5: RPC error while calling self.activate_node(): RPC error: Attempt 5/5: Failed to fetch account ELoRR19zrps1G3UYKcAxr7LKbw3kbqkVUXVY9dETMWN7: Account not found
2025-10-29T16:35:10.017612Z  WARN arx::program: arx/src/program.rs:144: Attempt 1/5: Failed to fetch account ELoRR19zrps1G3UYKcAxr7LKbw3kbqkVUXVY9dETMWN7: Account not found
2025-10-29T16:35:11.024637Z  WARN arx::program: arx/src/program.rs:144: Attempt 2/5: Failed to fetch account ELoRR19zrps1G3UYKcAxr7LKbw3kbqkVUXVY9dETMWN7: Account not found
2025-10-29T16:35:13.037553Z  WARN arx::program: arx/src/program.rs:144: Attempt 3/5: Failed to fetch account ELoRR19zrps1G3UYKcAxr7LKbw3kbqkVUXVY9dETMWN7: Account not found
2025-10-29T16:35:17.071625Z  WARN arx::program: arx/src/program.rs:144: Attempt 4/5: Failed to fetch account ELoRR19zrps1G3UYKcAxr7LKbw3kbqkVUXVY9dETMWN7: Account not found
2025-10-29T16:35:25.078849Z  WARN arx::program: arx/src/program.rs:144: Attempt 5/5: Failed to fetch account ELoRR19zrps1G3UYKcAxr7LKbw3kbqkVUXVY9dETMWN7: Account not found
2025-10-29T16:35:25.080365Z  WARN arx::units::node_transaction_unit: arx/src/units/node_transaction_unit.rs:68: Attempt 3/5: RPC error while calling self.activate_node(): RPC error: Attempt 5/5: Failed to fetch account ELoRR19zrps1G3UYKcAxr7LKbw3kbqkVUXVY9dETMWN7: Account not found
2025-10-29T16:35:29.086184Z  WARN arx::program: arx/src/program.rs:144: Attempt 1/5: Failed to fetch account ELoRR19zrps1G3UYKcAxr7LKbw3kbqkVUXVY9dETMWN7: Account not found
2025-10-29T16:35:30.091340Z  WARN arx::program: arx/src/program.rs:144: Attempt 2/5: Failed to fetch account ELoRR19zrps1G3UYKcAxr7LKbw3kbqkVUXVY9dETMWN7: Account not found
2025-10-29T16:35:32.098507Z  WARN arx::program: arx/src/program.rs:144: Attempt 3/5: Failed to fetch account ELoRR19zrps1G3UYKcAxr7LKbw3kbqkVUXVY9dETMWN7: Account not found
2025-10-29T16:35:36.102937Z  WARN arx::program: arx/src/program.rs:144: Attempt 4/5: Failed to fetch account ELoRR19zrps1G3UYKcAxr7LKbw3kbqkVUXVY9dETMWN7: Account not found
2025-10-29T16:35:44.109025Z  WARN arx::program: arx/src/program.rs:144: Attempt 5/5: Failed to fetch account ELoRR19zrps1G3UYKcAxr7LKbw3kbqkVUXVY9dETMWN7: Account not found
2025-10-29T16:35:44.109947Z  WARN arx::units::node_transaction_unit: arx/src/units/node_transaction_unit.rs:68: Attempt 4/5: RPC error while calling self.activate_node(): RPC error: Attempt 5/5: Failed to fetch account ELoRR19zrps1G3UYKcAxr7LKbw3kbqkVUXVY9dETMWN7: Account not found
2025-10-29T16:35:52.121083Z  WARN arx::program: arx/src/program.rs:144: Attempt 1/5: Failed to fetch account ELoRR19zrps1G3UYKcAxr7LKbw3kbqkVUXVY9dETMWN7: Account not found
2025-10-29T16:35:53.125952Z  WARN arx::program: arx/src/program.rs:144: Attempt 2/5: Failed to fetch account ELoRR19zrps1G3UYKcAxr7LKbw3kbqkVUXVY9dETMWN7: Account not found
2025-10-29T16:35:55.134272Z  WARN arx::program: arx/src/program.rs:144: Attempt 3/5: Failed to fetch account ELoRR19zrps1G3UYKcAxr7LKbw3kbqkVUXVY9dETMWN7: Account not found
2025-10-29T16:35:59.140676Z  WARN arx::program: arx/src/program.rs:144: Attempt 4/5: Failed to fetch account ELoRR19zrps1G3UYKcAxr7LKbw3kbqkVUXVY9dETMWN7: Account not found
2025-10-29T16:36:07.148575Z  WARN arx::program: arx/src/program.rs:144: Attempt 5/5: Failed to fetch account ELoRR19zrps1G3UYKcAxr7LKbw3kbqkVUXVY9dETMWN7: Account not found
2025-10-29T16:36:07.150557Z  WARN arx::units::node_transaction_unit: arx/src/units/node_transaction_unit.rs:68: Attempt 5/5: RPC error while calling self.activate_node(): RPC error: Attempt 5/5: Failed to fetch account ELoRR19zrps1G3UYKcAxr7LKbw3kbqkVUXVY9dETMWN7: Account not found
2025-10-29T16:36:07.152324Z ERROR arx::units::node_transaction_unit: arx/src/units/node_transaction_unit.rs:73: Failed to activate node: RPC error: Attempt 5/5: RPC error: Attempt 5/5: Failed to fetch account ELoRR19zrps1G3UYKcAxr7LKbw3kbqkVUXVY9dETMWN7: Account not found, shutting down
2025-10-29T16:36:07.154093Z ERROR arx::coordinator: arx/src/coordinator.rs:208: Activation unit channel dropped without activation
2025-10-29T16:36:07.154388Z  INFO arx::coordinator: arx/src/coordinator.rs:437: Coordinator stopped
2025-10-29T16:36:07.158629Z  INFO arx::units::cache_unit: arx/src/units/cache_unit.rs:94: Coordinator channel closed, shutting down
2025-10-29T16:36:07.159335Z  INFO arx::units::cache_unit: arx/src/units/cache_unit.rs:138: Cache unit stopped
2025-10-29T16:36:07.159857Z  INFO arx::units::circuit_unit: arx/src/units/circuit_unit.rs:113: Coordinator channel closed, shutting down
2025-10-29T16:36:07.160609Z  INFO arx::units::circuit_unit: arx/src/units/circuit_unit.rs:139: Circuit unit stopped
2025-10-29T16:36:07.161684Z  INFO arx::units::cluster_unit: arx/src/units/cluster_unit.rs:91: Coordinator channel closed, shutting down
2025-10-29T16:36:07.163210Z  INFO arx::units::cluster_unit: arx/src/units/cluster_unit.rs:121: Cluster unit stopped
2025-10-29T16:36:07.163802Z  INFO arx::units::computation_transaction_unit: arx/src/units/computation_transaction_unit.rs:95: Coordinator channel closed, shutting down
2025-10-29T16:36:07.163901Z  INFO arx::units::computation_transaction_unit: arx/src/units/computation_transaction_unit.rs:132: Computations transaction unit stopped
2025-10-29T16:36:07.164492Z  INFO arx::units::execpool_unit: arx/src/units/execpool_unit.rs:96: Coordinator channel closed, shutting down
2025-10-29T16:36:07.164606Z  INFO arx::units::execpool_unit: arx/src/units/execpool_unit.rs:164: Execpool unit stopped
2025-10-29T16:36:07.165437Z  INFO arx::units::computation_unit: arx/src/units/computation_unit.rs:80: Coordinator channel closed, shutting down
2025-10-29T16:36:07.165552Z  INFO arx: arx/src/main.rs:112: Shutdown channel closed, initiating shutdown
2025-10-29T16:36:07.166198Z  INFO arx::units::computation_unit: arx/src/units/computation_unit.rs:153: Computation unit stopped
2025-10-29T16:36:07.166718Z  INFO arx::units::mempool_unit: arx/src/units/mempool_unit.rs:93: Coordinator channel closed, shutting down
2025-10-29T16:36:07.166843Z  INFO arx::units::mempool_unit: arx/src/units/mempool_unit.rs:155: Mempool unit stopped
2025-10-29T16:36:07.168858Z  INFO arx::units::mxe_unit: arx/src/units/mxe_unit.rs:91: Coordinator channel closed, shutting down
2025-10-29T16:36:07.170312Z  INFO arx::units::mxe_unit: arx/src/units/mxe_unit.rs:149: MXE unit stopped
2025-10-29T16:36:07.171754Z  INFO arx::units::state_unit: arx/src/units/state_unit.rs:115: Coordinator channel closed, shutting down
2025-10-29T16:36:07.171873Z  INFO arx::units::state_unit: arx/src/units/state_unit.rs:149: State unit stopped
2025-10-29T16:36:07.172280Z  INFO arx::program: arx/src/program.rs:260: T channel closed, shutting down pub/sub
2025-10-29T16:36:07.172579Z  INFO arx: arx/src/main.rs:117: Coordinator completed successfully
2025-10-29T16:36:07.172671Z  INFO arx::program: arx/src/program.rs:260: T channel closed, shutting down pub/sub
2025-10-29T16:36:07.172922Z  INFO arx::program: arx/src/program.rs:365: Pub/sub client stopped
2025-10-29T16:36:07.174286Z  INFO arx::program: arx/src/program.rs:365: Pub/sub client stopped
2025-10-29T16:36:07.175538Z  INFO arx::units::peers_unit: arx/src/units/peers_unit.rs:82: Coordinator channel closed, shutting down
2025-10-29T16:36:07.176158Z  INFO arx::units::online_phase_unit: arx/src/units/online_phase_unit.rs:158: Coordinator channel closed, shutting down
2025-10-29T16:36:07.176221Z  INFO arx::units::peers_unit: arx/src/units/peers_unit.rs:105: Peers unit stopped
2025-10-29T16:36:07.177100Z  INFO arx::units::online_phase_unit: arx/src/units/online_phase_unit.rs:300: Waiting for computations to finish...
2025-10-29T16:36:07.177159Z  INFO arx::units::online_phase_unit: arx/src/units/online_phase_unit.rs:307: Online phase unit stopped
2025-10-29T16:36:07.178482Z  INFO arx::program: arx/src/program.rs:260: T channel closed, shutting down pub/sub
2025-10-29T16:36:07.179182Z  INFO arx::program: arx/src/program.rs:305: Account subscription channel closed, shutting down pub/sub
2025-10-29T16:36:07.179243Z  INFO arx::program: arx/src/program.rs:365: Pub/sub client stopped
2025-10-29T16:36:07.179274Z  INFO arx::program: arx/src/program.rs:365: Pub/sub client stopped
2025-10-29T16:36:07.188524Z  INFO network::router::network_router: /home/runner/.cargo/git/checkouts/async-mpc-1dbbf554a14e7a32/b307074/network/src/router/network_router.rs:323: Router dropped.    
2025-10-29T16:36:07.194736Z  WARN network::router::network_router: /home/runner/.cargo/git/checkouts/async-mpc-1dbbf554a14e7a32/b307074/network/src/router/network_router.rs:114: Router dropped.    
2025-10-29T16:36:07.197984Z  INFO arx: arx/src/main.rs:123: Unit completed successfully
2025-10-29T16:36:07.198051Z  INFO arx: arx/src/main.rs:123: Unit completed successfully
2025-10-29T16:36:07.198623Z  INFO arx: arx/src/main.rs:123: Unit completed successfully
2025-10-29T16:36:07.198674Z  INFO arx: arx/src/main.rs:123: Unit completed successfully
2025-10-29T16:36:07.198763Z  INFO arx: arx/src/main.rs:123: Unit completed successfully
2025-10-29T16:36:07.198797Z  INFO arx: arx/src/main.rs:123: Unit completed successfully
2025-10-29T16:36:07.198838Z  INFO arx: arx/src/main.rs:123: Unit completed successfully
2025-10-29T16:36:07.198874Z  INFO arx: arx/src/main.rs:123: Unit completed successfully
2025-10-29T16:36:07.198911Z  INFO arx: arx/src/main.rs:123: Unit completed successfully
2025-10-29T16:36:07.198951Z  INFO arx: arx/src/main.rs:123: Unit completed successfully
2025-10-29T16:36:07.198988Z  INFO arx: arx/src/main.rs:123: Unit completed successfully
2025-10-29T16:36:07.199021Z  INFO arx: arx/src/main.rs:123: Unit completed successfully
