2025-10-29T16:45:12.974265Z DEBUG arx: arx/src/main.rs:53: Checking Solana is up and running
2025-10-29T16:45:13.091598Z  INFO arx: arx/src/main.rs:58: Running ARX
2025-10-29T16:45:13.091843Z DEBUG arx: arx/src/main.rs:60: Reading node keypair, callback authority keypair, and identity files from env
2025-10-29T16:45:13.092036Z DEBUG arx: arx/src/main.rs:68: Reading node keypair, callback authority keypair, and identity files
2025-10-29T16:45:13.100717Z DEBUG arx: arx/src/main.rs:78: Installing AWS LC crypto provider
2025-10-29T16:45:13.100852Z  INFO arx: arx/src/main.rs:83: Creating ARX coordinator
2025-10-29T16:45:13.420423Z  INFO arx::units::cache_unit: arx/src/units/cache_unit.rs:88: Cache unit started
2025-10-29T16:45:13.421267Z  INFO arx::units::circuit_unit: arx/src/units/circuit_unit.rs:107: Circuit unit started
2025-10-29T16:45:13.424928Z  INFO arx::units::cluster_unit: arx/src/units/cluster_unit.rs:66: Cluster unit started
2025-10-29T16:45:13.425442Z DEBUG arx::units::cluster_unit: arx/src/units/cluster_unit.rs:68: Running pub/sub for arx node account
2025-10-29T16:45:13.426895Z  INFO arx::units::computation_transaction_unit: arx/src/units/computation_transaction_unit.rs:89: Computation transaction unit started
2025-10-29T16:45:13.428755Z  INFO arx::units::execpool_unit: arx/src/units/execpool_unit.rs:80: Execpool unit started
2025-10-29T16:45:13.428815Z DEBUG arx::units::execpool_unit: arx/src/units/execpool_unit.rs:82: Running pub/sub for mempools accounts
2025-10-29T16:45:13.430871Z DEBUG arx::units::cluster_unit: arx/src/units/cluster_unit.rs:78: Subscribing to arx node account
2025-10-29T16:45:13.430995Z  INFO arx::units::computation_unit: arx/src/units/computation_unit.rs:74: Inputs unit started
2025-10-29T16:45:13.432609Z  INFO arx::units::mempool_unit: arx/src/units/mempool_unit.rs:77: Mempool unit started
2025-10-29T16:45:13.432665Z DEBUG arx::units::mempool_unit: arx/src/units/mempool_unit.rs:79: Running pub/sub for mempools accounts
2025-10-29T16:45:13.435313Z  INFO arx::units::mxe_unit: arx/src/units/mxe_unit.rs:75: MXE unit started
2025-10-29T16:45:13.435928Z  INFO arx::units::node_transaction_unit: arx/src/units/node_transaction_unit.rs:65: Node transaction unit started
2025-10-29T16:45:13.435966Z DEBUG arx::units::mxe_unit: arx/src/units/mxe_unit.rs:77: Running pub/sub for clusters accounts
2025-10-29T16:45:13.435970Z  INFO arx::units::node_transaction_unit: arx/src/units/node_transaction_unit.rs:67: Activating node
2025-10-29T16:45:13.437263Z  INFO arx::units::online_phase_unit: arx/src/units/online_phase_unit.rs:152: Online phase unit started
2025-10-29T16:45:13.439194Z  INFO arx::units::peers_unit: arx/src/units/peers_unit.rs:76: Peers unit started
2025-10-29T16:45:13.439589Z  INFO arx: arx/src/main.rs:93: Coordinator created successfully
2025-10-29T16:45:13.439657Z  INFO arx::units::state_unit: arx/src/units/state_unit.rs:109: State unit started
2025-10-29T16:45:13.440822Z  INFO arx: arx/src/main.rs:102: Starting ARX coordinator
2025-10-29T16:45:13.441483Z  INFO arx::program: arx/src/program.rs:242: Pub/sub client started
2025-10-29T16:45:13.442095Z  INFO arx::program: arx/src/program.rs:244: Connecting initial pub/sub
2025-10-29T16:45:13.443681Z  INFO arx: arx/src/main.rs:105: Waiting for Ctrl+C
2025-10-29T16:45:13.443866Z  INFO arx::program: arx/src/program.rs:242: Pub/sub client started
2025-10-29T16:45:13.443903Z  INFO arx::program: arx/src/program.rs:244: Connecting initial pub/sub
2025-10-29T16:45:13.445188Z  INFO arx::coordinator: arx/src/coordinator.rs:198: Coordinator started
2025-10-29T16:45:13.446268Z  INFO arx::program: arx/src/program.rs:242: Pub/sub client started
2025-10-29T16:45:13.446365Z  INFO arx::program: arx/src/program.rs:244: Connecting initial pub/sub
2025-10-29T16:45:13.449052Z  INFO arx::program: arx/src/program.rs:242: Pub/sub client started
2025-10-29T16:45:13.449092Z  INFO arx::program: arx/src/program.rs:244: Connecting initial pub/sub
2025-10-29T16:45:13.470014Z  WARN arx::program: arx/src/program.rs:144: Attempt 1/5: Failed to fetch account XdfSwb8ZajhN7CerfBSJVhyfx5fyLtv34QVKSRgMFA9: Account not found
2025-10-29T16:45:13.479224Z  INFO arx::program: arx/src/program.rs:267: Fetching initial state for account: XdfSwb8ZajhN7CerfBSJVhyfx5fyLtv34QVKSRgMFA9
2025-10-29T16:45:13.481358Z  WARN arx::program: arx/src/program.rs:144: Attempt 1/5: Failed to fetch account XdfSwb8ZajhN7CerfBSJVhyfx5fyLtv34QVKSRgMFA9: Account not found
2025-10-29T16:45:14.479862Z  WARN arx::program: arx/src/program.rs:144: Attempt 2/5: Failed to fetch account XdfSwb8ZajhN7CerfBSJVhyfx5fyLtv34QVKSRgMFA9: Account not found
2025-10-29T16:45:14.484506Z  WARN arx::program: arx/src/program.rs:144: Attempt 2/5: Failed to fetch account XdfSwb8ZajhN7CerfBSJVhyfx5fyLtv34QVKSRgMFA9: Account not found
2025-10-29T16:45:16.483633Z  WARN arx::program: arx/src/program.rs:144: Attempt 3/5: Failed to fetch account XdfSwb8ZajhN7CerfBSJVhyfx5fyLtv34QVKSRgMFA9: Account not found
2025-10-29T16:45:16.489247Z  WARN arx::program: arx/src/program.rs:144: Attempt 3/5: Failed to fetch account XdfSwb8ZajhN7CerfBSJVhyfx5fyLtv34QVKSRgMFA9: Account not found
2025-10-29T16:45:20.487132Z  WARN arx::program: arx/src/program.rs:144: Attempt 4/5: Failed to fetch account XdfSwb8ZajhN7CerfBSJVhyfx5fyLtv34QVKSRgMFA9: Account not found
2025-10-29T16:45:20.491593Z  WARN arx::program: arx/src/program.rs:144: Attempt 4/5: Failed to fetch account XdfSwb8ZajhN7CerfBSJVhyfx5fyLtv34QVKSRgMFA9: Account not found
2025-10-29T16:45:28.492323Z  WARN arx::program: arx/src/program.rs:144: Attempt 5/5: Failed to fetch account XdfSwb8ZajhN7CerfBSJVhyfx5fyLtv34QVKSRgMFA9: Account not found
2025-10-29T16:45:28.493776Z  WARN arx::units::node_transaction_unit: arx/src/units/node_transaction_unit.rs:68: Attempt 1/5: RPC error while calling self.activate_node(): RPC error: Attempt 5/5: Failed to fetch account XdfSwb8ZajhN7CerfBSJVhyfx5fyLtv34QVKSRgMFA9: Account not found
2025-10-29T16:45:28.495362Z  WARN arx::program: arx/src/program.rs:144: Attempt 5/5: Failed to fetch account XdfSwb8ZajhN7CerfBSJVhyfx5fyLtv34QVKSRgMFA9: Account not found
2025-10-29T16:45:28.495872Z ERROR arx::program: arx/src/program.rs:276: Failed to fetch initial state for account XdfSwb8ZajhN7CerfBSJVhyfx5fyLtv34QVKSRgMFA9: RPC error: Attempt 5/5: Failed to fetch account XdfSwb8ZajhN7CerfBSJVhyfx5fyLtv34QVKSRgMFA9: Account not found
2025-10-29T16:45:28.496042Z  INFO arx::program: arx/src/program.rs:279: Subscribing to account: XdfSwb8ZajhN7CerfBSJVhyfx5fyLtv34QVKSRgMFA9
2025-10-29T16:45:29.498379Z  WARN arx::program: arx/src/program.rs:144: Attempt 1/5: Failed to fetch account XdfSwb8ZajhN7CerfBSJVhyfx5fyLtv34QVKSRgMFA9: Account not found
2025-10-29T16:45:30.508756Z  WARN arx::program: arx/src/program.rs:144: Attempt 2/5: Failed to fetch account XdfSwb8ZajhN7CerfBSJVhyfx5fyLtv34QVKSRgMFA9: Account not found
2025-10-29T16:45:32.514865Z  WARN arx::program: arx/src/program.rs:144: Attempt 3/5: Failed to fetch account XdfSwb8ZajhN7CerfBSJVhyfx5fyLtv34QVKSRgMFA9: Account not found
2025-10-29T16:45:36.523983Z  WARN arx::program: arx/src/program.rs:144: Attempt 4/5: Failed to fetch account XdfSwb8ZajhN7CerfBSJVhyfx5fyLtv34QVKSRgMFA9: Account not found
2025-10-29T16:45:44.533526Z  WARN arx::program: arx/src/program.rs:144: Attempt 5/5: Failed to fetch account XdfSwb8ZajhN7CerfBSJVhyfx5fyLtv34QVKSRgMFA9: Account not found
2025-10-29T16:45:44.533979Z  WARN arx::units::node_transaction_unit: arx/src/units/node_transaction_unit.rs:68: Attempt 2/5: RPC error while calling self.activate_node(): RPC error: Attempt 5/5: Failed to fetch account XdfSwb8ZajhN7CerfBSJVhyfx5fyLtv34QVKSRgMFA9: Account not found
2025-10-29T16:45:46.545123Z  WARN arx::program: arx/src/program.rs:144: Attempt 1/5: Failed to fetch account XdfSwb8ZajhN7CerfBSJVhyfx5fyLtv34QVKSRgMFA9: Account not found
2025-10-29T16:45:47.549143Z  WARN arx::program: arx/src/program.rs:144: Attempt 2/5: Failed to fetch account XdfSwb8ZajhN7CerfBSJVhyfx5fyLtv34QVKSRgMFA9: Account not found
2025-10-29T16:45:49.554352Z  WARN arx::program: arx/src/program.rs:144: Attempt 3/5: Failed to fetch account XdfSwb8ZajhN7CerfBSJVhyfx5fyLtv34QVKSRgMFA9: Account not found
2025-10-29T16:45:53.559604Z  WARN arx::program: arx/src/program.rs:144: Attempt 4/5: Failed to fetch account XdfSwb8ZajhN7CerfBSJVhyfx5fyLtv34QVKSRgMFA9: Account not found
2025-10-29T16:46:01.566514Z  WARN arx::program: arx/src/program.rs:144: Attempt 5/5: Failed to fetch account XdfSwb8ZajhN7CerfBSJVhyfx5fyLtv34QVKSRgMFA9: Account not found
2025-10-29T16:46:01.569611Z  WARN arx::units::node_transaction_unit: arx/src/units/node_transaction_unit.rs:68: Attempt 3/5: RPC error while calling self.activate_node(): RPC error: Attempt 5/5: Failed to fetch account XdfSwb8ZajhN7CerfBSJVhyfx5fyLtv34QVKSRgMFA9: Account not found
2025-10-29T16:46:05.579180Z  WARN arx::program: arx/src/program.rs:144: Attempt 1/5: Failed to fetch account XdfSwb8ZajhN7CerfBSJVhyfx5fyLtv34QVKSRgMFA9: Account not found
2025-10-29T16:46:06.586358Z  WARN arx::program: arx/src/program.rs:144: Attempt 2/5: Failed to fetch account XdfSwb8ZajhN7CerfBSJVhyfx5fyLtv34QVKSRgMFA9: Account not found
2025-10-29T16:46:08.594968Z  WARN arx::program: arx/src/program.rs:144: Attempt 3/5: Failed to fetch account XdfSwb8ZajhN7CerfBSJVhyfx5fyLtv34QVKSRgMFA9: Account not found
2025-10-29T16:46:12.603458Z  WARN arx::program: arx/src/program.rs:144: Attempt 4/5: Failed to fetch account XdfSwb8ZajhN7CerfBSJVhyfx5fyLtv34QVKSRgMFA9: Account not found
2025-10-29T16:46:20.614718Z  WARN arx::program: arx/src/program.rs:144: Attempt 5/5: Failed to fetch account XdfSwb8ZajhN7CerfBSJVhyfx5fyLtv34QVKSRgMFA9: Account not found
2025-10-29T16:46:20.615832Z  WARN arx::units::node_transaction_unit: arx/src/units/node_transaction_unit.rs:68: Attempt 4/5: RPC error while calling self.activate_node(): RPC error: Attempt 5/5: Failed to fetch account XdfSwb8ZajhN7CerfBSJVhyfx5fyLtv34QVKSRgMFA9: Account not found
2025-10-29T16:46:28.629974Z  WARN arx::program: arx/src/program.rs:144: Attempt 1/5: Failed to fetch account XdfSwb8ZajhN7CerfBSJVhyfx5fyLtv34QVKSRgMFA9: Account not found
2025-10-29T16:46:29.637257Z  WARN arx::program: arx/src/program.rs:144: Attempt 2/5: Failed to fetch account XdfSwb8ZajhN7CerfBSJVhyfx5fyLtv34QVKSRgMFA9: Account not found
2025-10-29T16:46:31.643057Z  WARN arx::program: arx/src/program.rs:144: Attempt 3/5: Failed to fetch account XdfSwb8ZajhN7CerfBSJVhyfx5fyLtv34QVKSRgMFA9: Account not found
2025-10-29T16:46:35.658777Z  WARN arx::program: arx/src/program.rs:144: Attempt 4/5: Failed to fetch account XdfSwb8ZajhN7CerfBSJVhyfx5fyLtv34QVKSRgMFA9: Account not found
2025-10-29T16:46:43.667357Z  WARN arx::program: arx/src/program.rs:144: Attempt 5/5: Failed to fetch account XdfSwb8ZajhN7CerfBSJVhyfx5fyLtv34QVKSRgMFA9: Account not found
2025-10-29T16:46:43.668383Z  WARN arx::units::node_transaction_unit: arx/src/units/node_transaction_unit.rs:68: Attempt 5/5: RPC error while calling self.activate_node(): RPC error: Attempt 5/5: Failed to fetch account XdfSwb8ZajhN7CerfBSJVhyfx5fyLtv34QVKSRgMFA9: Account not found
2025-10-29T16:46:43.669215Z ERROR arx::units::node_transaction_unit: arx/src/units/node_transaction_unit.rs:73: Failed to activate node: RPC error: Attempt 5/5: RPC error: Attempt 5/5: Failed to fetch account XdfSwb8ZajhN7CerfBSJVhyfx5fyLtv34QVKSRgMFA9: Account not found, shutting down
2025-10-29T16:46:43.671095Z ERROR arx::coordinator: arx/src/coordinator.rs:208: Activation unit channel dropped without activation
2025-10-29T16:46:43.671357Z  INFO arx::coordinator: arx/src/coordinator.rs:437: Coordinator stopped
2025-10-29T16:46:43.678716Z  INFO arx::units::cache_unit: arx/src/units/cache_unit.rs:94: Coordinator channel closed, shutting down
2025-10-29T16:46:43.678963Z  INFO arx::units::circuit_unit: arx/src/units/circuit_unit.rs:113: Coordinator channel closed, shutting down
2025-10-29T16:46:43.679822Z  INFO arx::units::cache_unit: arx/src/units/cache_unit.rs:138: Cache unit stopped
2025-10-29T16:46:43.680827Z  INFO arx::units::circuit_unit: arx/src/units/circuit_unit.rs:139: Circuit unit stopped
2025-10-29T16:46:43.682004Z  INFO arx::units::cluster_unit: arx/src/units/cluster_unit.rs:91: Coordinator channel closed, shutting down
2025-10-29T16:46:43.683389Z  INFO arx::units::cluster_unit: arx/src/units/cluster_unit.rs:121: Cluster unit stopped
2025-10-29T16:46:43.684105Z  INFO arx::units::computation_transaction_unit: arx/src/units/computation_transaction_unit.rs:95: Coordinator channel closed, shutting down
2025-10-29T16:46:43.684224Z  INFO arx::units::computation_transaction_unit: arx/src/units/computation_transaction_unit.rs:132: Computations transaction unit stopped
2025-10-29T16:46:43.685310Z  INFO arx::units::execpool_unit: arx/src/units/execpool_unit.rs:96: Coordinator channel closed, shutting down
2025-10-29T16:46:43.685593Z  INFO arx::units::execpool_unit: arx/src/units/execpool_unit.rs:164: Execpool unit stopped
2025-10-29T16:46:43.686090Z  INFO arx::units::computation_unit: arx/src/units/computation_unit.rs:80: Coordinator channel closed, shutting down
2025-10-29T16:46:43.686621Z  INFO arx: arx/src/main.rs:112: Shutdown channel closed, initiating shutdown
2025-10-29T16:46:43.687248Z  INFO arx::units::computation_unit: arx/src/units/computation_unit.rs:153: Computation unit stopped
2025-10-29T16:46:43.687706Z  INFO arx::units::mempool_unit: arx/src/units/mempool_unit.rs:93: Coordinator channel closed, shutting down
2025-10-29T16:46:43.687918Z  INFO arx::units::mempool_unit: arx/src/units/mempool_unit.rs:155: Mempool unit stopped
2025-10-29T16:46:43.691269Z  INFO arx::units::online_phase_unit: arx/src/units/online_phase_unit.rs:158: Coordinator channel closed, shutting down
2025-10-29T16:46:43.691780Z  INFO arx::units::state_unit: arx/src/units/state_unit.rs:115: Coordinator channel closed, shutting down
2025-10-29T16:46:43.693194Z  INFO arx::units::state_unit: arx/src/units/state_unit.rs:149: State unit stopped
2025-10-29T16:46:43.692530Z  INFO arx: arx/src/main.rs:117: Coordinator completed successfully
2025-10-29T16:46:43.693362Z  INFO arx::units::online_phase_unit: arx/src/units/online_phase_unit.rs:300: Waiting for computations to finish...
2025-10-29T16:46:43.693439Z  INFO arx::units::online_phase_unit: arx/src/units/online_phase_unit.rs:307: Online phase unit stopped
2025-10-29T16:46:43.693397Z  INFO arx::program: arx/src/program.rs:305: Account subscription channel closed, shutting down pub/sub
2025-10-29T16:46:43.694411Z  INFO arx::program: arx/src/program.rs:365: Pub/sub client stopped
2025-10-29T16:46:43.694496Z  INFO arx::units::peers_unit: arx/src/units/peers_unit.rs:82: Coordinator channel closed, shutting down
2025-10-29T16:46:43.694970Z  INFO arx::program: arx/src/program.rs:260: T channel closed, shutting down pub/sub
2025-10-29T16:46:43.695579Z  INFO arx::units::peers_unit: arx/src/units/peers_unit.rs:105: Peers unit stopped
2025-10-29T16:46:43.696058Z  INFO arx::program: arx/src/program.rs:305: Account subscription channel closed, shutting down pub/sub
2025-10-29T16:46:43.696142Z  INFO arx::program: arx/src/program.rs:365: Pub/sub client stopped
2025-10-29T16:46:43.696226Z  INFO arx::program: arx/src/program.rs:365: Pub/sub client stopped
2025-10-29T16:46:43.697725Z  INFO arx::units::mxe_unit: arx/src/units/mxe_unit.rs:91: Coordinator channel closed, shutting down
2025-10-29T16:46:43.698790Z  INFO arx::units::mxe_unit: arx/src/units/mxe_unit.rs:149: MXE unit stopped
2025-10-29T16:46:43.704152Z  INFO arx::program: arx/src/program.rs:305: Account subscription channel closed, shutting down pub/sub
2025-10-29T16:46:43.705131Z  INFO arx::program: arx/src/program.rs:365: Pub/sub client stopped
2025-10-29T16:46:43.704380Z  INFO network::router::network_router: /home/runner/.cargo/git/checkouts/async-mpc-1dbbf554a14e7a32/b307074/network/src/router/network_router.rs:323: Router dropped.    
2025-10-29T16:46:43.713462Z  WARN network::router::network_router: /home/runner/.cargo/git/checkouts/async-mpc-1dbbf554a14e7a32/b307074/network/src/router/network_router.rs:114: Router dropped.    
2025-10-29T16:46:43.718450Z  INFO arx: arx/src/main.rs:123: Unit completed successfully
2025-10-29T16:46:43.718499Z  INFO arx: arx/src/main.rs:123: Unit completed successfully
2025-10-29T16:46:43.718521Z  INFO arx: arx/src/main.rs:123: Unit completed successfully
2025-10-29T16:46:43.718547Z  INFO arx: arx/src/main.rs:123: Unit completed successfully
2025-10-29T16:46:43.718661Z  INFO arx: arx/src/main.rs:123: Unit completed successfully
2025-10-29T16:46:43.718687Z  INFO arx: arx/src/main.rs:123: Unit completed successfully
2025-10-29T16:46:43.719268Z  INFO arx: arx/src/main.rs:123: Unit completed successfully
2025-10-29T16:46:43.719285Z  INFO arx: arx/src/main.rs:123: Unit completed successfully
2025-10-29T16:46:43.719320Z  INFO arx: arx/src/main.rs:123: Unit completed successfully
2025-10-29T16:46:43.719335Z  INFO arx: arx/src/main.rs:123: Unit completed successfully
2025-10-29T16:46:43.719353Z  INFO arx: arx/src/main.rs:123: Unit completed successfully
2025-10-29T16:46:43.719373Z  INFO arx: arx/src/main.rs:123: Unit completed successfully
